#
# A fatal error has been detected by the Java Runtime Environment:
#
#  SIGSEGV (0xb) at pc=0x00007fc5c05f7b91, pid=8639, tid=8652
#
# JRE version: OpenJDK Runtime Environment (11.0.6+10) (build 11.0.6+10-post-Ubuntu-1ubuntu118.04.1)
# Java VM: OpenJDK 64-Bit Server VM (11.0.6+10-post-Ubuntu-1ubuntu118.04.1, mixed mode, sharing, tiered, compressed oops, g1 gc, linux-amd64)
# Problematic frame:
# V  [libjvm.so+0xb32b91]
#
# Core dump will be written. Default location: Core dumps may be processed with "/usr/share/apport/apport %p %s %c %d %P %E" (or dumping to /home/fede/eclipse-workspace/practica-prog-3/core.8639)
#
# If you would like to submit a bug report, please visit:
#   https://bugs.launchpad.net/ubuntu/+source/openjdk-lts
#

---------------  S U M M A R Y ------------

Command Line: -agentlib:jdwp=transport=dt_socket,suspend=y,address=localhost:46577 -javaagent:/home/fede/.eclipse/360744286_linux_gtk_x86_64/configuration/org.eclipse.osgi/222/0/.cp/lib/javaagent-shaded.jar -Dfile.encoding=UTF-8 --module-path=/home/fede/eclipse-workspace/practica-prog-3/bin -Djdk.module.main=clase1 clase1/clase1.main

Host: Intel(R) Core(TM) i3-7100U CPU @ 2.40GHz, 4 cores, 15G, Ubuntu 18.04.3 LTS
Time: Sat Apr 18 16:16:04 2020 -03 elapsed time: 562 seconds (0d 0h 9m 22s)

---------------  T H R E A D  ---------------

Current thread (0x00007fc5b820e000):  VMThread "VM Thread" [stack: 0x00007fc59401a000,0x00007fc59411a000] [id=8652]

Stack: [0x00007fc59401a000,0x00007fc59411a000],  sp=0x00007fc594118838,  free space=1018k
Native frames: (J=compiled Java code, A=aot compiled Java code, j=interpreted, Vv=VM code, C=native code)
V  [libjvm.so+0xb32b91]
V  [libjvm.so+0xb328b7]
V  [libjvm.so+0x9ebe1f]
V  [libjvm.so+0xdfa5c8]
V  [libjvm.so+0xdf7db6]
V  [libjvm.so+0xdf82c0]
V  [libjvm.so+0xdf8743]
V  [libjvm.so+0xd7f20a]
V  [libjvm.so+0xbcf1fe]


siginfo: si_signo: 11 (SIGSEGV), si_code: 128 (SI_KERNEL), si_addr: 0x0000000000000000

Register to memory mapping:

RAX=0x33f000007fc5c061 is an unknown value
RBX=0x00007fc560164a00 points into unknown readable memory: 00 68 01 b8 c5 7f 00 00
RCX=0x0000000000000240 is an unknown value
RDX=0x00007fc5c0e60260: <offset 0x000000000139b260> in /usr/lib/jvm/java-11-openjdk-amd64/lib/server/libjvm.so at 0x00007fc5bfac5000
RSP=0x00007fc594118838 points into unknown readable memory: e3 26 84 c0 c5 7f 00 00
RBP=0x00007fc594118890 points into unknown readable memory: b0 88 11 94 c5 7f 00 00
RSI=0x0000000000000001 is an unknown value
RDI=0x00007fc58dc5a510 is pointing into metadata
R8 =0x000000000000139c is an unknown value
R9 =0x00007fc594118a30 points into unknown readable memory: 9c 13 00 00 00 00 00 00
R10=0x00007fc5941189f0 points into unknown readable memory: 01 00 00 00 00 00 00 00
R11=0x0 is NULL
R12=0x00007fc5b8016800 is a thread
R13=0x00007fc5c05f7b80: <offset 0x0000000000b32b80> in /usr/lib/jvm/java-11-openjdk-amd64/lib/server/libjvm.so at 0x00007fc5bfac5000
R14=0x0000000000000008 is an unknown value
R15=0x0000000000000001 is an unknown value


Registers:
RAX=0x33f000007fc5c061, RBX=0x00007fc560164a00, RCX=0x0000000000000240, RDX=0x00007fc5c0e60260
RSP=0x00007fc594118838, RBP=0x00007fc594118890, RSI=0x0000000000000001, RDI=0x00007fc58dc5a510
R8 =0x000000000000139c, R9 =0x00007fc594118a30, R10=0x00007fc5941189f0, R11=0x0000000000000000
R12=0x00007fc5b8016800, R13=0x00007fc5c05f7b80, R14=0x0000000000000008, R15=0x0000000000000001
RIP=0x00007fc5c05f7b91, EFLAGS=0x0000000000010202, CSGSFS=0x002b000000000033, ERR=0x0000000000000000
  TRAPNO=0x000000000000000d

Top of Stack: (sp=0x00007fc594118838)
0x00007fc594118838:   00007fc5c08426e3 00007fc560164a60
0x00007fc594118848:   0000000000000240 00007fc5c0db04e8
0x00007fc594118858:   00007fc5c05f7b80 0000000200000001
0x00007fc594118868:   0000000000000001 00007fc58c1ff8d0 

Instructions: (pc=0x00007fc5c05f7b91)
0x00007fc5c05f7a91:   48 c7 80 08 02 00 00 00 00 00 00 48 c7 80 10 02
0x00007fc5c05f7aa1:   00 00 00 00 00 00 5d c3 90 66 0f 1f 44 00 00 55
0x00007fc5c05f7ab1:   48 89 e5 53 48 89 fb 48 83 ec 08 48 8b 05 65 36
0x00007fc5c05f7ac1:   8c 00 48 85 c0 74 3d 48 8b 90 00 02 00 00 48 8d
0x00007fc5c05f7ad1:   88 00 02 00 00 48 39 ca 74 15 48 89 1a 48 83 80
0x00007fc5c05f7ae1:   00 02 00 00 08 48 83 c4 08 5b 5d c3 0f 1f 00 48
0x00007fc5c05f7af1:   8b 15 41 36 8c 00 48 89 05 3a 36 8c 00 48 89 90
0x00007fc5c05f7b01:   08 02 00 00 48 8b 05 24 36 8c 00 48 85 c0 74 1f
0x00007fc5c05f7b11:   48 8b 90 10 02 00 00 48 89 15 11 36 8c 00 48 8b
0x00007fc5c05f7b21:   90 00 02 00 00 48 89 05 fb 35 8c 00 eb ac 90 31
0x00007fc5c05f7b31:   d2 be 07 00 00 00 bf 18 02 00 00 e8 ff fe 88 ff
0x00007fc5c05f7b41:   48 85 c0 74 2a 48 89 c2 48 89 80 00 02 00 00 48
0x00007fc5c05f7b51:   c7 80 08 02 00 00 00 00 00 00 48 c7 80 10 02 00
0x00007fc5c05f7b61:   00 00 00 00 00 eb be 0f 1f 84 00 00 00 00 00 48
0x00007fc5c05f7b71:   8b 14 25 00 02 00 00 eb ac 66 0f 1f 44 00 00 55
0x00007fc5c05f7b81:   48 8b 07 be 01 00 00 00 48 89 e5 5d 48 8b 40 68
0x00007fc5c05f7b91:   ff e0 66 2e 0f 1f 84 00 00 00 00 00 0f 1f 00 48
0x00007fc5c05f7ba1:   8d 15 e9 88 86 00 48 8b 0d c2 35 8c 00 48 8d 05
0x00007fc5c05f7bb1:   f3 88 86 00 55 48 8b 32 48 8d 54 39 ff 48 f7 d9
0x00007fc5c05f7bc1:   48 8b 00 48 89 e5 48 21 ca 48 39 d0 73 0a 48 01
0x00007fc5c05f7bd1:   d0 48 39 d6 48 0f 43 c6 5d c3 90 0f 1f 40 00 55
0x00007fc5c05f7be1:   48 8b 05 e0 35 8c 00 48 89 e5 5d c3 90 66 90 4c
0x00007fc5c05f7bf1:   8b 05 d1 35 8c 00 55 48 89 e5 4c 01 c7 73 0a 48
0x00007fc5c05f7c01:   8b 3d 69 35 8c 00 48 f7 df 48 8d 05 cf 88 86 00
0x00007fc5c05f7c11:   48 39 38 73 12 48 85 c9 74 03 c6 01 00 31 c0 5d
0x00007fc5c05f7c21:   c3 66 0f 1f 44 00 00 48 85 c9 74 03 c6 01 01 48
0x00007fc5c05f7c31:   8d 0d 91 35 8c 00 4c 89 c0 f0 48 0f b1 39 49 39
0x00007fc5c05f7c41:   c0 75 da 48 85 f6 74 03 48 89 3e 48 85 d2 b8 01
0x00007fc5c05f7c51:   00 00 00 74 ca 4c 89 02 5d c3 90 0f 1f 40 00 55
0x00007fc5c05f7c61:   48 89 f8 48 8d 15 5d 35 8c 00 48 f7 d8 48 89 e5
0x00007fc5c05f7c71:   f0 48 0f c1 02 48 29 f8 5d c3 90 0f 1f 40 00 48
0x00007fc5c05f7c81:   8d 05 59 88 86 00 55 48 89 e5 48 8b 00 5d 48 89 


Stack slot to memory mapping:
stack at sp + 0 slots: 0x00007fc5c08426e3: <offset 0x0000000000d7d6e3> in /usr/lib/jvm/java-11-openjdk-amd64/lib/server/libjvm.so at 0x00007fc5bfac5000
stack at sp + 1 slots: 0x00007fc560164a60 points into unknown readable memory: 00 00 00 00 00 00 00 00
stack at sp + 2 slots: 0x0000000000000240 is an unknown value
stack at sp + 3 slots: 0x00007fc5c0db04e8: <offset 0x00000000012eb4e8> in /usr/lib/jvm/java-11-openjdk-amd64/lib/server/libjvm.so at 0x00007fc5bfac5000
stack at sp + 4 slots: 0x00007fc5c05f7b80: <offset 0x0000000000b32b80> in /usr/lib/jvm/java-11-openjdk-amd64/lib/server/libjvm.so at 0x00007fc5bfac5000
stack at sp + 5 slots: 0x0000000200000001 is an unknown value
stack at sp + 6 slots: 0x0000000000000001 is an unknown value
stack at sp + 7 slots: 0x00007fc58c1ff8d0 is pointing into the stack for thread: 0x00007fc5b82c3800

VM_Operation (0x00007fc58c1ff8d0): RedefineClasses, mode: safepoint, requested by thread 0x00007fc5b82c3800


---------------  P R O C E S S  ---------------

Threads class SMR info:
_java_thread_list=0x00007fc5601649d0, length=12, elements={
0x00007fc5b8016800, 0x00007fc5b8211000, 0x00007fc5b8213000, 0x00007fc5b821a000,
0x00007fc5b821c000, 0x00007fc5b821e800, 0x00007fc5b8220800, 0x00007fc5b8273800,
0x00007fc5b82c3800, 0x00007fc5b82c7000, 0x00007fc554001800, 0x00007fc5b832e800
}

Java Threads: ( => current thread )
  0x00007fc5b8016800 JavaThread "main" [_thread_blocked, id=8645, stack(0x00007fc5c1c36000,0x00007fc5c1d37000)]
  0x00007fc5b8211000 JavaThread "Reference Handler" daemon [_thread_blocked, id=8653, stack(0x00007fc58d6ff000,0x00007fc58d800000)]
  0x00007fc5b8213000 JavaThread "Finalizer" daemon [_thread_blocked, id=8654, stack(0x00007fc58d5fe000,0x00007fc58d6ff000)]
  0x00007fc5b821a000 JavaThread "Signal Dispatcher" daemon [_thread_blocked, id=8655, stack(0x00007fc58cb2e000,0x00007fc58cc2f000)]
  0x00007fc5b821c000 JavaThread "C2 CompilerThread0" daemon [_thread_blocked, id=8656, stack(0x00007fc58ca2d000,0x00007fc58cb2e000)]
  0x00007fc5b821e800 JavaThread "C1 CompilerThread0" daemon [_thread_blocked, id=8657, stack(0x00007fc58c92c000,0x00007fc58ca2d000)]
  0x00007fc5b8220800 JavaThread "Sweeper thread" daemon [_thread_blocked, id=8658, stack(0x00007fc58c82b000,0x00007fc58c92c000)]
  0x00007fc5b8273800 JavaThread "Common-Cleaner" daemon [_thread_blocked, id=8660, stack(0x00007fc58c302000,0x00007fc58c403000)]
  0x00007fc5b82c3800 JavaThread "JDWP Transport Listener: dt_socket" daemon [_thread_blocked, id=8664, stack(0x00007fc58c100000,0x00007fc58c201000)]
  0x00007fc5b82c7000 JavaThread "JDWP Event Helper Thread" daemon [_thread_blocked, id=8666, stack(0x00007fc55bcf9000,0x00007fc55bdfa000)]
  0x00007fc554001800 JavaThread "JDWP Command Reader" daemon [_thread_in_native, id=8667, stack(0x00007fc55bbf8000,0x00007fc55bcf9000)]
  0x00007fc5b832e800 JavaThread "Service Thread" daemon [_thread_blocked, id=8671, stack(0x00007fc55baf7000,0x00007fc55bbf8000)]

Other Threads:
=>0x00007fc5b820e000 VMThread "VM Thread" [stack: 0x00007fc59401a000,0x00007fc59411a000] [id=8652]
  0x00007fc5b8331000 WatcherThread [stack: 0x00007fc55b9f7000,0x00007fc55baf7000] [id=8672]
  0x00007fc5b802f800 GCTaskThread "GC Thread#0" [stack: 0x00007fc5bd7d7000,0x00007fc5bd8d7000] [id=8647]
  0x00007fc5b808c800 ConcurrentGCThread "G1 Main Marker" [stack: 0x00007fc5bc365000,0x00007fc5bc465000] [id=8648]
  0x00007fc5b808e800 ConcurrentGCThread "G1 Conc#0" [stack: 0x00007fc5bc263000,0x00007fc5bc363000] [id=8649]
  0x00007fc5b817b800 ConcurrentGCThread "G1 Refine#0" [stack: 0x00007fc59429f000,0x00007fc59439f000] [id=8650]
  0x00007fc5b817d800 ConcurrentGCThread "G1 Young RemSet Sampling" [stack: 0x00007fc59419d000,0x00007fc59429d000] [id=8651]

Threads with active compile tasks:

VM state:at safepoint (normal execution)

VM Mutex/Monitor currently owned by a thread:  ([mutex/lock_event])
[0x00007fc5b8012790] Threads_lock - owner thread: 0x00007fc5b820e000

Heap address: 0x0000000709400000, size: 3948 MB, Compressed Oops mode: Zero based, Oop shift amount: 3
Narrow klass base: 0x0000000800000000, Narrow klass shift: 3
Compressed class space size: 1073741824 Address: 0x0000000840000000

Heap:
 garbage-first heap   total 253952K, used 4096K [0x0000000709400000, 0x0000000800000000)
  region size 1024K, 5 young (5120K), 0 survivors (0K)
 Metaspace       used 3176K, capacity 4943K, committed 5120K, reserved 1056768K
  class space    used 309K, capacity 455K, committed 512K, reserved 1048576K
Heap Regions: E=young(eden), S=young(survivor), O=old, HS=humongous(starts), HC=humongous(continues), CS=collection set, F=free, A=archive, TAMS=top-at-mark-start (previous, next)
|   0|0x0000000709400000, 0x0000000709400000, 0x0000000709500000|  0%| F|  |TAMS 0x0000000709400000, 0x0000000709400000| Untracked 
|   1|0x0000000709500000, 0x0000000709500000, 0x0000000709600000|  0%| F|  |TAMS 0x0000000709500000, 0x0000000709500000| Untracked 
|   2|0x0000000709600000, 0x0000000709600000, 0x0000000709700000|  0%| F|  |TAMS 0x0000000709600000, 0x0000000709600000| Untracked 
|   3|0x0000000709700000, 0x0000000709700000, 0x0000000709800000|  0%| F|  |TAMS 0x0000000709700000, 0x0000000709700000| Untracked 
|   4|0x0000000709800000, 0x0000000709800000, 0x0000000709900000|  0%| F|  |TAMS 0x0000000709800000, 0x0000000709800000| Untracked 
|   5|0x0000000709900000, 0x0000000709900000, 0x0000000709a00000|  0%| F|  |TAMS 0x0000000709900000, 0x0000000709900000| Untracked 
|   6|0x0000000709a00000, 0x0000000709a00000, 0x0000000709b00000|  0%| F|  |TAMS 0x0000000709a00000, 0x0000000709a00000| Untracked 
|   7|0x0000000709b00000, 0x0000000709b00000, 0x0000000709c00000|  0%| F|  |TAMS 0x0000000709b00000, 0x0000000709b00000| Untracked 
|   8|0x0000000709c00000, 0x0000000709c00000, 0x0000000709d00000|  0%| F|  |TAMS 0x0000000709c00000, 0x0000000709c00000| Untracked 
|   9|0x0000000709d00000, 0x0000000709d00000, 0x0000000709e00000|  0%| F|  |TAMS 0x0000000709d00000, 0x0000000709d00000| Untracked 
|  10|0x0000000709e00000, 0x0000000709e00000, 0x0000000709f00000|  0%| F|  |TAMS 0x0000000709e00000, 0x0000000709e00000| Untracked 
|  11|0x0000000709f00000, 0x0000000709f00000, 0x000000070a000000|  0%| F|  |TAMS 0x0000000709f00000, 0x0000000709f00000| Untracked 
|  12|0x000000070a000000, 0x000000070a000000, 0x000000070a100000|  0%| F|  |TAMS 0x000000070a000000, 0x000000070a000000| Untracked 
|  13|0x000000070a100000, 0x000000070a100000, 0x000000070a200000|  0%| F|  |TAMS 0x000000070a100000, 0x000000070a100000| Untracked 
|  14|0x000000070a200000, 0x000000070a200000, 0x000000070a300000|  0%| F|  |TAMS 0x000000070a200000, 0x000000070a200000| Untracked 
|  15|0x000000070a300000, 0x000000070a300000, 0x000000070a400000|  0%| F|  |TAMS 0x000000070a300000, 0x000000070a300000| Untracked 
|  16|0x000000070a400000, 0x000000070a400000, 0x000000070a500000|  0%| F|  |TAMS 0x000000070a400000, 0x000000070a400000| Untracked 
|  17|0x000000070a500000, 0x000000070a500000, 0x000000070a600000|  0%| F|  |TAMS 0x000000070a500000, 0x000000070a500000| Untracked 
|  18|0x000000070a600000, 0x000000070a600000, 0x000000070a700000|  0%| F|  |TAMS 0x000000070a600000, 0x000000070a600000| Untracked 
|  19|0x000000070a700000, 0x000000070a700000, 0x000000070a800000|  0%| F|  |TAMS 0x000000070a700000, 0x000000070a700000| Untracked 
|  20|0x000000070a800000, 0x000000070a800000, 0x000000070a900000|  0%| F|  |TAMS 0x000000070a800000, 0x000000070a800000| Untracked 
|  21|0x000000070a900000, 0x000000070a900000, 0x000000070aa00000|  0%| F|  |TAMS 0x000000070a900000, 0x000000070a900000| Untracked 
|  22|0x000000070aa00000, 0x000000070aa00000, 0x000000070ab00000|  0%| F|  |TAMS 0x000000070aa00000, 0x000000070aa00000| Untracked 
|  23|0x000000070ab00000, 0x000000070ab00000, 0x000000070ac00000|  0%| F|  |TAMS 0x000000070ab00000, 0x000000070ab00000| Untracked 
|  24|0x000000070ac00000, 0x000000070ac00000, 0x000000070ad00000|  0%| F|  |TAMS 0x000000070ac00000, 0x000000070ac00000| Untracked 
|  25|0x000000070ad00000, 0x000000070ad00000, 0x000000070ae00000|  0%| F|  |TAMS 0x000000070ad00000, 0x000000070ad00000| Untracked 
|  26|0x000000070ae00000, 0x000000070ae00000, 0x000000070af00000|  0%| F|  |TAMS 0x000000070ae00000, 0x000000070ae00000| Untracked 
|  27|0x000000070af00000, 0x000000070af00000, 0x000000070b000000|  0%| F|  |TAMS 0x000000070af00000, 0x000000070af00000| Untracked 
|  28|0x000000070b000000, 0x000000070b000000, 0x000000070b100000|  0%| F|  |TAMS 0x000000070b000000, 0x000000070b000000| Untracked 
|  29|0x000000070b100000, 0x000000070b100000, 0x000000070b200000|  0%| F|  |TAMS 0x000000070b100000, 0x000000070b100000| Untracked 
|  30|0x000000070b200000, 0x000000070b200000, 0x000000070b300000|  0%| F|  |TAMS 0x000000070b200000, 0x000000070b200000| Untracked 
|  31|0x000000070b300000, 0x000000070b300000, 0x000000070b400000|  0%| F|  |TAMS 0x000000070b300000, 0x000000070b300000| Untracked 
|  32|0x000000070b400000, 0x000000070b400000, 0x000000070b500000|  0%| F|  |TAMS 0x000000070b400000, 0x000000070b400000| Untracked 
|  33|0x000000070b500000, 0x000000070b500000, 0x000000070b600000|  0%| F|  |TAMS 0x000000070b500000, 0x000000070b500000| Untracked 
|  34|0x000000070b600000, 0x000000070b600000, 0x000000070b700000|  0%| F|  |TAMS 0x000000070b600000, 0x000000070b600000| Untracked 
|  35|0x000000070b700000, 0x000000070b700000, 0x000000070b800000|  0%| F|  |TAMS 0x000000070b700000, 0x000000070b700000| Untracked 
|  36|0x000000070b800000, 0x000000070b800000, 0x000000070b900000|  0%| F|  |TAMS 0x000000070b800000, 0x000000070b800000| Untracked 
|  37|0x000000070b900000, 0x000000070b900000, 0x000000070ba00000|  0%| F|  |TAMS 0x000000070b900000, 0x000000070b900000| Untracked 
|  38|0x000000070ba00000, 0x000000070ba00000, 0x000000070bb00000|  0%| F|  |TAMS 0x000000070ba00000, 0x000000070ba00000| Untracked 
|  39|0x000000070bb00000, 0x000000070bb00000, 0x000000070bc00000|  0%| F|  |TAMS 0x000000070bb00000, 0x000000070bb00000| Untracked 
|  40|0x000000070bc00000, 0x000000070bc00000, 0x000000070bd00000|  0%| F|  |TAMS 0x000000070bc00000, 0x000000070bc00000| Untracked 
|  41|0x000000070bd00000, 0x000000070bd00000, 0x000000070be00000|  0%| F|  |TAMS 0x000000070bd00000, 0x000000070bd00000| Untracked 
|  42|0x000000070be00000, 0x000000070be00000, 0x000000070bf00000|  0%| F|  |TAMS 0x000000070be00000, 0x000000070be00000| Untracked 
|  43|0x000000070bf00000, 0x000000070bf00000, 0x000000070c000000|  0%| F|  |TAMS 0x000000070bf00000, 0x000000070bf00000| Untracked 
|  44|0x000000070c000000, 0x000000070c000000, 0x000000070c100000|  0%| F|  |TAMS 0x000000070c000000, 0x000000070c000000| Untracked 
|  45|0x000000070c100000, 0x000000070c100000, 0x000000070c200000|  0%| F|  |TAMS 0x000000070c100000, 0x000000070c100000| Untracked 
|  46|0x000000070c200000, 0x000000070c200000, 0x000000070c300000|  0%| F|  |TAMS 0x000000070c200000, 0x000000070c200000| Untracked 
|  47|0x000000070c300000, 0x000000070c300000, 0x000000070c400000|  0%| F|  |TAMS 0x000000070c300000, 0x000000070c300000| Untracked 
|  48|0x000000070c400000, 0x000000070c400000, 0x000000070c500000|  0%| F|  |TAMS 0x000000070c400000, 0x000000070c400000| Untracked 
|  49|0x000000070c500000, 0x000000070c500000, 0x000000070c600000|  0%| F|  |TAMS 0x000000070c500000, 0x000000070c500000| Untracked 
|  50|0x000000070c600000, 0x000000070c600000, 0x000000070c700000|  0%| F|  |TAMS 0x000000070c600000, 0x000000070c600000| Untracked 
|  51|0x000000070c700000, 0x000000070c700000, 0x000000070c800000|  0%| F|  |TAMS 0x000000070c700000, 0x000000070c700000| Untracked 
|  52|0x000000070c800000, 0x000000070c800000, 0x000000070c900000|  0%| F|  |TAMS 0x000000070c800000, 0x000000070c800000| Untracked 
|  53|0x000000070c900000, 0x000000070c900000, 0x000000070ca00000|  0%| F|  |TAMS 0x000000070c900000, 0x000000070c900000| Untracked 
|  54|0x000000070ca00000, 0x000000070ca00000, 0x000000070cb00000|  0%| F|  |TAMS 0x000000070ca00000, 0x000000070ca00000| Untracked 
|  55|0x000000070cb00000, 0x000000070cb00000, 0x000000070cc00000|  0%| F|  |TAMS 0x000000070cb00000, 0x000000070cb00000| Untracked 
|  56|0x000000070cc00000, 0x000000070cc00000, 0x000000070cd00000|  0%| F|  |TAMS 0x000000070cc00000, 0x000000070cc00000| Untracked 
|  57|0x000000070cd00000, 0x000000070cd00000, 0x000000070ce00000|  0%| F|  |TAMS 0x000000070cd00000, 0x000000070cd00000| Untracked 
|  58|0x000000070ce00000, 0x000000070ce00000, 0x000000070cf00000|  0%| F|  |TAMS 0x000000070ce00000, 0x000000070ce00000| Untracked 
|  59|0x000000070cf00000, 0x000000070cf00000, 0x000000070d000000|  0%| F|  |TAMS 0x000000070cf00000, 0x000000070cf00000| Untracked 
|  60|0x000000070d000000, 0x000000070d000000, 0x000000070d100000|  0%| F|  |TAMS 0x000000070d000000, 0x000000070d000000| Untracked 
|  61|0x000000070d100000, 0x000000070d100000, 0x000000070d200000|  0%| F|  |TAMS 0x000000070d100000, 0x000000070d100000| Untracked 
|  62|0x000000070d200000, 0x000000070d200000, 0x000000070d300000|  0%| F|  |TAMS 0x000000070d200000, 0x000000070d200000| Untracked 
|  63|0x000000070d300000, 0x000000070d300000, 0x000000070d400000|  0%| F|  |TAMS 0x000000070d300000, 0x000000070d300000| Untracked 
|  64|0x000000070d400000, 0x000000070d400000, 0x000000070d500000|  0%| F|  |TAMS 0x000000070d400000, 0x000000070d400000| Untracked 
|  65|0x000000070d500000, 0x000000070d500000, 0x000000070d600000|  0%| F|  |TAMS 0x000000070d500000, 0x000000070d500000| Untracked 
|  66|0x000000070d600000, 0x000000070d600000, 0x000000070d700000|  0%| F|  |TAMS 0x000000070d600000, 0x000000070d600000| Untracked 
|  67|0x000000070d700000, 0x000000070d700000, 0x000000070d800000|  0%| F|  |TAMS 0x000000070d700000, 0x000000070d700000| Untracked 
|  68|0x000000070d800000, 0x000000070d800000, 0x000000070d900000|  0%| F|  |TAMS 0x000000070d800000, 0x000000070d800000| Untracked 
|  69|0x000000070d900000, 0x000000070d900000, 0x000000070da00000|  0%| F|  |TAMS 0x000000070d900000, 0x000000070d900000| Untracked 
|  70|0x000000070da00000, 0x000000070da00000, 0x000000070db00000|  0%| F|  |TAMS 0x000000070da00000, 0x000000070da00000| Untracked 
|  71|0x000000070db00000, 0x000000070db00000, 0x000000070dc00000|  0%| F|  |TAMS 0x000000070db00000, 0x000000070db00000| Untracked 
|  72|0x000000070dc00000, 0x000000070dc00000, 0x000000070dd00000|  0%| F|  |TAMS 0x000000070dc00000, 0x000000070dc00000| Untracked 
|  73|0x000000070dd00000, 0x000000070dd00000, 0x000000070de00000|  0%| F|  |TAMS 0x000000070dd00000, 0x000000070dd00000| Untracked 
|  74|0x000000070de00000, 0x000000070de00000, 0x000000070df00000|  0%| F|  |TAMS 0x000000070de00000, 0x000000070de00000| Untracked 
|  75|0x000000070df00000, 0x000000070df00000, 0x000000070e000000|  0%| F|  |TAMS 0x000000070df00000, 0x000000070df00000| Untracked 
|  76|0x000000070e000000, 0x000000070e000000, 0x000000070e100000|  0%| F|  |TAMS 0x000000070e000000, 0x000000070e000000| Untracked 
|  77|0x000000070e100000, 0x000000070e100000, 0x000000070e200000|  0%| F|  |TAMS 0x000000070e100000, 0x000000070e100000| Untracked 
|  78|0x000000070e200000, 0x000000070e200000, 0x000000070e300000|  0%| F|  |TAMS 0x000000070e200000, 0x000000070e200000| Untracked 
|  79|0x000000070e300000, 0x000000070e300000, 0x000000070e400000|  0%| F|  |TAMS 0x000000070e300000, 0x000000070e300000| Untracked 
|  80|0x000000070e400000, 0x000000070e400000, 0x000000070e500000|  0%| F|  |TAMS 0x000000070e400000, 0x000000070e400000| Untracked 
|  81|0x000000070e500000, 0x000000070e500000, 0x000000070e600000|  0%| F|  |TAMS 0x000000070e500000, 0x000000070e500000| Untracked 
|  82|0x000000070e600000, 0x000000070e600000, 0x000000070e700000|  0%| F|  |TAMS 0x000000070e600000, 0x000000070e600000| Untracked 
|  83|0x000000070e700000, 0x000000070e700000, 0x000000070e800000|  0%| F|  |TAMS 0x000000070e700000, 0x000000070e700000| Untracked 
|  84|0x000000070e800000, 0x000000070e800000, 0x000000070e900000|  0%| F|  |TAMS 0x000000070e800000, 0x000000070e800000| Untracked 
|  85|0x000000070e900000, 0x000000070e900000, 0x000000070ea00000|  0%| F|  |TAMS 0x000000070e900000, 0x000000070e900000| Untracked 
|  86|0x000000070ea00000, 0x000000070ea00000, 0x000000070eb00000|  0%| F|  |TAMS 0x000000070ea00000, 0x000000070ea00000| Untracked 
|  87|0x000000070eb00000, 0x000000070eb00000, 0x000000070ec00000|  0%| F|  |TAMS 0x000000070eb00000, 0x000000070eb00000| Untracked 
|  88|0x000000070ec00000, 0x000000070ec00000, 0x000000070ed00000|  0%| F|  |TAMS 0x000000070ec00000, 0x000000070ec00000| Untracked 
|  89|0x000000070ed00000, 0x000000070ed00000, 0x000000070ee00000|  0%| F|  |TAMS 0x000000070ed00000, 0x000000070ed00000| Untracked 
|  90|0x000000070ee00000, 0x000000070ee00000, 0x000000070ef00000|  0%| F|  |TAMS 0x000000070ee00000, 0x000000070ee00000| Untracked 
|  91|0x000000070ef00000, 0x000000070ef00000, 0x000000070f000000|  0%| F|  |TAMS 0x000000070ef00000, 0x000000070ef00000| Untracked 
|  92|0x000000070f000000, 0x000000070f000000, 0x000000070f100000|  0%| F|  |TAMS 0x000000070f000000, 0x000000070f000000| Untracked 
|  93|0x000000070f100000, 0x000000070f100000, 0x000000070f200000|  0%| F|  |TAMS 0x000000070f100000, 0x000000070f100000| Untracked 
|  94|0x000000070f200000, 0x000000070f200000, 0x000000070f300000|  0%| F|  |TAMS 0x000000070f200000, 0x000000070f200000| Untracked 
|  95|0x000000070f300000, 0x000000070f300000, 0x000000070f400000|  0%| F|  |TAMS 0x000000070f300000, 0x000000070f300000| Untracked 
|  96|0x000000070f400000, 0x000000070f400000, 0x000000070f500000|  0%| F|  |TAMS 0x000000070f400000, 0x000000070f400000| Untracked 
|  97|0x000000070f500000, 0x000000070f500000, 0x000000070f600000|  0%| F|  |TAMS 0x000000070f500000, 0x000000070f500000| Untracked 
|  98|0x000000070f600000, 0x000000070f600000, 0x000000070f700000|  0%| F|  |TAMS 0x000000070f600000, 0x000000070f600000| Untracked 
|  99|0x000000070f700000, 0x000000070f700000, 0x000000070f800000|  0%| F|  |TAMS 0x000000070f700000, 0x000000070f700000| Untracked 
| 100|0x000000070f800000, 0x000000070f800000, 0x000000070f900000|  0%| F|  |TAMS 0x000000070f800000, 0x000000070f800000| Untracked 
| 101|0x000000070f900000, 0x000000070f900000, 0x000000070fa00000|  0%| F|  |TAMS 0x000000070f900000, 0x000000070f900000| Untracked 
| 102|0x000000070fa00000, 0x000000070fa00000, 0x000000070fb00000|  0%| F|  |TAMS 0x000000070fa00000, 0x000000070fa00000| Untracked 
| 103|0x000000070fb00000, 0x000000070fb00000, 0x000000070fc00000|  0%| F|  |TAMS 0x000000070fb00000, 0x000000070fb00000| Untracked 
| 104|0x000000070fc00000, 0x000000070fc00000, 0x000000070fd00000|  0%| F|  |TAMS 0x000000070fc00000, 0x000000070fc00000| Untracked 
| 105|0x000000070fd00000, 0x000000070fd00000, 0x000000070fe00000|  0%| F|  |TAMS 0x000000070fd00000, 0x000000070fd00000| Untracked 
| 106|0x000000070fe00000, 0x000000070fe00000, 0x000000070ff00000|  0%| F|  |TAMS 0x000000070fe00000, 0x000000070fe00000| Untracked 
| 107|0x000000070ff00000, 0x000000070ff00000, 0x0000000710000000|  0%| F|  |TAMS 0x000000070ff00000, 0x000000070ff00000| Untracked 
| 108|0x0000000710000000, 0x0000000710000000, 0x0000000710100000|  0%| F|  |TAMS 0x0000000710000000, 0x0000000710000000| Untracked 
| 109|0x0000000710100000, 0x0000000710100000, 0x0000000710200000|  0%| F|  |TAMS 0x0000000710100000, 0x0000000710100000| Untracked 
| 110|0x0000000710200000, 0x0000000710200000, 0x0000000710300000|  0%| F|  |TAMS 0x0000000710200000, 0x0000000710200000| Untracked 
| 111|0x0000000710300000, 0x0000000710300000, 0x0000000710400000|  0%| F|  |TAMS 0x0000000710300000, 0x0000000710300000| Untracked 
| 112|0x0000000710400000, 0x0000000710400000, 0x0000000710500000|  0%| F|  |TAMS 0x0000000710400000, 0x0000000710400000| Untracked 
| 113|0x0000000710500000, 0x0000000710500000, 0x0000000710600000|  0%| F|  |TAMS 0x0000000710500000, 0x0000000710500000| Untracked 
| 114|0x0000000710600000, 0x0000000710600000, 0x0000000710700000|  0%| F|  |TAMS 0x0000000710600000, 0x0000000710600000| Untracked 
| 115|0x0000000710700000, 0x0000000710700000, 0x0000000710800000|  0%| F|  |TAMS 0x0000000710700000, 0x0000000710700000| Untracked 
| 116|0x0000000710800000, 0x0000000710800000, 0x0000000710900000|  0%| F|  |TAMS 0x0000000710800000, 0x0000000710800000| Untracked 
| 117|0x0000000710900000, 0x0000000710900000, 0x0000000710a00000|  0%| F|  |TAMS 0x0000000710900000, 0x0000000710900000| Untracked 
| 118|0x0000000710a00000, 0x0000000710a00000, 0x0000000710b00000|  0%| F|  |TAMS 0x0000000710a00000, 0x0000000710a00000| Untracked 
| 119|0x0000000710b00000, 0x0000000710b00000, 0x0000000710c00000|  0%| F|  |TAMS 0x0000000710b00000, 0x0000000710b00000| Untracked 
| 120|0x0000000710c00000, 0x0000000710c00000, 0x0000000710d00000|  0%| F|  |TAMS 0x0000000710c00000, 0x0000000710c00000| Untracked 
| 121|0x0000000710d00000, 0x0000000710d00000, 0x0000000710e00000|  0%| F|  |TAMS 0x0000000710d00000, 0x0000000710d00000| Untracked 
| 122|0x0000000710e00000, 0x0000000710e00000, 0x0000000710f00000|  0%| F|  |TAMS 0x0000000710e00000, 0x0000000710e00000| Untracked 
| 123|0x0000000710f00000, 0x0000000710f00000, 0x0000000711000000|  0%| F|  |TAMS 0x0000000710f00000, 0x0000000710f00000| Untracked 
| 124|0x0000000711000000, 0x0000000711000000, 0x0000000711100000|  0%| F|  |TAMS 0x0000000711000000, 0x0000000711000000| Untracked 
| 125|0x0000000711100000, 0x0000000711100000, 0x0000000711200000|  0%| F|  |TAMS 0x0000000711100000, 0x0000000711100000| Untracked 
| 126|0x0000000711200000, 0x0000000711200000, 0x0000000711300000|  0%| F|  |TAMS 0x0000000711200000, 0x0000000711200000| Untracked 
| 127|0x0000000711300000, 0x0000000711300000, 0x0000000711400000|  0%| F|  |TAMS 0x0000000711300000, 0x0000000711300000| Untracked 
| 128|0x0000000711400000, 0x0000000711400000, 0x0000000711500000|  0%| F|  |TAMS 0x0000000711400000, 0x0000000711400000| Untracked 
| 129|0x0000000711500000, 0x0000000711500000, 0x0000000711600000|  0%| F|  |TAMS 0x0000000711500000, 0x0000000711500000| Untracked 
| 130|0x0000000711600000, 0x0000000711600000, 0x0000000711700000|  0%| F|  |TAMS 0x0000000711600000, 0x0000000711600000| Untracked 
| 131|0x0000000711700000, 0x0000000711700000, 0x0000000711800000|  0%| F|  |TAMS 0x0000000711700000, 0x0000000711700000| Untracked 
| 132|0x0000000711800000, 0x0000000711800000, 0x0000000711900000|  0%| F|  |TAMS 0x0000000711800000, 0x0000000711800000| Untracked 
| 133|0x0000000711900000, 0x0000000711900000, 0x0000000711a00000|  0%| F|  |TAMS 0x0000000711900000, 0x0000000711900000| Untracked 
| 134|0x0000000711a00000, 0x0000000711a00000, 0x0000000711b00000|  0%| F|  |TAMS 0x0000000711a00000, 0x0000000711a00000| Untracked 
| 135|0x0000000711b00000, 0x0000000711b00000, 0x0000000711c00000|  0%| F|  |TAMS 0x0000000711b00000, 0x0000000711b00000| Untracked 
| 136|0x0000000711c00000, 0x0000000711c00000, 0x0000000711d00000|  0%| F|  |TAMS 0x0000000711c00000, 0x0000000711c00000| Untracked 
| 137|0x0000000711d00000, 0x0000000711d00000, 0x0000000711e00000|  0%| F|  |TAMS 0x0000000711d00000, 0x0000000711d00000| Untracked 
| 138|0x0000000711e00000, 0x0000000711e00000, 0x0000000711f00000|  0%| F|  |TAMS 0x0000000711e00000, 0x0000000711e00000| Untracked 
| 139|0x0000000711f00000, 0x0000000711f00000, 0x0000000712000000|  0%| F|  |TAMS 0x0000000711f00000, 0x0000000711f00000| Untracked 
| 140|0x0000000712000000, 0x0000000712000000, 0x0000000712100000|  0%| F|  |TAMS 0x0000000712000000, 0x0000000712000000| Untracked 
| 141|0x0000000712100000, 0x0000000712100000, 0x0000000712200000|  0%| F|  |TAMS 0x0000000712100000, 0x0000000712100000| Untracked 
| 142|0x0000000712200000, 0x0000000712200000, 0x0000000712300000|  0%| F|  |TAMS 0x0000000712200000, 0x0000000712200000| Untracked 
| 143|0x0000000712300000, 0x0000000712300000, 0x0000000712400000|  0%| F|  |TAMS 0x0000000712300000, 0x0000000712300000| Untracked 
| 144|0x0000000712400000, 0x0000000712400000, 0x0000000712500000|  0%| F|  |TAMS 0x0000000712400000, 0x0000000712400000| Untracked 
| 145|0x0000000712500000, 0x0000000712500000, 0x0000000712600000|  0%| F|  |TAMS 0x0000000712500000, 0x0000000712500000| Untracked 
| 146|0x0000000712600000, 0x0000000712600000, 0x0000000712700000|  0%| F|  |TAMS 0x0000000712600000, 0x0000000712600000| Untracked 
| 147|0x0000000712700000, 0x0000000712700000, 0x0000000712800000|  0%| F|  |TAMS 0x0000000712700000, 0x0000000712700000| Untracked 
| 148|0x0000000712800000, 0x0000000712800000, 0x0000000712900000|  0%| F|  |TAMS 0x0000000712800000, 0x0000000712800000| Untracked 
| 149|0x0000000712900000, 0x0000000712900000, 0x0000000712a00000|  0%| F|  |TAMS 0x0000000712900000, 0x0000000712900000| Untracked 
| 150|0x0000000712a00000, 0x0000000712a00000, 0x0000000712b00000|  0%| F|  |TAMS 0x0000000712a00000, 0x0000000712a00000| Untracked 
| 151|0x0000000712b00000, 0x0000000712b00000, 0x0000000712c00000|  0%| F|  |TAMS 0x0000000712b00000, 0x0000000712b00000| Untracked 
| 152|0x0000000712c00000, 0x0000000712c00000, 0x0000000712d00000|  0%| F|  |TAMS 0x0000000712c00000, 0x0000000712c00000| Untracked 
| 153|0x0000000712d00000, 0x0000000712d00000, 0x0000000712e00000|  0%| F|  |TAMS 0x0000000712d00000, 0x0000000712d00000| Untracked 
| 154|0x0000000712e00000, 0x0000000712e00000, 0x0000000712f00000|  0%| F|  |TAMS 0x0000000712e00000, 0x0000000712e00000| Untracked 
| 155|0x0000000712f00000, 0x0000000712f00000, 0x0000000713000000|  0%| F|  |TAMS 0x0000000712f00000, 0x0000000712f00000| Untracked 
| 156|0x0000000713000000, 0x0000000713000000, 0x0000000713100000|  0%| F|  |TAMS 0x0000000713000000, 0x0000000713000000| Untracked 
| 157|0x0000000713100000, 0x0000000713100000, 0x0000000713200000|  0%| F|  |TAMS 0x0000000713100000, 0x0000000713100000| Untracked 
| 158|0x0000000713200000, 0x0000000713200000, 0x0000000713300000|  0%| F|  |TAMS 0x0000000713200000, 0x0000000713200000| Untracked 
| 159|0x0000000713300000, 0x0000000713300000, 0x0000000713400000|  0%| F|  |TAMS 0x0000000713300000, 0x0000000713300000| Untracked 
| 160|0x0000000713400000, 0x0000000713400000, 0x0000000713500000|  0%| F|  |TAMS 0x0000000713400000, 0x0000000713400000| Untracked 
| 161|0x0000000713500000, 0x0000000713500000, 0x0000000713600000|  0%| F|  |TAMS 0x0000000713500000, 0x0000000713500000| Untracked 
| 162|0x0000000713600000, 0x0000000713600000, 0x0000000713700000|  0%| F|  |TAMS 0x0000000713600000, 0x0000000713600000| Untracked 
| 163|0x0000000713700000, 0x0000000713700000, 0x0000000713800000|  0%| F|  |TAMS 0x0000000713700000, 0x0000000713700000| Untracked 
| 164|0x0000000713800000, 0x0000000713800000, 0x0000000713900000|  0%| F|  |TAMS 0x0000000713800000, 0x0000000713800000| Untracked 
| 165|0x0000000713900000, 0x0000000713900000, 0x0000000713a00000|  0%| F|  |TAMS 0x0000000713900000, 0x0000000713900000| Untracked 
| 166|0x0000000713a00000, 0x0000000713a00000, 0x0000000713b00000|  0%| F|  |TAMS 0x0000000713a00000, 0x0000000713a00000| Untracked 
| 167|0x0000000713b00000, 0x0000000713b00000, 0x0000000713c00000|  0%| F|  |TAMS 0x0000000713b00000, 0x0000000713b00000| Untracked 
| 168|0x0000000713c00000, 0x0000000713c00000, 0x0000000713d00000|  0%| F|  |TAMS 0x0000000713c00000, 0x0000000713c00000| Untracked 
| 169|0x0000000713d00000, 0x0000000713d00000, 0x0000000713e00000|  0%| F|  |TAMS 0x0000000713d00000, 0x0000000713d00000| Untracked 
| 170|0x0000000713e00000, 0x0000000713e00000, 0x0000000713f00000|  0%| F|  |TAMS 0x0000000713e00000, 0x0000000713e00000| Untracked 
| 171|0x0000000713f00000, 0x0000000713f00000, 0x0000000714000000|  0%| F|  |TAMS 0x0000000713f00000, 0x0000000713f00000| Untracked 
| 172|0x0000000714000000, 0x0000000714000000, 0x0000000714100000|  0%| F|  |TAMS 0x0000000714000000, 0x0000000714000000| Untracked 
| 173|0x0000000714100000, 0x0000000714100000, 0x0000000714200000|  0%| F|  |TAMS 0x0000000714100000, 0x0000000714100000| Untracked 
| 174|0x0000000714200000, 0x0000000714200000, 0x0000000714300000|  0%| F|  |TAMS 0x0000000714200000, 0x0000000714200000| Untracked 
| 175|0x0000000714300000, 0x0000000714300000, 0x0000000714400000|  0%| F|  |TAMS 0x0000000714300000, 0x0000000714300000| Untracked 
| 176|0x0000000714400000, 0x0000000714400000, 0x0000000714500000|  0%| F|  |TAMS 0x0000000714400000, 0x0000000714400000| Untracked 
| 177|0x0000000714500000, 0x0000000714500000, 0x0000000714600000|  0%| F|  |TAMS 0x0000000714500000, 0x0000000714500000| Untracked 
| 178|0x0000000714600000, 0x0000000714600000, 0x0000000714700000|  0%| F|  |TAMS 0x0000000714600000, 0x0000000714600000| Untracked 
| 179|0x0000000714700000, 0x0000000714700000, 0x0000000714800000|  0%| F|  |TAMS 0x0000000714700000, 0x0000000714700000| Untracked 
| 180|0x0000000714800000, 0x0000000714800000, 0x0000000714900000|  0%| F|  |TAMS 0x0000000714800000, 0x0000000714800000| Untracked 
| 181|0x0000000714900000, 0x0000000714900000, 0x0000000714a00000|  0%| F|  |TAMS 0x0000000714900000, 0x0000000714900000| Untracked 
| 182|0x0000000714a00000, 0x0000000714a00000, 0x0000000714b00000|  0%| F|  |TAMS 0x0000000714a00000, 0x0000000714a00000| Untracked 
| 183|0x0000000714b00000, 0x0000000714b00000, 0x0000000714c00000|  0%| F|  |TAMS 0x0000000714b00000, 0x0000000714b00000| Untracked 
| 184|0x0000000714c00000, 0x0000000714c00000, 0x0000000714d00000|  0%| F|  |TAMS 0x0000000714c00000, 0x0000000714c00000| Untracked 
| 185|0x0000000714d00000, 0x0000000714d00000, 0x0000000714e00000|  0%| F|  |TAMS 0x0000000714d00000, 0x0000000714d00000| Untracked 
| 186|0x0000000714e00000, 0x0000000714e00000, 0x0000000714f00000|  0%| F|  |TAMS 0x0000000714e00000, 0x0000000714e00000| Untracked 
| 187|0x0000000714f00000, 0x0000000714f00000, 0x0000000715000000|  0%| F|  |TAMS 0x0000000714f00000, 0x0000000714f00000| Untracked 
| 188|0x0000000715000000, 0x0000000715000000, 0x0000000715100000|  0%| F|  |TAMS 0x0000000715000000, 0x0000000715000000| Untracked 
| 189|0x0000000715100000, 0x0000000715100000, 0x0000000715200000|  0%| F|  |TAMS 0x0000000715100000, 0x0000000715100000| Untracked 
| 190|0x0000000715200000, 0x0000000715200000, 0x0000000715300000|  0%| F|  |TAMS 0x0000000715200000, 0x0000000715200000| Untracked 
| 191|0x0000000715300000, 0x0000000715300000, 0x0000000715400000|  0%| F|  |TAMS 0x0000000715300000, 0x0000000715300000| Untracked 
| 192|0x0000000715400000, 0x0000000715400000, 0x0000000715500000|  0%| F|  |TAMS 0x0000000715400000, 0x0000000715400000| Untracked 
| 193|0x0000000715500000, 0x0000000715500000, 0x0000000715600000|  0%| F|  |TAMS 0x0000000715500000, 0x0000000715500000| Untracked 
| 194|0x0000000715600000, 0x0000000715600000, 0x0000000715700000|  0%| F|  |TAMS 0x0000000715600000, 0x0000000715600000| Untracked 
| 195|0x0000000715700000, 0x0000000715700000, 0x0000000715800000|  0%| F|  |TAMS 0x0000000715700000, 0x0000000715700000| Untracked 
| 196|0x0000000715800000, 0x0000000715800000, 0x0000000715900000|  0%| F|  |TAMS 0x0000000715800000, 0x0000000715800000| Untracked 
| 197|0x0000000715900000, 0x0000000715900000, 0x0000000715a00000|  0%| F|  |TAMS 0x0000000715900000, 0x0000000715900000| Untracked 
| 198|0x0000000715a00000, 0x0000000715a00000, 0x0000000715b00000|  0%| F|  |TAMS 0x0000000715a00000, 0x0000000715a00000| Untracked 
| 199|0x0000000715b00000, 0x0000000715b00000, 0x0000000715c00000|  0%| F|  |TAMS 0x0000000715b00000, 0x0000000715b00000| Untracked 
| 200|0x0000000715c00000, 0x0000000715c00000, 0x0000000715d00000|  0%| F|  |TAMS 0x0000000715c00000, 0x0000000715c00000| Untracked 
| 201|0x0000000715d00000, 0x0000000715d00000, 0x0000000715e00000|  0%| F|  |TAMS 0x0000000715d00000, 0x0000000715d00000| Untracked 
| 202|0x0000000715e00000, 0x0000000715e00000, 0x0000000715f00000|  0%| F|  |TAMS 0x0000000715e00000, 0x0000000715e00000| Untracked 
| 203|0x0000000715f00000, 0x0000000715f00000, 0x0000000716000000|  0%| F|  |TAMS 0x0000000715f00000, 0x0000000715f00000| Untracked 
| 204|0x0000000716000000, 0x0000000716000000, 0x0000000716100000|  0%| F|  |TAMS 0x0000000716000000, 0x0000000716000000| Untracked 
| 205|0x0000000716100000, 0x0000000716100000, 0x0000000716200000|  0%| F|  |TAMS 0x0000000716100000, 0x0000000716100000| Untracked 
| 206|0x0000000716200000, 0x0000000716200000, 0x0000000716300000|  0%| F|  |TAMS 0x0000000716200000, 0x0000000716200000| Untracked 
| 207|0x0000000716300000, 0x0000000716300000, 0x0000000716400000|  0%| F|  |TAMS 0x0000000716300000, 0x0000000716300000| Untracked 
| 208|0x0000000716400000, 0x0000000716400000, 0x0000000716500000|  0%| F|  |TAMS 0x0000000716400000, 0x0000000716400000| Untracked 
| 209|0x0000000716500000, 0x0000000716500000, 0x0000000716600000|  0%| F|  |TAMS 0x0000000716500000, 0x0000000716500000| Untracked 
| 210|0x0000000716600000, 0x0000000716600000, 0x0000000716700000|  0%| F|  |TAMS 0x0000000716600000, 0x0000000716600000| Untracked 
| 211|0x0000000716700000, 0x0000000716700000, 0x0000000716800000|  0%| F|  |TAMS 0x0000000716700000, 0x0000000716700000| Untracked 
| 212|0x0000000716800000, 0x0000000716800000, 0x0000000716900000|  0%| F|  |TAMS 0x0000000716800000, 0x0000000716800000| Untracked 
| 213|0x0000000716900000, 0x0000000716900000, 0x0000000716a00000|  0%| F|  |TAMS 0x0000000716900000, 0x0000000716900000| Untracked 
| 214|0x0000000716a00000, 0x0000000716a00000, 0x0000000716b00000|  0%| F|  |TAMS 0x0000000716a00000, 0x0000000716a00000| Untracked 
| 215|0x0000000716b00000, 0x0000000716b00000, 0x0000000716c00000|  0%| F|  |TAMS 0x0000000716b00000, 0x0000000716b00000| Untracked 
| 216|0x0000000716c00000, 0x0000000716c00000, 0x0000000716d00000|  0%| F|  |TAMS 0x0000000716c00000, 0x0000000716c00000| Untracked 
| 217|0x0000000716d00000, 0x0000000716d00000, 0x0000000716e00000|  0%| F|  |TAMS 0x0000000716d00000, 0x0000000716d00000| Untracked 
| 218|0x0000000716e00000, 0x0000000716e00000, 0x0000000716f00000|  0%| F|  |TAMS 0x0000000716e00000, 0x0000000716e00000| Untracked 
| 219|0x0000000716f00000, 0x0000000716f00000, 0x0000000717000000|  0%| F|  |TAMS 0x0000000716f00000, 0x0000000716f00000| Untracked 
| 220|0x0000000717000000, 0x0000000717000000, 0x0000000717100000|  0%| F|  |TAMS 0x0000000717000000, 0x0000000717000000| Untracked 
| 221|0x0000000717100000, 0x0000000717100000, 0x0000000717200000|  0%| F|  |TAMS 0x0000000717100000, 0x0000000717100000| Untracked 
| 222|0x0000000717200000, 0x0000000717200000, 0x0000000717300000|  0%| F|  |TAMS 0x0000000717200000, 0x0000000717200000| Untracked 
| 223|0x0000000717300000, 0x0000000717300000, 0x0000000717400000|  0%| F|  |TAMS 0x0000000717300000, 0x0000000717300000| Untracked 
| 224|0x0000000717400000, 0x0000000717400000, 0x0000000717500000|  0%| F|  |TAMS 0x0000000717400000, 0x0000000717400000| Untracked 
| 225|0x0000000717500000, 0x0000000717500000, 0x0000000717600000|  0%| F|  |TAMS 0x0000000717500000, 0x0000000717500000| Untracked 
| 226|0x0000000717600000, 0x0000000717600000, 0x0000000717700000|  0%| F|  |TAMS 0x0000000717600000, 0x0000000717600000| Untracked 
| 227|0x0000000717700000, 0x0000000717700000, 0x0000000717800000|  0%| F|  |TAMS 0x0000000717700000, 0x0000000717700000| Untracked 
| 228|0x0000000717800000, 0x0000000717800000, 0x0000000717900000|  0%| F|  |TAMS 0x0000000717800000, 0x0000000717800000| Untracked 
| 229|0x0000000717900000, 0x0000000717900000, 0x0000000717a00000|  0%| F|  |TAMS 0x0000000717900000, 0x0000000717900000| Untracked 
| 230|0x0000000717a00000, 0x0000000717a00000, 0x0000000717b00000|  0%| F|  |TAMS 0x0000000717a00000, 0x0000000717a00000| Untracked 
| 231|0x0000000717b00000, 0x0000000717b00000, 0x0000000717c00000|  0%| F|  |TAMS 0x0000000717b00000, 0x0000000717b00000| Untracked 
| 232|0x0000000717c00000, 0x0000000717c00000, 0x0000000717d00000|  0%| F|  |TAMS 0x0000000717c00000, 0x0000000717c00000| Untracked 
| 233|0x0000000717d00000, 0x0000000717d00000, 0x0000000717e00000|  0%| F|  |TAMS 0x0000000717d00000, 0x0000000717d00000| Untracked 
| 234|0x0000000717e00000, 0x0000000717e00000, 0x0000000717f00000|  0%| F|  |TAMS 0x0000000717e00000, 0x0000000717e00000| Untracked 
| 235|0x0000000717f00000, 0x0000000717f00000, 0x0000000718000000|  0%| F|  |TAMS 0x0000000717f00000, 0x0000000717f00000| Untracked 
| 236|0x0000000718000000, 0x0000000718000000, 0x0000000718100000|  0%| F|  |TAMS 0x0000000718000000, 0x0000000718000000| Untracked 
| 237|0x0000000718100000, 0x0000000718100000, 0x0000000718200000|  0%| F|  |TAMS 0x0000000718100000, 0x0000000718100000| Untracked 
| 238|0x0000000718200000, 0x0000000718200000, 0x0000000718300000|  0%| F|  |TAMS 0x0000000718200000, 0x0000000718200000| Untracked 
| 239|0x0000000718300000, 0x0000000718300000, 0x0000000718400000|  0%| F|  |TAMS 0x0000000718300000, 0x0000000718300000| Untracked 
| 240|0x0000000718400000, 0x0000000718400000, 0x0000000718500000|  0%| F|  |TAMS 0x0000000718400000, 0x0000000718400000| Untracked 
| 241|0x0000000718500000, 0x0000000718500000, 0x0000000718600000|  0%| F|  |TAMS 0x0000000718500000, 0x0000000718500000| Untracked 
| 242|0x0000000718600000, 0x0000000718600000, 0x0000000718700000|  0%| F|  |TAMS 0x0000000718600000, 0x0000000718600000| Untracked 
| 243|0x0000000718700000, 0x000000071879a148, 0x0000000718800000| 60%| E|  |TAMS 0x0000000718700000, 0x0000000718700000| Complete 
| 244|0x0000000718800000, 0x0000000718900000, 0x0000000718900000|100%| E|CS|TAMS 0x0000000718800000, 0x0000000718800000| Complete 
| 245|0x0000000718900000, 0x0000000718a00000, 0x0000000718a00000|100%| E|CS|TAMS 0x0000000718900000, 0x0000000718900000| Complete 
| 246|0x0000000718a00000, 0x0000000718b00000, 0x0000000718b00000|100%| E|CS|TAMS 0x0000000718a00000, 0x0000000718a00000| Complete 
| 247|0x0000000718b00000, 0x0000000718c00000, 0x0000000718c00000|100%| E|CS|TAMS 0x0000000718b00000, 0x0000000718b00000| Complete 

Card table byte_map: [0x00007fc5bc465000,0x00007fc5bcc1b000] _byte_map_base: 0x00007fc5b8c1b000

Marking Bits (Prev, Next): (CMBitMap*) 0x00007fc5b807c138, (CMBitMap*) 0x00007fc5b807c170
 Prev Bits: [0x00007fc598250000, 0x00007fc59c000000)
 Next Bits: [0x00007fc5944a0000, 0x00007fc598250000)

Polling page: 0x00007fc5c1d4f000

Metaspace:

Usage:
  Non-class:      4,38 MB capacity,     2,80 MB ( 64%) used,     1,58 MB ( 36%) free+waste,     4,12 KB ( <1%) overhead. 
      Class:    455,00 KB capacity,   309,84 KB ( 68%) used,   142,84 KB ( 31%) free+waste,     2,31 KB ( <1%) overhead. 
       Both:      4,83 MB capacity,     3,10 MB ( 64%) used,     1,72 MB ( 36%) free+waste,     6,44 KB ( <1%) overhead. 

Virtual space:
  Non-class space:        8,00 MB reserved,       4,50 MB ( 56%) committed 
      Class space:        1,00 GB reserved,     512,00 KB ( <1%) committed 
             Both:        1,01 GB reserved,       5,00 MB ( <1%) committed 

Chunk freelists:
   Non-Class:  56,00 KB
       Class:  25,00 KB
        Both:  81,00 KB

MaxMetaspaceSize: unlimited
CompressedClassSpaceSize: 1,00 GB

CodeHeap 'non-profiled nmethods': size=120032Kb used=109Kb max_used=109Kb free=119922Kb
 bounds [0x00007fc5a83d8000, 0x00007fc5a8648000, 0x00007fc5af910000]
CodeHeap 'profiled nmethods': size=120032Kb used=550Kb max_used=550Kb free=119482Kb
 bounds [0x00007fc5a0ea0000, 0x00007fc5a1110000, 0x00007fc5a83d8000]
CodeHeap 'non-nmethods': size=5696Kb used=1131Kb max_used=1145Kb free=4564Kb
 bounds [0x00007fc5a0910000, 0x00007fc5a0b80000, 0x00007fc5a0ea0000]
 total_blobs=858 nmethods=381 adapters=281
 compilation: enabled
              stopped_count=0, restarted_count=0
 full_count=0

Compilation events (20 events):
Event: 258,779 Thread 0x00007fc5b821e800 nmethod 371 0x00007fc5a0f24690 code [0x00007fc5a0f24860, 0x00007fc5a0f24ad8]
Event: 258,781 Thread 0x00007fc5b821c000 nmethod 372 0x00007fc5a83f2f90 code [0x00007fc5a83f3120, 0x00007fc5a83f3238]
Event: 268,772 Thread 0x00007fc5b821e800  373       3       org.eclipse.jdt.launching.internal.org.objectweb.asm.Symbol::<init> (38 bytes)
Event: 268,773 Thread 0x00007fc5b821e800 nmethod 373 0x00007fc5a0f24c10 code [0x00007fc5a0f24de0, 0x00007fc5a0f250f0]
Event: 268,773 Thread 0x00007fc5b821e800  375       3       org.eclipse.jdt.launching.internal.org.objectweb.asm.SymbolTable::hash (10 bytes)
Event: 268,773 Thread 0x00007fc5b821e800 nmethod 375 0x00007fc5a0f25210 code [0x00007fc5a0f253c0, 0x00007fc5a0f25548]
Event: 268,773 Thread 0x00007fc5b821e800  378       3       org.eclipse.jdt.launching.internal.org.objectweb.asm.ClassReader::readUtf (161 bytes)
Event: 268,776 Thread 0x00007fc5b821e800 nmethod 378 0x00007fc5a0f25610 code [0x00007fc5a0f25820, 0x00007fc5a0f25e98]
Event: 268,776 Thread 0x00007fc5b821e800  379       3       org.eclipse.jdt.launching.internal.org.objectweb.asm.SymbolTable::addConstantUtf8 (98 bytes)
Event: 268,776 Thread 0x00007fc5b821e800 nmethod 379 0x00007fc5a0f26290 code [0x00007fc5a0f264e0, 0x00007fc5a0f26c18]
Event: 268,777 Thread 0x00007fc5b821e800  376       3       org.eclipse.jdt.launching.internal.org.objectweb.asm.ClassReader::readUtf (44 bytes)
Event: 268,777 Thread 0x00007fc5b821e800 nmethod 376 0x00007fc5a0f27010 code [0x00007fc5a0f27200, 0x00007fc5a0f27748]
Event: 268,777 Thread 0x00007fc5b821e800  377       3       org.eclipse.jdt.launching.internal.org.objectweb.asm.ClassReader::readUTF8 (23 bytes)
Event: 268,777 Thread 0x00007fc5b821e800 nmethod 377 0x00007fc5a0f27990 code [0x00007fc5a0f27b60, 0x00007fc5a0f27e88]
Event: 268,777 Thread 0x00007fc5b821e800  374       3       org.eclipse.jdt.launching.internal.org.objectweb.asm.SymbolTable::put (150 bytes)
Event: 268,778 Thread 0x00007fc5b821e800 nmethod 374 0x00007fc5a0f28010 code [0x00007fc5a0f28220, 0x00007fc5a0f28bb0]
Event: 561,985 Thread 0x00007fc5b821e800  380       3       java.security.Provider$ServiceKey::equals (55 bytes)
Event: 561,986 Thread 0x00007fc5b821e800 nmethod 380 0x00007fc5a0f28f10 code [0x00007fc5a0f29100, 0x00007fc5a0f29678]
Event: 561,986 Thread 0x00007fc5b821e800  381       1       java.security.ProtectionDomain::getCodeSource (5 bytes)
Event: 561,986 Thread 0x00007fc5b821e800 nmethod 381 0x00007fc5a83f3310 code [0x00007fc5a83f34c0, 0x00007fc5a83f35f0]

GC Heap History (0 events):
No events

Deoptimization events (20 events):
Event: 0,395 Thread 0x00007fc5b8016800 DEOPT PACKING pc=0x00007fc5a0f09d2b sp=0x00007fc5c1d31c00
Event: 0,395 Thread 0x00007fc5b8016800 DEOPT UNPACKING pc=0x00007fc5a09490ba sp=0x00007fc5c1d310e8 mode 0
Event: 0,397 Thread 0x00007fc5b8016800 DEOPT PACKING pc=0x00007fc5a0f09d2b sp=0x00007fc5c1d32e20
Event: 0,397 Thread 0x00007fc5b8016800 DEOPT UNPACKING pc=0x00007fc5a09490ba sp=0x00007fc5c1d32308 mode 0
Event: 0,397 Thread 0x00007fc5b8016800 DEOPT PACKING pc=0x00007fc5a0f09d2b sp=0x00007fc5c1d32e20
Event: 0,397 Thread 0x00007fc5b8016800 DEOPT UNPACKING pc=0x00007fc5a09490ba sp=0x00007fc5c1d32308 mode 0
Event: 0,401 Thread 0x00007fc5b8016800 DEOPT PACKING pc=0x00007fc5a0f09d2b sp=0x00007fc5c1d32da0
Event: 0,401 Thread 0x00007fc5b8016800 DEOPT UNPACKING pc=0x00007fc5a09490ba sp=0x00007fc5c1d32288 mode 0
Event: 0,401 Thread 0x00007fc5b8016800 DEOPT PACKING pc=0x00007fc5a0f09d2b sp=0x00007fc5c1d32da0
Event: 0,401 Thread 0x00007fc5b8016800 DEOPT UNPACKING pc=0x00007fc5a09490ba sp=0x00007fc5c1d32288 mode 0
Event: 0,402 Thread 0x00007fc5b8016800 DEOPT PACKING pc=0x00007fc5a0f09d2b sp=0x00007fc5c1d32e70
Event: 0,402 Thread 0x00007fc5b8016800 DEOPT UNPACKING pc=0x00007fc5a09490ba sp=0x00007fc5c1d32358 mode 0
Event: 0,406 Thread 0x00007fc5b8016800 DEOPT PACKING pc=0x00007fc5a0f09d2b sp=0x00007fc5c1d31810
Event: 0,406 Thread 0x00007fc5b8016800 DEOPT UNPACKING pc=0x00007fc5a09490ba sp=0x00007fc5c1d30cf8 mode 0
Event: 0,409 Thread 0x00007fc5b8016800 DEOPT PACKING pc=0x00007fc5a0f09d2b sp=0x00007fc5c1d32a70
Event: 0,409 Thread 0x00007fc5b8016800 DEOPT UNPACKING pc=0x00007fc5a09490ba sp=0x00007fc5c1d31f58 mode 0
Event: 0,410 Thread 0x00007fc5b8016800 DEOPT PACKING pc=0x00007fc5a0f09d2b sp=0x00007fc5c1d32a70
Event: 0,410 Thread 0x00007fc5b8016800 DEOPT UNPACKING pc=0x00007fc5a09490ba sp=0x00007fc5c1d31f58 mode 0
Event: 0,418 Thread 0x00007fc5b8016800 DEOPT PACKING pc=0x00007fc5a0f09d2b sp=0x00007fc5c1d31c20
Event: 0,418 Thread 0x00007fc5b8016800 DEOPT UNPACKING pc=0x00007fc5a09490ba sp=0x00007fc5c1d31108 mode 0

Classes redefined (3 events):
Event: 76,033 Thread 0x00007fc5b820e000 redefined class name=clase1.main, count=1
Event: 258,778 Thread 0x00007fc5b820e000 redefined class name=clase1.main, count=2
Event: 268,775 Thread 0x00007fc5b820e000 redefined class name=clase1.main, count=3

Internal exceptions (3 events):
Event: 0,161 Thread 0x00007fc5b8016800 Exception <a 'java/lang/NoSuchMethodError'{0x0000000718a125f0}: 'int java.lang.invoke.DirectMethodHandle$Holder.invokeSpecial(java.lang.Object, java.lang.Object, java.lang.Object, java.lang.Object)'> (0x0000000718a125f0) thrown at [/build/openjdk-lts-iuKa
Event: 0,168 Thread 0x00007fc5b8016800 Exception <a 'java/lang/NoSuchMethodError'{0x0000000718a24100}: 'void java.lang.invoke.DirectMethodHandle$Holder.invokeVirtual(java.lang.Object, java.lang.Object)'> (0x0000000718a24100) thrown at [/build/openjdk-lts-iuKaMP/openjdk-lts-11.0.6+10/src/hotspo
Event: 0,316 Thread 0x00007fc5b8016800 Exception <a 'sun/nio/fs/UnixException'{0x0000000718997d40}> (0x0000000718997d40) thrown at [/build/openjdk-lts-iuKaMP/openjdk-lts-11.0.6+10/src/hotspot/share/prims/jni.cpp, line 615]

Events (20 events):
Event: 268,775 Executing VM operation: RedefineClasses done
Event: 268,783 Executing VM operation: ChangeBreakpoints
Event: 268,784 Executing VM operation: ChangeBreakpoints done
Event: 268,785 Executing VM operation: GetFrameCount
Event: 268,785 Executing VM operation: GetFrameCount done
Event: 268,785 Executing VM operation: GetStackTrace
Event: 268,785 Executing VM operation: GetStackTrace done
Event: 269,112 Executing VM operation: GetFrameCount
Event: 269,112 Executing VM operation: GetFrameCount done
Event: 269,112 Executing VM operation: GetOwnedMonitorInfo
Event: 269,112 Executing VM operation: GetOwnedMonitorInfo done
Event: 269,112 Executing VM operation: GetCurrentContendedMonitor
Event: 269,112 Executing VM operation: GetCurrentContendedMonitor done
Event: 561,984 Executing VM operation: RevokeBias
Event: 561,985 Executing VM operation: RevokeBias done
Event: 561,985 Executing VM operation: RevokeBias
Event: 561,985 Executing VM operation: RevokeBias done
Event: 561,985 loading class org/eclipse/jdt/launching/internal/org/objectweb/asm/Type
Event: 561,985 loading class org/eclipse/jdt/launching/internal/org/objectweb/asm/Type done
Event: 561,988 Executing VM operation: RedefineClasses


Dynamic libraries:
709400000-718c00000 rw-p 00000000 00:00 0 
718c00000-800000000 ---p 00000000 00:00 0 
800000000-800002000 rwxp 00001000 08:01 2359591                          /usr/lib/jvm/java-11-openjdk-amd64/lib/server/classes.jsa
800002000-80109a000 rw-p 00003000 08:01 2359591                          /usr/lib/jvm/java-11-openjdk-amd64/lib/server/classes.jsa
840000000-840080000 rw-p 00000000 00:00 0 
840080000-880000000 ---p 00000000 00:00 0 
564c21e91000-564c21e92000 r-xp 00000000 08:01 1970660                    /usr/lib/jvm/java-11-openjdk-amd64/bin/java
564c22092000-564c22093000 r--p 00001000 08:01 1970660                    /usr/lib/jvm/java-11-openjdk-amd64/bin/java
564c22093000-564c22094000 rw-p 00002000 08:01 1970660                    /usr/lib/jvm/java-11-openjdk-amd64/bin/java
564c23368000-564c23389000 rw-p 00000000 00:00 0                          [heap]
7fc544000000-7fc544021000 rw-p 00000000 00:00 0 
7fc544021000-7fc548000000 ---p 00000000 00:00 0 
7fc548000000-7fc548021000 rw-p 00000000 00:00 0 
7fc548021000-7fc54c000000 ---p 00000000 00:00 0 
7fc54c000000-7fc54c021000 rw-p 00000000 00:00 0 
7fc54c021000-7fc550000000 ---p 00000000 00:00 0 
7fc550000000-7fc550021000 rw-p 00000000 00:00 0 
7fc550021000-7fc554000000 ---p 00000000 00:00 0 
7fc554000000-7fc554078000 rw-p 00000000 00:00 0 
7fc554078000-7fc558000000 ---p 00000000 00:00 0 
7fc55b9f5000-7fc55b9f6000 ---p 00000000 00:00 0 
7fc55b9f6000-7fc55baf7000 rw-p 00000000 00:00 0 
7fc55baf7000-7fc55bafb000 ---p 00000000 00:00 0 
7fc55bafb000-7fc55bbf8000 rw-p 00000000 00:00 0 
7fc55bbf8000-7fc55bbfc000 ---p 00000000 00:00 0 
7fc55bbfc000-7fc55bcf9000 rw-p 00000000 00:00 0 
7fc55bcf9000-7fc55bcfd000 ---p 00000000 00:00 0 
7fc55bcfd000-7fc55bdfa000 rw-p 00000000 00:00 0 
7fc55bdfa000-7fc55bdfe000 r-xp 00000000 08:01 2234433                    /usr/lib/jvm/java-11-openjdk-amd64/lib/libdt_socket.so
7fc55bdfe000-7fc55bffe000 ---p 00004000 08:01 2234433                    /usr/lib/jvm/java-11-openjdk-amd64/lib/libdt_socket.so
7fc55bffe000-7fc55bfff000 r--p 00004000 08:01 2234433                    /usr/lib/jvm/java-11-openjdk-amd64/lib/libdt_socket.so
7fc55bfff000-7fc55c000000 rw-p 00005000 08:01 2234433                    /usr/lib/jvm/java-11-openjdk-amd64/lib/libdt_socket.so
7fc55c000000-7fc55c021000 rw-p 00000000 00:00 0 
7fc55c021000-7fc560000000 ---p 00000000 00:00 0 
7fc560000000-7fc5601c5000 rw-p 00000000 00:00 0 
7fc5601c5000-7fc564000000 ---p 00000000 00:00 0 
7fc564000000-7fc56409a000 rw-p 00000000 00:00 0 
7fc56409a000-7fc568000000 ---p 00000000 00:00 0 
7fc568000000-7fc568021000 rw-p 00000000 00:00 0 
7fc568021000-7fc56c000000 ---p 00000000 00:00 0 
7fc56c000000-7fc56c021000 rw-p 00000000 00:00 0 
7fc56c021000-7fc570000000 ---p 00000000 00:00 0 
7fc570000000-7fc5701ad000 rw-p 00000000 00:00 0 
7fc5701ad000-7fc574000000 ---p 00000000 00:00 0 
7fc574000000-7fc574021000 rw-p 00000000 00:00 0 
7fc574021000-7fc578000000 ---p 00000000 00:00 0 
7fc578000000-7fc578021000 rw-p 00000000 00:00 0 
7fc578021000-7fc57c000000 ---p 00000000 00:00 0 
7fc57c000000-7fc57c021000 rw-p 00000000 00:00 0 
7fc57c021000-7fc580000000 ---p 00000000 00:00 0 
7fc580000000-7fc580021000 rw-p 00000000 00:00 0 
7fc580021000-7fc584000000 ---p 00000000 00:00 0 
7fc584000000-7fc584021000 rw-p 00000000 00:00 0 
7fc584021000-7fc588000000 ---p 00000000 00:00 0 
7fc588000000-7fc588021000 rw-p 00000000 00:00 0 
7fc588021000-7fc58c000000 ---p 00000000 00:00 0 
7fc58c100000-7fc58c104000 ---p 00000000 00:00 0 
7fc58c104000-7fc58c201000 rw-p 00000000 00:00 0 
7fc58c201000-7fc58c205000 ---p 00000000 00:00 0 
7fc58c205000-7fc58c302000 rw-p 00000000 00:00 0 
7fc58c302000-7fc58c306000 ---p 00000000 00:00 0 
7fc58c306000-7fc58c403000 rw-p 00000000 00:00 0 
7fc58c403000-7fc58c419000 r-xp 00000000 08:01 2234457                    /usr/lib/jvm/java-11-openjdk-amd64/lib/libnet.so
7fc58c419000-7fc58c618000 ---p 00016000 08:01 2234457                    /usr/lib/jvm/java-11-openjdk-amd64/lib/libnet.so
7fc58c618000-7fc58c619000 r--p 00015000 08:01 2234457                    /usr/lib/jvm/java-11-openjdk-amd64/lib/libnet.so
7fc58c619000-7fc58c61a000 rw-p 00016000 08:01 2234457                    /usr/lib/jvm/java-11-openjdk-amd64/lib/libnet.so
7fc58c61a000-7fc58c62a000 r-xp 00000000 08:01 2234458                    /usr/lib/jvm/java-11-openjdk-amd64/lib/libnio.so
7fc58c62a000-7fc58c829000 ---p 00010000 08:01 2234458                    /usr/lib/jvm/java-11-openjdk-amd64/lib/libnio.so
7fc58c829000-7fc58c82a000 r--p 0000f000 08:01 2234458                    /usr/lib/jvm/java-11-openjdk-amd64/lib/libnio.so
7fc58c82a000-7fc58c82b000 rw-p 00010000 08:01 2234458                    /usr/lib/jvm/java-11-openjdk-amd64/lib/libnio.so
7fc58c82b000-7fc58c82f000 ---p 00000000 00:00 0 
7fc58c82f000-7fc58c92c000 rw-p 00000000 00:00 0 
7fc58c92c000-7fc58c930000 ---p 00000000 00:00 0 
7fc58c930000-7fc58ca2d000 rw-p 00000000 00:00 0 
7fc58ca2d000-7fc58ca31000 ---p 00000000 00:00 0 
7fc58ca31000-7fc58cb2e000 rw-p 00000000 00:00 0 
7fc58cb2e000-7fc58cb32000 ---p 00000000 00:00 0 
7fc58cb32000-7fc58cc2f000 rw-p 00000000 00:00 0 
7fc58cc2f000-7fc58d5fe000 r--p 00000000 08:01 1972915                    /usr/lib/locale/locale-archive
7fc58d5fe000-7fc58d602000 ---p 00000000 00:00 0 
7fc58d602000-7fc58d6ff000 rw-p 00000000 00:00 0 
7fc58d6ff000-7fc58d703000 ---p 00000000 00:00 0 
7fc58d703000-7fc58dc80000 rw-p 00000000 00:00 0 
7fc58dc80000-7fc58e000000 ---p 00000000 00:00 0 
7fc58e000000-7fc590000000 rw-p 00000000 00:00 0 
7fc590000000-7fc590021000 rw-p 00000000 00:00 0 
7fc590021000-7fc594000000 ---p 00000000 00:00 0 
7fc594018000-7fc594019000 ---p 00000000 00:00 0 
7fc594019000-7fc59419b000 rw-p 00000000 00:00 0 
7fc59419b000-7fc59419c000 ---p 00000000 00:00 0 
7fc59419c000-7fc59429d000 rw-p 00000000 00:00 0 
7fc59429d000-7fc59429e000 ---p 00000000 00:00 0 
7fc59429e000-7fc594880000 rw-p 00000000 00:00 0 
7fc594880000-7fc598250000 ---p 00000000 00:00 0 
7fc598250000-7fc598630000 rw-p 00000000 00:00 0 
7fc598630000-7fc59c000000 ---p 00000000 00:00 0 
7fc59c000000-7fc59c021000 rw-p 00000000 00:00 0 
7fc59c021000-7fc5a0000000 ---p 00000000 00:00 0 
7fc5a0059000-7fc5a01d6000 rw-p 00000000 00:00 0 
7fc5a01d6000-7fc5a0910000 ---p 00000000 00:00 0 
7fc5a0910000-7fc5a0b80000 rwxp 00000000 00:00 0 
7fc5a0b80000-7fc5a0ea0000 ---p 00000000 00:00 0 
7fc5a0ea0000-7fc5a1110000 rwxp 00000000 00:00 0 
7fc5a1110000-7fc5a83d8000 ---p 00000000 00:00 0 
7fc5a83d8000-7fc5a8648000 rwxp 00000000 00:00 0 
7fc5a8648000-7fc5af910000 ---p 00000000 00:00 0 
7fc5af910000-7fc5b8000000 r--s 00000000 08:01 2234467                    /usr/lib/jvm/java-11-openjdk-amd64/lib/modules
7fc5b8000000-7fc5b83ee000 rw-p 00000000 00:00 0 
7fc5b83ee000-7fc5bc000000 ---p 00000000 00:00 0 
7fc5bc058000-7fc5bc05f000 r--s 00000000 08:01 2229195                    /usr/lib/x86_64-linux-gnu/gconv/gconv-modules.cache
7fc5bc05f000-7fc5bc261000 rw-p 00000000 00:00 0 
7fc5bc261000-7fc5bc262000 ---p 00000000 00:00 0 
7fc5bc262000-7fc5bc363000 rw-p 00000000 00:00 0 
7fc5bc363000-7fc5bc364000 ---p 00000000 00:00 0 
7fc5bc364000-7fc5bc4e1000 rw-p 00000000 00:00 0 
7fc5bc4e1000-7fc5bcc1b000 ---p 00000000 00:00 0 
7fc5bcc1b000-7fc5bcc97000 rw-p 00000000 00:00 0 
7fc5bcc97000-7fc5bd3d1000 ---p 00000000 00:00 0 
7fc5bd3d1000-7fc5bd7d5000 rw-p 00000000 00:00 0 
7fc5bd7d5000-7fc5bd7d6000 ---p 00000000 00:00 0 
7fc5bd7d6000-7fc5bd8dc000 rw-p 00000000 00:00 0 
7fc5bd8dc000-7fc5bd9c2000 ---p 00000000 00:00 0 
7fc5bd9c2000-7fc5bd9c7000 rw-p 00000000 00:00 0 
7fc5bd9c7000-7fc5bdaad000 ---p 00000000 00:00 0 
7fc5bdaad000-7fc5bdab2000 r-xp 00000000 08:01 2234449                    /usr/lib/jvm/java-11-openjdk-amd64/lib/libjimage.so
7fc5bdab2000-7fc5bdcb1000 ---p 00005000 08:01 2234449                    /usr/lib/jvm/java-11-openjdk-amd64/lib/libjimage.so
7fc5bdcb1000-7fc5bdcb2000 r--p 00004000 08:01 2234449                    /usr/lib/jvm/java-11-openjdk-amd64/lib/libjimage.so
7fc5bdcb2000-7fc5bdcb3000 rw-p 00005000 08:01 2234449                    /usr/lib/jvm/java-11-openjdk-amd64/lib/libjimage.so
7fc5bdcb3000-7fc5bdcba000 r-xp 00000000 08:01 2234466                    /usr/lib/jvm/java-11-openjdk-amd64/lib/libzip.so
7fc5bdcba000-7fc5bdeb9000 ---p 00007000 08:01 2234466                    /usr/lib/jvm/java-11-openjdk-amd64/lib/libzip.so
7fc5bdeb9000-7fc5bdeba000 r--p 00006000 08:01 2234466                    /usr/lib/jvm/java-11-openjdk-amd64/lib/libzip.so
7fc5bdeba000-7fc5bdebb000 rw-p 00007000 08:01 2234466                    /usr/lib/jvm/java-11-openjdk-amd64/lib/libzip.so
7fc5bdebb000-7fc5bdec6000 r-xp 00000000 08:01 2364659                    /lib/x86_64-linux-gnu/libnss_files-2.27.so
7fc5bdec6000-7fc5be0c5000 ---p 0000b000 08:01 2364659                    /lib/x86_64-linux-gnu/libnss_files-2.27.so
7fc5be0c5000-7fc5be0c6000 r--p 0000a000 08:01 2364659                    /lib/x86_64-linux-gnu/libnss_files-2.27.so
7fc5be0c6000-7fc5be0c7000 rw-p 0000b000 08:01 2364659                    /lib/x86_64-linux-gnu/libnss_files-2.27.so
7fc5be0c7000-7fc5be0cd000 rw-p 00000000 00:00 0 
7fc5be0cd000-7fc5be0e4000 r-xp 00000000 08:01 2364653                    /lib/x86_64-linux-gnu/libnsl-2.27.so
7fc5be0e4000-7fc5be2e3000 ---p 00017000 08:01 2364653                    /lib/x86_64-linux-gnu/libnsl-2.27.so
7fc5be2e3000-7fc5be2e4000 r--p 00016000 08:01 2364653                    /lib/x86_64-linux-gnu/libnsl-2.27.so
7fc5be2e4000-7fc5be2e5000 rw-p 00017000 08:01 2364653                    /lib/x86_64-linux-gnu/libnsl-2.27.so
7fc5be2e5000-7fc5be2e7000 rw-p 00000000 00:00 0 
7fc5be2e7000-7fc5be2f2000 r-xp 00000000 08:01 2364670                    /lib/x86_64-linux-gnu/libnss_nis-2.27.so
7fc5be2f2000-7fc5be4f1000 ---p 0000b000 08:01 2364670                    /lib/x86_64-linux-gnu/libnss_nis-2.27.so
7fc5be4f1000-7fc5be4f2000 r--p 0000a000 08:01 2364670                    /lib/x86_64-linux-gnu/libnss_nis-2.27.so
7fc5be4f2000-7fc5be4f3000 rw-p 0000b000 08:01 2364670                    /lib/x86_64-linux-gnu/libnss_nis-2.27.so
7fc5be4f3000-7fc5be4fb000 r-xp 00000000 08:01 2364655                    /lib/x86_64-linux-gnu/libnss_compat-2.27.so
7fc5be4fb000-7fc5be6fb000 ---p 00008000 08:01 2364655                    /lib/x86_64-linux-gnu/libnss_compat-2.27.so
7fc5be6fb000-7fc5be6fc000 r--p 00008000 08:01 2364655                    /lib/x86_64-linux-gnu/libnss_compat-2.27.so
7fc5be6fc000-7fc5be6fd000 rw-p 00009000 08:01 2364655                    /lib/x86_64-linux-gnu/libnss_compat-2.27.so
7fc5be6fd000-7fc5be707000 r-xp 00000000 08:01 2234439                    /usr/lib/jvm/java-11-openjdk-amd64/lib/libinstrument.so
7fc5be707000-7fc5be906000 ---p 0000a000 08:01 2234439                    /usr/lib/jvm/java-11-openjdk-amd64/lib/libinstrument.so
7fc5be906000-7fc5be907000 r--p 00009000 08:01 2234439                    /usr/lib/jvm/java-11-openjdk-amd64/lib/libinstrument.so
7fc5be907000-7fc5be908000 rw-p 0000a000 08:01 2234439                    /usr/lib/jvm/java-11-openjdk-amd64/lib/libinstrument.so
7fc5be908000-7fc5be943000 r-xp 00000000 08:01 2234448                    /usr/lib/jvm/java-11-openjdk-amd64/lib/libjdwp.so
7fc5be943000-7fc5beb42000 ---p 0003b000 08:01 2234448                    /usr/lib/jvm/java-11-openjdk-amd64/lib/libjdwp.so
7fc5beb42000-7fc5beb43000 r--p 0003a000 08:01 2234448                    /usr/lib/jvm/java-11-openjdk-amd64/lib/libjdwp.so
7fc5beb43000-7fc5beb44000 rw-p 0003b000 08:01 2234448                    /usr/lib/jvm/java-11-openjdk-amd64/lib/libjdwp.so
7fc5beb44000-7fc5beb6d000 r-xp 00000000 08:01 2234445                    /usr/lib/jvm/java-11-openjdk-amd64/lib/libjava.so
7fc5beb6d000-7fc5bed6c000 ---p 00029000 08:01 2234445                    /usr/lib/jvm/java-11-openjdk-amd64/lib/libjava.so
7fc5bed6c000-7fc5bed6d000 r--p 00028000 08:01 2234445                    /usr/lib/jvm/java-11-openjdk-amd64/lib/libjava.so
7fc5bed6d000-7fc5bed6f000 rw-p 00029000 08:01 2234445                    /usr/lib/jvm/java-11-openjdk-amd64/lib/libjava.so
7fc5bed6f000-7fc5bed7c000 r-xp 00000000 08:01 2234465                    /usr/lib/jvm/java-11-openjdk-amd64/lib/libverify.so
7fc5bed7c000-7fc5bef7b000 ---p 0000d000 08:01 2234465                    /usr/lib/jvm/java-11-openjdk-amd64/lib/libverify.so
7fc5bef7b000-7fc5bef7d000 r--p 0000c000 08:01 2234465                    /usr/lib/jvm/java-11-openjdk-amd64/lib/libverify.so
7fc5bef7d000-7fc5bef7e000 rw-p 0000e000 08:01 2234465                    /usr/lib/jvm/java-11-openjdk-amd64/lib/libverify.so
7fc5bef7e000-7fc5bef85000 r-xp 00000000 08:01 2364710                    /lib/x86_64-linux-gnu/librt-2.27.so
7fc5bef85000-7fc5bf184000 ---p 00007000 08:01 2364710                    /lib/x86_64-linux-gnu/librt-2.27.so
7fc5bf184000-7fc5bf185000 r--p 00006000 08:01 2364710                    /lib/x86_64-linux-gnu/librt-2.27.so
7fc5bf185000-7fc5bf186000 rw-p 00007000 08:01 2364710                    /lib/x86_64-linux-gnu/librt-2.27.so
7fc5bf186000-7fc5bf19d000 r-xp 00000000 08:01 2386918                    /lib/x86_64-linux-gnu/libgcc_s.so.1
7fc5bf19d000-7fc5bf39c000 ---p 00017000 08:01 2386918                    /lib/x86_64-linux-gnu/libgcc_s.so.1
7fc5bf39c000-7fc5bf39d000 r--p 00016000 08:01 2386918                    /lib/x86_64-linux-gnu/libgcc_s.so.1
7fc5bf39d000-7fc5bf39e000 rw-p 00017000 08:01 2386918                    /lib/x86_64-linux-gnu/libgcc_s.so.1
7fc5bf39e000-7fc5bf53b000 r-xp 00000000 08:01 2364632                    /lib/x86_64-linux-gnu/libm-2.27.so
7fc5bf53b000-7fc5bf73a000 ---p 0019d000 08:01 2364632                    /lib/x86_64-linux-gnu/libm-2.27.so
7fc5bf73a000-7fc5bf73b000 r--p 0019c000 08:01 2364632                    /lib/x86_64-linux-gnu/libm-2.27.so
7fc5bf73b000-7fc5bf73c000 rw-p 0019d000 08:01 2364632                    /lib/x86_64-linux-gnu/libm-2.27.so
7fc5bf73c000-7fc5bf8b5000 r-xp 00000000 08:01 1966603                    /usr/lib/x86_64-linux-gnu/libstdc++.so.6.0.25
7fc5bf8b5000-7fc5bfab5000 ---p 00179000 08:01 1966603                    /usr/lib/x86_64-linux-gnu/libstdc++.so.6.0.25
7fc5bfab5000-7fc5bfabf000 r--p 00179000 08:01 1966603                    /usr/lib/x86_64-linux-gnu/libstdc++.so.6.0.25
7fc5bfabf000-7fc5bfac1000 rw-p 00183000 08:01 1966603                    /usr/lib/x86_64-linux-gnu/libstdc++.so.6.0.25
7fc5bfac1000-7fc5bfac5000 rw-p 00000000 00:00 0 
7fc5bfac5000-7fc5c0b9e000 r-xp 00000000 08:01 2359589                    /usr/lib/jvm/java-11-openjdk-amd64/lib/server/libjvm.so
7fc5c0b9e000-7fc5c0d9d000 ---p 010d9000 08:01 2359589                    /usr/lib/jvm/java-11-openjdk-amd64/lib/server/libjvm.so
7fc5c0d9d000-7fc5c0e5a000 r--p 010d8000 08:01 2359589                    /usr/lib/jvm/java-11-openjdk-amd64/lib/server/libjvm.so
7fc5c0e5a000-7fc5c0e94000 rw-p 01195000 08:01 2359589                    /usr/lib/jvm/java-11-openjdk-amd64/lib/server/libjvm.so
7fc5c0e94000-7fc5c0eea000 rw-p 00000000 00:00 0 
7fc5c0eea000-7fc5c0f04000 r-xp 00000000 08:01 2364702                    /lib/x86_64-linux-gnu/libpthread-2.27.so
7fc5c0f04000-7fc5c1103000 ---p 0001a000 08:01 2364702                    /lib/x86_64-linux-gnu/libpthread-2.27.so
7fc5c1103000-7fc5c1104000 r--p 00019000 08:01 2364702                    /lib/x86_64-linux-gnu/libpthread-2.27.so
7fc5c1104000-7fc5c1105000 rw-p 0001a000 08:01 2364702                    /lib/x86_64-linux-gnu/libpthread-2.27.so
7fc5c1105000-7fc5c1109000 rw-p 00000000 00:00 0 
7fc5c1109000-7fc5c110c000 r-xp 00000000 08:01 2364592                    /lib/x86_64-linux-gnu/libdl-2.27.so
7fc5c110c000-7fc5c130b000 ---p 00003000 08:01 2364592                    /lib/x86_64-linux-gnu/libdl-2.27.so
7fc5c130b000-7fc5c130c000 r--p 00002000 08:01 2364592                    /lib/x86_64-linux-gnu/libdl-2.27.so
7fc5c130c000-7fc5c130d000 rw-p 00003000 08:01 2364592                    /lib/x86_64-linux-gnu/libdl-2.27.so
7fc5c130d000-7fc5c1329000 r-xp 00000000 08:01 2364741                    /lib/x86_64-linux-gnu/libz.so.1.2.11
7fc5c1329000-7fc5c1528000 ---p 0001c000 08:01 2364741                    /lib/x86_64-linux-gnu/libz.so.1.2.11
7fc5c1528000-7fc5c1529000 r--p 0001b000 08:01 2364741                    /lib/x86_64-linux-gnu/libz.so.1.2.11
7fc5c1529000-7fc5c152a000 rw-p 0001c000 08:01 2364741                    /lib/x86_64-linux-gnu/libz.so.1.2.11
7fc5c152a000-7fc5c1711000 r-xp 00000000 08:01 2364569                    /lib/x86_64-linux-gnu/libc-2.27.so
7fc5c1711000-7fc5c1911000 ---p 001e7000 08:01 2364569                    /lib/x86_64-linux-gnu/libc-2.27.so
7fc5c1911000-7fc5c1915000 r--p 001e7000 08:01 2364569                    /lib/x86_64-linux-gnu/libc-2.27.so
7fc5c1915000-7fc5c1917000 rw-p 001eb000 08:01 2364569                    /lib/x86_64-linux-gnu/libc-2.27.so
7fc5c1917000-7fc5c191b000 rw-p 00000000 00:00 0 
7fc5c191b000-7fc5c192b000 r-xp 00000000 08:01 2232364                    /usr/lib/jvm/java-11-openjdk-amd64/lib/jli/libjli.so
7fc5c192b000-7fc5c1b2a000 ---p 00010000 08:01 2232364                    /usr/lib/jvm/java-11-openjdk-amd64/lib/jli/libjli.so
7fc5c1b2a000-7fc5c1b2b000 r--p 0000f000 08:01 2232364                    /usr/lib/jvm/java-11-openjdk-amd64/lib/jli/libjli.so
7fc5c1b2b000-7fc5c1b2c000 rw-p 00010000 08:01 2232364                    /usr/lib/jvm/java-11-openjdk-amd64/lib/jli/libjli.so
7fc5c1b2c000-7fc5c1b53000 r-xp 00000000 08:01 2364541                    /lib/x86_64-linux-gnu/ld-2.27.so
7fc5c1b57000-7fc5c1c36000 rw-p 00000000 00:00 0 
7fc5c1c36000-7fc5c1c3a000 ---p 00000000 00:00 0 
7fc5c1c3a000-7fc5c1d3e000 rw-p 00000000 00:00 0 
7fc5c1d3e000-7fc5c1d45000 ---p 00000000 00:00 0 
7fc5c1d45000-7fc5c1d47000 r--s 00007000 08:01 2376492                    /usr/share/java/java-atk-wrapper.jar
7fc5c1d47000-7fc5c1d4f000 rw-s 00000000 08:01 937174                     /tmp/hsperfdata_fede/8639
7fc5c1d4f000-7fc5c1d50000 ---p 00000000 00:00 0 
7fc5c1d50000-7fc5c1d51000 r--p 00000000 00:00 0 
7fc5c1d51000-7fc5c1d53000 rw-p 00000000 00:00 0 
7fc5c1d53000-7fc5c1d54000 r--p 00027000 08:01 2364541                    /lib/x86_64-linux-gnu/ld-2.27.so
7fc5c1d54000-7fc5c1d55000 rw-p 00028000 08:01 2364541                    /lib/x86_64-linux-gnu/ld-2.27.so
7fc5c1d55000-7fc5c1d56000 rw-p 00000000 00:00 0 
7fffdbd0c000-7fffdbd2d000 rw-p 00000000 00:00 0                          [stack]
7fffdbd7a000-7fffdbd7d000 r--p 00000000 00:00 0                          [vvar]
7fffdbd7d000-7fffdbd7e000 r-xp 00000000 00:00 0                          [vdso]
ffffffffff600000-ffffffffff601000 --xp 00000000 00:00 0                  [vsyscall]


VM Arguments:
jvm_args: -agentlib:jdwp=transport=dt_socket,suspend=y,address=localhost:46577 -javaagent:/home/fede/.eclipse/360744286_linux_gtk_x86_64/configuration/org.eclipse.osgi/222/0/.cp/lib/javaagent-shaded.jar -Dfile.encoding=UTF-8 --module-path=/home/fede/eclipse-workspace/practica-prog-3/bin -Djdk.module.main=clase1 
java_command: clase1/clase1.main
java_class_path (initial): <not set>
Launcher Type: SUN_STANDARD

[Global flags]
     intx CICompilerCount                          = 3                                         {product} {ergonomic}
     uint ConcGCThreads                            = 1                                         {product} {ergonomic}
     uint G1ConcRefinementThreads                  = 4                                         {product} {ergonomic}
   size_t G1HeapRegionSize                         = 1048576                                   {product} {ergonomic}
    uintx GCDrainStackTargetSize                   = 64                                        {product} {ergonomic}
   size_t InitialHeapSize                          = 260046848                                 {product} {ergonomic}
   size_t MarkStackSize                            = 4194304                                   {product} {ergonomic}
   size_t MaxHeapSize                              = 4139778048                                {product} {ergonomic}
   size_t MaxNewSize                               = 2483027968                                {product} {ergonomic}
   size_t MinHeapDeltaBytes                        = 1048576                                   {product} {ergonomic}
    uintx NonNMethodCodeHeapSize                   = 5830732                                {pd product} {ergonomic}
    uintx NonProfiledCodeHeapSize                  = 122913754                              {pd product} {ergonomic}
    uintx ProfiledCodeHeapSize                     = 122913754                              {pd product} {ergonomic}
    uintx ReservedCodeCacheSize                    = 251658240                              {pd product} {ergonomic}
     bool SegmentedCodeCache                       = true                                      {product} {ergonomic}
     bool UseCompressedClassPointers               = true                                 {lp64_product} {ergonomic}
     bool UseCompressedOops                        = true                                 {lp64_product} {ergonomic}
     bool UseG1GC                                  = true                                      {product} {ergonomic}

Logging:
Log output configuration:
 #0: stdout all=warning uptime,level,tags
 #1: stderr all=off uptime,level,tags

Environment Variables:
JAVA_HOME=/usr/lib/jvm/java-11-openjdk-amd64/bin/
PATH=/home/fede/.local/bin:/usr/local/sbin:/usr/local/bin:/usr/sbin:/usr/bin:/sbin:/bin:/usr/games:/usr/local/games:/snap/bin
USERNAME=fede
SHELL=/bin/bash
DISPLAY=:0

Signal Handlers:
SIGSEGV: [libjvm.so+0xdf1470], sa_mask[0]=11111111011111111101111111111110, sa_flags=SA_RESTART|SA_SIGINFO
SIGBUS: [libjvm.so+0xdf1470], sa_mask[0]=11111111011111111101111111111110, sa_flags=SA_RESTART|SA_SIGINFO
SIGFPE: [libjvm.so+0xdf1470], sa_mask[0]=11111111011111111101111111111110, sa_flags=SA_RESTART|SA_SIGINFO
SIGPIPE: [libjvm.so+0xbc5560], sa_mask[0]=11111111011111111101111111111110, sa_flags=SA_RESTART|SA_SIGINFO
SIGXFSZ: [libjvm.so+0xbc5560], sa_mask[0]=11111111011111111101111111111110, sa_flags=SA_RESTART|SA_SIGINFO
SIGILL: [libjvm.so+0xdf1470], sa_mask[0]=11111111011111111101111111111110, sa_flags=SA_RESTART|SA_SIGINFO
SIGUSR2: [libjvm.so+0xbc5400], sa_mask[0]=00100000000000000000000000000000, sa_flags=SA_RESTART|SA_SIGINFO
SIGHUP: [libjvm.so+0xbc5760], sa_mask[0]=11111111011111111101111111111110, sa_flags=SA_RESTART|SA_SIGINFO
SIGINT: [libjvm.so+0xbc5760], sa_mask[0]=11111111011111111101111111111110, sa_flags=SA_RESTART|SA_SIGINFO
SIGTERM: [libjvm.so+0xbc5760], sa_mask[0]=11111111011111111101111111111110, sa_flags=SA_RESTART|SA_SIGINFO
SIGQUIT: [libjvm.so+0xbc5760], sa_mask[0]=11111111011111111101111111111110, sa_flags=SA_RESTART|SA_SIGINFO


---------------  S Y S T E M  ---------------

OS:DISTRIB_ID=Ubuntu
DISTRIB_RELEASE=18.04
DISTRIB_CODENAME=bionic
DISTRIB_DESCRIPTION="Ubuntu 18.04.3 LTS"
uname:Linux 5.3.0-46-generic #38~18.04.1-Ubuntu SMP Tue Mar 31 04:17:56 UTC 2020 x86_64
libc:glibc 2.27 NPTL 2.27 
rlimit: STACK 8192k, CORE 0k, NPROC 62974, NOFILE 1048576, AS infinity, DATA infinity, FSIZE infinity
load average:2,48 1,08 0,92

/proc/meminfo:
MemTotal:       16168768 kB
MemFree:        10174724 kB
MemAvailable:   12189724 kB
Buffers:          333980 kB
Cached:          2418200 kB
SwapCached:            0 kB
Active:          3711544 kB
Inactive:        1512908 kB
Active(anon):    2789304 kB
Inactive(anon):   234552 kB
Active(file):     922240 kB
Inactive(file):  1278356 kB
Unevictable:      320556 kB
Mlocked:             144 kB
SwapTotal:       4881404 kB
SwapFree:        4881404 kB
Dirty:              4700 kB
Writeback:             0 kB
AnonPages:       2792996 kB
Mapped:           898612 kB
Shmem:            557264 kB
KReclaimable:     138316 kB
Slab:             256160 kB
SReclaimable:     138316 kB
SUnreclaim:       117844 kB
KernelStack:       17648 kB
PageTables:        76672 kB
NFS_Unstable:          0 kB
Bounce:                0 kB
WritebackTmp:          0 kB
CommitLimit:    12965788 kB
Committed_AS:   12077520 kB
VmallocTotal:   34359738367 kB
VmallocUsed:       37552 kB
VmallocChunk:          0 kB
Percpu:             3184 kB
HardwareCorrupted:     0 kB
AnonHugePages:         0 kB
ShmemHugePages:        0 kB
ShmemPmdMapped:        0 kB
CmaTotal:              0 kB
CmaFree:               0 kB
HugePages_Total:       0
HugePages_Free:        0
HugePages_Rsvd:        0
HugePages_Surp:        0
Hugepagesize:       2048 kB
Hugetlb:               0 kB
DirectMap4k:      315352 kB
DirectMap2M:     8890368 kB
DirectMap1G:     8388608 kB


/proc/sys/kernel/threads-max (system-wide limit on the number of threads):
125949


/proc/sys/vm/max_map_count (maximum number of memory map areas a process may have):
65530


/proc/sys/kernel/pid_max (system-wide limit on number of process identifiers):
32768



container (cgroup) information:
container_type: cgroupv1
cpu_cpuset_cpus: 0-3
cpu_memory_nodes: 0
active_processor_count: 4
cpu_quota: -1
cpu_period: 100000
cpu_shares: -1
memory_limit_in_bytes: -1
memory_and_swap_limit_in_bytes: -2
memory_soft_limit_in_bytes: -1
memory_usage_in_bytes: 4823531520
memory_max_usage_in_bytes: 4853506048

Steal ticks since vm start: 0
Steal ticks percentage since vm start:  0,000

CPU:total 4 (initial active 4) (2 cores per cpu, 2 threads per core) family 6 model 142 stepping 9, cmov, cx8, fxsr, mmx, sse, sse2, sse3, ssse3, sse4.1, sse4.2, popcnt, avx, avx2, aes, clmul, erms, 3dnowpref, lzcnt, ht, tsc, tscinvbit, bmi1, bmi2, adx, fma
CPU Model and flags from /proc/cpuinfo:
model name	: Intel(R) Core(TM) i3-7100U CPU @ 2.40GHz
flags		: fpu vme de pse tsc msr pae mce cx8 apic sep mtrr pge mca cmov pat pse36 clflush dts acpi mmx fxsr sse sse2 ss ht tm pbe syscall nx pdpe1gb rdtscp lm constant_tsc art arch_perfmon pebs bts rep_good nopl xtopology nonstop_tsc cpuid aperfmperf pni pclmulqdq dtes64 monitor ds_cpl vmx est tm2 ssse3 sdbg fma cx16 xtpr pdcm pcid sse4_1 sse4_2 x2apic movbe popcnt tsc_deadline_timer aes xsave avx f16c rdrand lahf_lm abm 3dnowprefetch cpuid_fault epb invpcid_single pti ssbd ibrs ibpb stibp tpr_shadow vnmi flexpriority ept vpid ept_ad fsgsbase tsc_adjust bmi1 avx2 smep bmi2 erms invpcid mpx rdseed adx smap clflushopt intel_pt xsaveopt xsavec xgetbv1 xsaves dtherm arat pln pts hwp hwp_notify hwp_act_window hwp_epp md_clear flush_l1d

Memory: 4k page, physical 16168768k(10174724k free), swap 4881404k(4881404k free)

vm_info: OpenJDK 64-Bit Server VM (11.0.6+10-post-Ubuntu-1ubuntu118.04.1) for linux-amd64 JRE (11.0.6+10-post-Ubuntu-1ubuntu118.04.1), built on Jan 15 2020 15:14:00 by "unknown" with gcc 7.4.0

END.
