#
# A fatal error has been detected by the Java Runtime Environment:
#
#  SIGSEGV (0xb) at pc=0x00007fe04d5d5b91, pid=8590, tid=8603
#
# JRE version: OpenJDK Runtime Environment (11.0.6+10) (build 11.0.6+10-post-Ubuntu-1ubuntu118.04.1)
# Java VM: OpenJDK 64-Bit Server VM (11.0.6+10-post-Ubuntu-1ubuntu118.04.1, mixed mode, sharing, tiered, compressed oops, g1 gc, linux-amd64)
# Problematic frame:
# V  [libjvm.so+0xb32b91]
#
# Core dump will be written. Default location: Core dumps may be processed with "/usr/share/apport/apport %p %s %c %d %P %E" (or dumping to /home/fede/eclipse-workspace/practica-prog-3/core.8590)
#
# If you would like to submit a bug report, please visit:
#   https://bugs.launchpad.net/ubuntu/+source/openjdk-lts
#

---------------  S U M M A R Y ------------

Command Line: -agentlib:jdwp=transport=dt_socket,suspend=y,address=localhost:40989 -javaagent:/home/fede/.eclipse/360744286_linux_gtk_x86_64/configuration/org.eclipse.osgi/222/0/.cp/lib/javaagent-shaded.jar -Dfile.encoding=UTF-8 --module-path=/home/fede/eclipse-workspace/practica-prog-3/bin -Djdk.module.main=clase1 clase1/clase1.main

Host: Intel(R) Core(TM) i3-7100U CPU @ 2.40GHz, 4 cores, 15G, Ubuntu 18.04.3 LTS
Time: Sat Apr 18 16:16:01 2020 -03 elapsed time: 565 seconds (0d 0h 9m 25s)

---------------  T H R E A D  ---------------

Current thread (0x00007fe04820e000):  VMThread "VM Thread" [stack: 0x00007fe02c397000,0x00007fe02c497000] [id=8603]

Stack: [0x00007fe02c397000,0x00007fe02c497000],  sp=0x00007fe02c495838,  free space=1018k
Native frames: (J=compiled Java code, A=aot compiled Java code, j=interpreted, Vv=VM code, C=native code)
V  [libjvm.so+0xb32b91]
V  [libjvm.so+0xb328b7]
V  [libjvm.so+0x9ebe1f]
V  [libjvm.so+0xdfa5c8]
V  [libjvm.so+0xdf7db6]
V  [libjvm.so+0xdf82c0]
V  [libjvm.so+0xdf8743]
V  [libjvm.so+0xd7f20a]
V  [libjvm.so+0xbcf1fe]


siginfo: si_signo: 11 (SIGSEGV), si_code: 128 (SI_KERNEL), si_addr: 0x0000000000000000

Register to memory mapping:

RAX=0x13f000007fe04d5f is an unknown value
RBX=0x00007fdfd80026f0 points into unknown readable memory: 00 68 01 48 e0 7f 00 00
RCX=0x0000000000000240 is an unknown value
RDX=0x00007fe04de3e260: <offset 0x000000000139b260> in /usr/lib/jvm/java-11-openjdk-amd64/lib/server/libjvm.so at 0x00007fe04caa3000
RSP=0x00007fe02c495838 points into unknown readable memory: e3 06 82 4d e0 7f 00 00
RBP=0x00007fe02c495890 points into unknown readable memory: b0 58 49 2c e0 7f 00 00
RSI=0x0000000000000001 is an unknown value
RDI=0x00007fe02c96a510 is pointing into metadata
R8 =0x0000000000001399 is an unknown value
R9 =0x00007fe02c495a30 points into unknown readable memory: 99 13 00 00 00 00 00 00
R10=0x00007fe02c4959f0 points into unknown readable memory: 01 00 00 00 00 00 00 00
R11=0x0 is NULL
R12=0x00007fe048016800 is a thread
R13=0x00007fe04d5d5b80: <offset 0x0000000000b32b80> in /usr/lib/jvm/java-11-openjdk-amd64/lib/server/libjvm.so at 0x00007fe04caa3000
R14=0x0000000000000008 is an unknown value
R15=0x0000000000000001 is an unknown value


Registers:
RAX=0x13f000007fe04d5f, RBX=0x00007fdfd80026f0, RCX=0x0000000000000240, RDX=0x00007fe04de3e260
RSP=0x00007fe02c495838, RBP=0x00007fe02c495890, RSI=0x0000000000000001, RDI=0x00007fe02c96a510
R8 =0x0000000000001399, R9 =0x00007fe02c495a30, R10=0x00007fe02c4959f0, R11=0x0000000000000000
R12=0x00007fe048016800, R13=0x00007fe04d5d5b80, R14=0x0000000000000008, R15=0x0000000000000001
RIP=0x00007fe04d5d5b91, EFLAGS=0x0000000000010202, CSGSFS=0x002b000000000033, ERR=0x0000000000000000
  TRAPNO=0x000000000000000d

Top of Stack: (sp=0x00007fe02c495838)
0x00007fe02c495838:   00007fe04d8206e3 00007fdfd8002750
0x00007fe02c495848:   0000000000000240 00007fe04dd8e4e8
0x00007fe02c495858:   00007fe04d5d5b80 0000000200000001
0x00007fe02c495868:   0000000000000001 00007fe0190018d0 

Instructions: (pc=0x00007fe04d5d5b91)
0x00007fe04d5d5a91:   48 c7 80 08 02 00 00 00 00 00 00 48 c7 80 10 02
0x00007fe04d5d5aa1:   00 00 00 00 00 00 5d c3 90 66 0f 1f 44 00 00 55
0x00007fe04d5d5ab1:   48 89 e5 53 48 89 fb 48 83 ec 08 48 8b 05 65 36
0x00007fe04d5d5ac1:   8c 00 48 85 c0 74 3d 48 8b 90 00 02 00 00 48 8d
0x00007fe04d5d5ad1:   88 00 02 00 00 48 39 ca 74 15 48 89 1a 48 83 80
0x00007fe04d5d5ae1:   00 02 00 00 08 48 83 c4 08 5b 5d c3 0f 1f 00 48
0x00007fe04d5d5af1:   8b 15 41 36 8c 00 48 89 05 3a 36 8c 00 48 89 90
0x00007fe04d5d5b01:   08 02 00 00 48 8b 05 24 36 8c 00 48 85 c0 74 1f
0x00007fe04d5d5b11:   48 8b 90 10 02 00 00 48 89 15 11 36 8c 00 48 8b
0x00007fe04d5d5b21:   90 00 02 00 00 48 89 05 fb 35 8c 00 eb ac 90 31
0x00007fe04d5d5b31:   d2 be 07 00 00 00 bf 18 02 00 00 e8 ff fe 88 ff
0x00007fe04d5d5b41:   48 85 c0 74 2a 48 89 c2 48 89 80 00 02 00 00 48
0x00007fe04d5d5b51:   c7 80 08 02 00 00 00 00 00 00 48 c7 80 10 02 00
0x00007fe04d5d5b61:   00 00 00 00 00 eb be 0f 1f 84 00 00 00 00 00 48
0x00007fe04d5d5b71:   8b 14 25 00 02 00 00 eb ac 66 0f 1f 44 00 00 55
0x00007fe04d5d5b81:   48 8b 07 be 01 00 00 00 48 89 e5 5d 48 8b 40 68
0x00007fe04d5d5b91:   ff e0 66 2e 0f 1f 84 00 00 00 00 00 0f 1f 00 48
0x00007fe04d5d5ba1:   8d 15 e9 88 86 00 48 8b 0d c2 35 8c 00 48 8d 05
0x00007fe04d5d5bb1:   f3 88 86 00 55 48 8b 32 48 8d 54 39 ff 48 f7 d9
0x00007fe04d5d5bc1:   48 8b 00 48 89 e5 48 21 ca 48 39 d0 73 0a 48 01
0x00007fe04d5d5bd1:   d0 48 39 d6 48 0f 43 c6 5d c3 90 0f 1f 40 00 55
0x00007fe04d5d5be1:   48 8b 05 e0 35 8c 00 48 89 e5 5d c3 90 66 90 4c
0x00007fe04d5d5bf1:   8b 05 d1 35 8c 00 55 48 89 e5 4c 01 c7 73 0a 48
0x00007fe04d5d5c01:   8b 3d 69 35 8c 00 48 f7 df 48 8d 05 cf 88 86 00
0x00007fe04d5d5c11:   48 39 38 73 12 48 85 c9 74 03 c6 01 00 31 c0 5d
0x00007fe04d5d5c21:   c3 66 0f 1f 44 00 00 48 85 c9 74 03 c6 01 01 48
0x00007fe04d5d5c31:   8d 0d 91 35 8c 00 4c 89 c0 f0 48 0f b1 39 49 39
0x00007fe04d5d5c41:   c0 75 da 48 85 f6 74 03 48 89 3e 48 85 d2 b8 01
0x00007fe04d5d5c51:   00 00 00 74 ca 4c 89 02 5d c3 90 0f 1f 40 00 55
0x00007fe04d5d5c61:   48 89 f8 48 8d 15 5d 35 8c 00 48 f7 d8 48 89 e5
0x00007fe04d5d5c71:   f0 48 0f c1 02 48 29 f8 5d c3 90 0f 1f 40 00 48
0x00007fe04d5d5c81:   8d 05 59 88 86 00 55 48 89 e5 48 8b 00 5d 48 89 


Stack slot to memory mapping:
stack at sp + 0 slots: 0x00007fe04d8206e3: <offset 0x0000000000d7d6e3> in /usr/lib/jvm/java-11-openjdk-amd64/lib/server/libjvm.so at 0x00007fe04caa3000
stack at sp + 1 slots: 0x00007fdfd8002750 points into unknown readable memory: 00 00 00 00 00 00 00 00
stack at sp + 2 slots: 0x0000000000000240 is an unknown value
stack at sp + 3 slots: 0x00007fe04dd8e4e8: <offset 0x00000000012eb4e8> in /usr/lib/jvm/java-11-openjdk-amd64/lib/server/libjvm.so at 0x00007fe04caa3000
stack at sp + 4 slots: 0x00007fe04d5d5b80: <offset 0x0000000000b32b80> in /usr/lib/jvm/java-11-openjdk-amd64/lib/server/libjvm.so at 0x00007fe04caa3000
stack at sp + 5 slots: 0x0000000200000001 is an unknown value
stack at sp + 6 slots: 0x0000000000000001 is an unknown value
stack at sp + 7 slots: 0x00007fe0190018d0 is pointing into the stack for thread: 0x00007fe0482eb800

VM_Operation (0x00007fe0190018d0): RedefineClasses, mode: safepoint, requested by thread 0x00007fe0482eb800


---------------  P R O C E S S  ---------------

Threads class SMR info:
_java_thread_list=0x00007fdfd8000b20, length=12, elements={
0x00007fe048016800, 0x00007fe048211000, 0x00007fe048213000, 0x00007fe04821a000,
0x00007fe04821c000, 0x00007fe04821e800, 0x00007fe048220800, 0x00007fe04829b000,
0x00007fe0482eb800, 0x00007fe0482ef000, 0x00007fdfec001800, 0x00007fe048356800
}

Java Threads: ( => current thread )
  0x00007fe048016800 JavaThread "main" [_thread_blocked, id=8594, stack(0x00007fe04ec14000,0x00007fe04ed15000)]
  0x00007fe048211000 JavaThread "Reference Handler" daemon [_thread_blocked, id=8604, stack(0x00007fe02c294000,0x00007fe02c395000)]
  0x00007fe048213000 JavaThread "Finalizer" daemon [_thread_blocked, id=8605, stack(0x00007fe02c193000,0x00007fe02c294000)]
  0x00007fe04821a000 JavaThread "Signal Dispatcher" daemon [_thread_blocked, id=8606, stack(0x00007fe02c092000,0x00007fe02c193000)]
  0x00007fe04821c000 JavaThread "C2 CompilerThread0" daemon [_thread_blocked, id=8607, stack(0x00007fe02039f000,0x00007fe0204a0000)]
  0x00007fe04821e800 JavaThread "C1 CompilerThread0" daemon [_thread_blocked, id=8608, stack(0x00007fe02029e000,0x00007fe02039f000)]
  0x00007fe048220800 JavaThread "Sweeper thread" daemon [_thread_blocked, id=8609, stack(0x00007fe02019d000,0x00007fe02029e000)]
  0x00007fe04829b000 JavaThread "Common-Cleaner" daemon [_thread_blocked, id=8610, stack(0x00007fe02009c000,0x00007fe02019d000)]
  0x00007fe0482eb800 JavaThread "JDWP Transport Listener: dt_socket" daemon [_thread_blocked, id=8612, stack(0x00007fe018f02000,0x00007fe019003000)]
  0x00007fe0482ef000 JavaThread "JDWP Event Helper Thread" daemon [_thread_blocked, id=8615, stack(0x00007fe018e01000,0x00007fe018f02000)]
  0x00007fdfec001800 JavaThread "JDWP Command Reader" daemon [_thread_in_native, id=8616, stack(0x00007fe018d00000,0x00007fe018e01000)]
  0x00007fe048356800 JavaThread "Service Thread" daemon [_thread_blocked, id=8623, stack(0x00007fe018afe000,0x00007fe018bff000)]

Other Threads:
=>0x00007fe04820e000 VMThread "VM Thread" [stack: 0x00007fe02c397000,0x00007fe02c497000] [id=8603]
  0x00007fe048359000 WatcherThread [stack: 0x00007fe0189fe000,0x00007fe018afe000] [id=8624]
  0x00007fe04802f800 GCTaskThread "GC Thread#0" [stack: 0x00007fe02f04c000,0x00007fe02f14c000] [id=8597]
  0x00007fe04808c800 ConcurrentGCThread "G1 Main Marker" [stack: 0x00007fe02d424000,0x00007fe02d524000] [id=8599]
  0x00007fe04808e800 ConcurrentGCThread "G1 Conc#0" [stack: 0x00007fe02d322000,0x00007fe02d422000] [id=8600]
  0x00007fe04817b800 ConcurrentGCThread "G1 Refine#0" [stack: 0x00007fe02ce1c000,0x00007fe02cf1c000] [id=8601]
  0x00007fe04817d800 ConcurrentGCThread "G1 Young RemSet Sampling" [stack: 0x00007fe02cd1a000,0x00007fe02ce1a000] [id=8602]

Threads with active compile tasks:

VM state:at safepoint (normal execution)

VM Mutex/Monitor currently owned by a thread:  ([mutex/lock_event])
[0x00007fe048012790] Threads_lock - owner thread: 0x00007fe04820e000

Heap address: 0x0000000709400000, size: 3948 MB, Compressed Oops mode: Zero based, Oop shift amount: 3
Narrow klass base: 0x0000000800000000, Narrow klass shift: 3
Compressed class space size: 1073741824 Address: 0x0000000840000000

Heap:
 garbage-first heap   total 253952K, used 4096K [0x0000000709400000, 0x0000000800000000)
  region size 1024K, 5 young (5120K), 0 survivors (0K)
 Metaspace       used 3173K, capacity 4943K, committed 5120K, reserved 1056768K
  class space    used 309K, capacity 455K, committed 512K, reserved 1048576K
Heap Regions: E=young(eden), S=young(survivor), O=old, HS=humongous(starts), HC=humongous(continues), CS=collection set, F=free, A=archive, TAMS=top-at-mark-start (previous, next)
|   0|0x0000000709400000, 0x0000000709400000, 0x0000000709500000|  0%| F|  |TAMS 0x0000000709400000, 0x0000000709400000| Untracked 
|   1|0x0000000709500000, 0x0000000709500000, 0x0000000709600000|  0%| F|  |TAMS 0x0000000709500000, 0x0000000709500000| Untracked 
|   2|0x0000000709600000, 0x0000000709600000, 0x0000000709700000|  0%| F|  |TAMS 0x0000000709600000, 0x0000000709600000| Untracked 
|   3|0x0000000709700000, 0x0000000709700000, 0x0000000709800000|  0%| F|  |TAMS 0x0000000709700000, 0x0000000709700000| Untracked 
|   4|0x0000000709800000, 0x0000000709800000, 0x0000000709900000|  0%| F|  |TAMS 0x0000000709800000, 0x0000000709800000| Untracked 
|   5|0x0000000709900000, 0x0000000709900000, 0x0000000709a00000|  0%| F|  |TAMS 0x0000000709900000, 0x0000000709900000| Untracked 
|   6|0x0000000709a00000, 0x0000000709a00000, 0x0000000709b00000|  0%| F|  |TAMS 0x0000000709a00000, 0x0000000709a00000| Untracked 
|   7|0x0000000709b00000, 0x0000000709b00000, 0x0000000709c00000|  0%| F|  |TAMS 0x0000000709b00000, 0x0000000709b00000| Untracked 
|   8|0x0000000709c00000, 0x0000000709c00000, 0x0000000709d00000|  0%| F|  |TAMS 0x0000000709c00000, 0x0000000709c00000| Untracked 
|   9|0x0000000709d00000, 0x0000000709d00000, 0x0000000709e00000|  0%| F|  |TAMS 0x0000000709d00000, 0x0000000709d00000| Untracked 
|  10|0x0000000709e00000, 0x0000000709e00000, 0x0000000709f00000|  0%| F|  |TAMS 0x0000000709e00000, 0x0000000709e00000| Untracked 
|  11|0x0000000709f00000, 0x0000000709f00000, 0x000000070a000000|  0%| F|  |TAMS 0x0000000709f00000, 0x0000000709f00000| Untracked 
|  12|0x000000070a000000, 0x000000070a000000, 0x000000070a100000|  0%| F|  |TAMS 0x000000070a000000, 0x000000070a000000| Untracked 
|  13|0x000000070a100000, 0x000000070a100000, 0x000000070a200000|  0%| F|  |TAMS 0x000000070a100000, 0x000000070a100000| Untracked 
|  14|0x000000070a200000, 0x000000070a200000, 0x000000070a300000|  0%| F|  |TAMS 0x000000070a200000, 0x000000070a200000| Untracked 
|  15|0x000000070a300000, 0x000000070a300000, 0x000000070a400000|  0%| F|  |TAMS 0x000000070a300000, 0x000000070a300000| Untracked 
|  16|0x000000070a400000, 0x000000070a400000, 0x000000070a500000|  0%| F|  |TAMS 0x000000070a400000, 0x000000070a400000| Untracked 
|  17|0x000000070a500000, 0x000000070a500000, 0x000000070a600000|  0%| F|  |TAMS 0x000000070a500000, 0x000000070a500000| Untracked 
|  18|0x000000070a600000, 0x000000070a600000, 0x000000070a700000|  0%| F|  |TAMS 0x000000070a600000, 0x000000070a600000| Untracked 
|  19|0x000000070a700000, 0x000000070a700000, 0x000000070a800000|  0%| F|  |TAMS 0x000000070a700000, 0x000000070a700000| Untracked 
|  20|0x000000070a800000, 0x000000070a800000, 0x000000070a900000|  0%| F|  |TAMS 0x000000070a800000, 0x000000070a800000| Untracked 
|  21|0x000000070a900000, 0x000000070a900000, 0x000000070aa00000|  0%| F|  |TAMS 0x000000070a900000, 0x000000070a900000| Untracked 
|  22|0x000000070aa00000, 0x000000070aa00000, 0x000000070ab00000|  0%| F|  |TAMS 0x000000070aa00000, 0x000000070aa00000| Untracked 
|  23|0x000000070ab00000, 0x000000070ab00000, 0x000000070ac00000|  0%| F|  |TAMS 0x000000070ab00000, 0x000000070ab00000| Untracked 
|  24|0x000000070ac00000, 0x000000070ac00000, 0x000000070ad00000|  0%| F|  |TAMS 0x000000070ac00000, 0x000000070ac00000| Untracked 
|  25|0x000000070ad00000, 0x000000070ad00000, 0x000000070ae00000|  0%| F|  |TAMS 0x000000070ad00000, 0x000000070ad00000| Untracked 
|  26|0x000000070ae00000, 0x000000070ae00000, 0x000000070af00000|  0%| F|  |TAMS 0x000000070ae00000, 0x000000070ae00000| Untracked 
|  27|0x000000070af00000, 0x000000070af00000, 0x000000070b000000|  0%| F|  |TAMS 0x000000070af00000, 0x000000070af00000| Untracked 
|  28|0x000000070b000000, 0x000000070b000000, 0x000000070b100000|  0%| F|  |TAMS 0x000000070b000000, 0x000000070b000000| Untracked 
|  29|0x000000070b100000, 0x000000070b100000, 0x000000070b200000|  0%| F|  |TAMS 0x000000070b100000, 0x000000070b100000| Untracked 
|  30|0x000000070b200000, 0x000000070b200000, 0x000000070b300000|  0%| F|  |TAMS 0x000000070b200000, 0x000000070b200000| Untracked 
|  31|0x000000070b300000, 0x000000070b300000, 0x000000070b400000|  0%| F|  |TAMS 0x000000070b300000, 0x000000070b300000| Untracked 
|  32|0x000000070b400000, 0x000000070b400000, 0x000000070b500000|  0%| F|  |TAMS 0x000000070b400000, 0x000000070b400000| Untracked 
|  33|0x000000070b500000, 0x000000070b500000, 0x000000070b600000|  0%| F|  |TAMS 0x000000070b500000, 0x000000070b500000| Untracked 
|  34|0x000000070b600000, 0x000000070b600000, 0x000000070b700000|  0%| F|  |TAMS 0x000000070b600000, 0x000000070b600000| Untracked 
|  35|0x000000070b700000, 0x000000070b700000, 0x000000070b800000|  0%| F|  |TAMS 0x000000070b700000, 0x000000070b700000| Untracked 
|  36|0x000000070b800000, 0x000000070b800000, 0x000000070b900000|  0%| F|  |TAMS 0x000000070b800000, 0x000000070b800000| Untracked 
|  37|0x000000070b900000, 0x000000070b900000, 0x000000070ba00000|  0%| F|  |TAMS 0x000000070b900000, 0x000000070b900000| Untracked 
|  38|0x000000070ba00000, 0x000000070ba00000, 0x000000070bb00000|  0%| F|  |TAMS 0x000000070ba00000, 0x000000070ba00000| Untracked 
|  39|0x000000070bb00000, 0x000000070bb00000, 0x000000070bc00000|  0%| F|  |TAMS 0x000000070bb00000, 0x000000070bb00000| Untracked 
|  40|0x000000070bc00000, 0x000000070bc00000, 0x000000070bd00000|  0%| F|  |TAMS 0x000000070bc00000, 0x000000070bc00000| Untracked 
|  41|0x000000070bd00000, 0x000000070bd00000, 0x000000070be00000|  0%| F|  |TAMS 0x000000070bd00000, 0x000000070bd00000| Untracked 
|  42|0x000000070be00000, 0x000000070be00000, 0x000000070bf00000|  0%| F|  |TAMS 0x000000070be00000, 0x000000070be00000| Untracked 
|  43|0x000000070bf00000, 0x000000070bf00000, 0x000000070c000000|  0%| F|  |TAMS 0x000000070bf00000, 0x000000070bf00000| Untracked 
|  44|0x000000070c000000, 0x000000070c000000, 0x000000070c100000|  0%| F|  |TAMS 0x000000070c000000, 0x000000070c000000| Untracked 
|  45|0x000000070c100000, 0x000000070c100000, 0x000000070c200000|  0%| F|  |TAMS 0x000000070c100000, 0x000000070c100000| Untracked 
|  46|0x000000070c200000, 0x000000070c200000, 0x000000070c300000|  0%| F|  |TAMS 0x000000070c200000, 0x000000070c200000| Untracked 
|  47|0x000000070c300000, 0x000000070c300000, 0x000000070c400000|  0%| F|  |TAMS 0x000000070c300000, 0x000000070c300000| Untracked 
|  48|0x000000070c400000, 0x000000070c400000, 0x000000070c500000|  0%| F|  |TAMS 0x000000070c400000, 0x000000070c400000| Untracked 
|  49|0x000000070c500000, 0x000000070c500000, 0x000000070c600000|  0%| F|  |TAMS 0x000000070c500000, 0x000000070c500000| Untracked 
|  50|0x000000070c600000, 0x000000070c600000, 0x000000070c700000|  0%| F|  |TAMS 0x000000070c600000, 0x000000070c600000| Untracked 
|  51|0x000000070c700000, 0x000000070c700000, 0x000000070c800000|  0%| F|  |TAMS 0x000000070c700000, 0x000000070c700000| Untracked 
|  52|0x000000070c800000, 0x000000070c800000, 0x000000070c900000|  0%| F|  |TAMS 0x000000070c800000, 0x000000070c800000| Untracked 
|  53|0x000000070c900000, 0x000000070c900000, 0x000000070ca00000|  0%| F|  |TAMS 0x000000070c900000, 0x000000070c900000| Untracked 
|  54|0x000000070ca00000, 0x000000070ca00000, 0x000000070cb00000|  0%| F|  |TAMS 0x000000070ca00000, 0x000000070ca00000| Untracked 
|  55|0x000000070cb00000, 0x000000070cb00000, 0x000000070cc00000|  0%| F|  |TAMS 0x000000070cb00000, 0x000000070cb00000| Untracked 
|  56|0x000000070cc00000, 0x000000070cc00000, 0x000000070cd00000|  0%| F|  |TAMS 0x000000070cc00000, 0x000000070cc00000| Untracked 
|  57|0x000000070cd00000, 0x000000070cd00000, 0x000000070ce00000|  0%| F|  |TAMS 0x000000070cd00000, 0x000000070cd00000| Untracked 
|  58|0x000000070ce00000, 0x000000070ce00000, 0x000000070cf00000|  0%| F|  |TAMS 0x000000070ce00000, 0x000000070ce00000| Untracked 
|  59|0x000000070cf00000, 0x000000070cf00000, 0x000000070d000000|  0%| F|  |TAMS 0x000000070cf00000, 0x000000070cf00000| Untracked 
|  60|0x000000070d000000, 0x000000070d000000, 0x000000070d100000|  0%| F|  |TAMS 0x000000070d000000, 0x000000070d000000| Untracked 
|  61|0x000000070d100000, 0x000000070d100000, 0x000000070d200000|  0%| F|  |TAMS 0x000000070d100000, 0x000000070d100000| Untracked 
|  62|0x000000070d200000, 0x000000070d200000, 0x000000070d300000|  0%| F|  |TAMS 0x000000070d200000, 0x000000070d200000| Untracked 
|  63|0x000000070d300000, 0x000000070d300000, 0x000000070d400000|  0%| F|  |TAMS 0x000000070d300000, 0x000000070d300000| Untracked 
|  64|0x000000070d400000, 0x000000070d400000, 0x000000070d500000|  0%| F|  |TAMS 0x000000070d400000, 0x000000070d400000| Untracked 
|  65|0x000000070d500000, 0x000000070d500000, 0x000000070d600000|  0%| F|  |TAMS 0x000000070d500000, 0x000000070d500000| Untracked 
|  66|0x000000070d600000, 0x000000070d600000, 0x000000070d700000|  0%| F|  |TAMS 0x000000070d600000, 0x000000070d600000| Untracked 
|  67|0x000000070d700000, 0x000000070d700000, 0x000000070d800000|  0%| F|  |TAMS 0x000000070d700000, 0x000000070d700000| Untracked 
|  68|0x000000070d800000, 0x000000070d800000, 0x000000070d900000|  0%| F|  |TAMS 0x000000070d800000, 0x000000070d800000| Untracked 
|  69|0x000000070d900000, 0x000000070d900000, 0x000000070da00000|  0%| F|  |TAMS 0x000000070d900000, 0x000000070d900000| Untracked 
|  70|0x000000070da00000, 0x000000070da00000, 0x000000070db00000|  0%| F|  |TAMS 0x000000070da00000, 0x000000070da00000| Untracked 
|  71|0x000000070db00000, 0x000000070db00000, 0x000000070dc00000|  0%| F|  |TAMS 0x000000070db00000, 0x000000070db00000| Untracked 
|  72|0x000000070dc00000, 0x000000070dc00000, 0x000000070dd00000|  0%| F|  |TAMS 0x000000070dc00000, 0x000000070dc00000| Untracked 
|  73|0x000000070dd00000, 0x000000070dd00000, 0x000000070de00000|  0%| F|  |TAMS 0x000000070dd00000, 0x000000070dd00000| Untracked 
|  74|0x000000070de00000, 0x000000070de00000, 0x000000070df00000|  0%| F|  |TAMS 0x000000070de00000, 0x000000070de00000| Untracked 
|  75|0x000000070df00000, 0x000000070df00000, 0x000000070e000000|  0%| F|  |TAMS 0x000000070df00000, 0x000000070df00000| Untracked 
|  76|0x000000070e000000, 0x000000070e000000, 0x000000070e100000|  0%| F|  |TAMS 0x000000070e000000, 0x000000070e000000| Untracked 
|  77|0x000000070e100000, 0x000000070e100000, 0x000000070e200000|  0%| F|  |TAMS 0x000000070e100000, 0x000000070e100000| Untracked 
|  78|0x000000070e200000, 0x000000070e200000, 0x000000070e300000|  0%| F|  |TAMS 0x000000070e200000, 0x000000070e200000| Untracked 
|  79|0x000000070e300000, 0x000000070e300000, 0x000000070e400000|  0%| F|  |TAMS 0x000000070e300000, 0x000000070e300000| Untracked 
|  80|0x000000070e400000, 0x000000070e400000, 0x000000070e500000|  0%| F|  |TAMS 0x000000070e400000, 0x000000070e400000| Untracked 
|  81|0x000000070e500000, 0x000000070e500000, 0x000000070e600000|  0%| F|  |TAMS 0x000000070e500000, 0x000000070e500000| Untracked 
|  82|0x000000070e600000, 0x000000070e600000, 0x000000070e700000|  0%| F|  |TAMS 0x000000070e600000, 0x000000070e600000| Untracked 
|  83|0x000000070e700000, 0x000000070e700000, 0x000000070e800000|  0%| F|  |TAMS 0x000000070e700000, 0x000000070e700000| Untracked 
|  84|0x000000070e800000, 0x000000070e800000, 0x000000070e900000|  0%| F|  |TAMS 0x000000070e800000, 0x000000070e800000| Untracked 
|  85|0x000000070e900000, 0x000000070e900000, 0x000000070ea00000|  0%| F|  |TAMS 0x000000070e900000, 0x000000070e900000| Untracked 
|  86|0x000000070ea00000, 0x000000070ea00000, 0x000000070eb00000|  0%| F|  |TAMS 0x000000070ea00000, 0x000000070ea00000| Untracked 
|  87|0x000000070eb00000, 0x000000070eb00000, 0x000000070ec00000|  0%| F|  |TAMS 0x000000070eb00000, 0x000000070eb00000| Untracked 
|  88|0x000000070ec00000, 0x000000070ec00000, 0x000000070ed00000|  0%| F|  |TAMS 0x000000070ec00000, 0x000000070ec00000| Untracked 
|  89|0x000000070ed00000, 0x000000070ed00000, 0x000000070ee00000|  0%| F|  |TAMS 0x000000070ed00000, 0x000000070ed00000| Untracked 
|  90|0x000000070ee00000, 0x000000070ee00000, 0x000000070ef00000|  0%| F|  |TAMS 0x000000070ee00000, 0x000000070ee00000| Untracked 
|  91|0x000000070ef00000, 0x000000070ef00000, 0x000000070f000000|  0%| F|  |TAMS 0x000000070ef00000, 0x000000070ef00000| Untracked 
|  92|0x000000070f000000, 0x000000070f000000, 0x000000070f100000|  0%| F|  |TAMS 0x000000070f000000, 0x000000070f000000| Untracked 
|  93|0x000000070f100000, 0x000000070f100000, 0x000000070f200000|  0%| F|  |TAMS 0x000000070f100000, 0x000000070f100000| Untracked 
|  94|0x000000070f200000, 0x000000070f200000, 0x000000070f300000|  0%| F|  |TAMS 0x000000070f200000, 0x000000070f200000| Untracked 
|  95|0x000000070f300000, 0x000000070f300000, 0x000000070f400000|  0%| F|  |TAMS 0x000000070f300000, 0x000000070f300000| Untracked 
|  96|0x000000070f400000, 0x000000070f400000, 0x000000070f500000|  0%| F|  |TAMS 0x000000070f400000, 0x000000070f400000| Untracked 
|  97|0x000000070f500000, 0x000000070f500000, 0x000000070f600000|  0%| F|  |TAMS 0x000000070f500000, 0x000000070f500000| Untracked 
|  98|0x000000070f600000, 0x000000070f600000, 0x000000070f700000|  0%| F|  |TAMS 0x000000070f600000, 0x000000070f600000| Untracked 
|  99|0x000000070f700000, 0x000000070f700000, 0x000000070f800000|  0%| F|  |TAMS 0x000000070f700000, 0x000000070f700000| Untracked 
| 100|0x000000070f800000, 0x000000070f800000, 0x000000070f900000|  0%| F|  |TAMS 0x000000070f800000, 0x000000070f800000| Untracked 
| 101|0x000000070f900000, 0x000000070f900000, 0x000000070fa00000|  0%| F|  |TAMS 0x000000070f900000, 0x000000070f900000| Untracked 
| 102|0x000000070fa00000, 0x000000070fa00000, 0x000000070fb00000|  0%| F|  |TAMS 0x000000070fa00000, 0x000000070fa00000| Untracked 
| 103|0x000000070fb00000, 0x000000070fb00000, 0x000000070fc00000|  0%| F|  |TAMS 0x000000070fb00000, 0x000000070fb00000| Untracked 
| 104|0x000000070fc00000, 0x000000070fc00000, 0x000000070fd00000|  0%| F|  |TAMS 0x000000070fc00000, 0x000000070fc00000| Untracked 
| 105|0x000000070fd00000, 0x000000070fd00000, 0x000000070fe00000|  0%| F|  |TAMS 0x000000070fd00000, 0x000000070fd00000| Untracked 
| 106|0x000000070fe00000, 0x000000070fe00000, 0x000000070ff00000|  0%| F|  |TAMS 0x000000070fe00000, 0x000000070fe00000| Untracked 
| 107|0x000000070ff00000, 0x000000070ff00000, 0x0000000710000000|  0%| F|  |TAMS 0x000000070ff00000, 0x000000070ff00000| Untracked 
| 108|0x0000000710000000, 0x0000000710000000, 0x0000000710100000|  0%| F|  |TAMS 0x0000000710000000, 0x0000000710000000| Untracked 
| 109|0x0000000710100000, 0x0000000710100000, 0x0000000710200000|  0%| F|  |TAMS 0x0000000710100000, 0x0000000710100000| Untracked 
| 110|0x0000000710200000, 0x0000000710200000, 0x0000000710300000|  0%| F|  |TAMS 0x0000000710200000, 0x0000000710200000| Untracked 
| 111|0x0000000710300000, 0x0000000710300000, 0x0000000710400000|  0%| F|  |TAMS 0x0000000710300000, 0x0000000710300000| Untracked 
| 112|0x0000000710400000, 0x0000000710400000, 0x0000000710500000|  0%| F|  |TAMS 0x0000000710400000, 0x0000000710400000| Untracked 
| 113|0x0000000710500000, 0x0000000710500000, 0x0000000710600000|  0%| F|  |TAMS 0x0000000710500000, 0x0000000710500000| Untracked 
| 114|0x0000000710600000, 0x0000000710600000, 0x0000000710700000|  0%| F|  |TAMS 0x0000000710600000, 0x0000000710600000| Untracked 
| 115|0x0000000710700000, 0x0000000710700000, 0x0000000710800000|  0%| F|  |TAMS 0x0000000710700000, 0x0000000710700000| Untracked 
| 116|0x0000000710800000, 0x0000000710800000, 0x0000000710900000|  0%| F|  |TAMS 0x0000000710800000, 0x0000000710800000| Untracked 
| 117|0x0000000710900000, 0x0000000710900000, 0x0000000710a00000|  0%| F|  |TAMS 0x0000000710900000, 0x0000000710900000| Untracked 
| 118|0x0000000710a00000, 0x0000000710a00000, 0x0000000710b00000|  0%| F|  |TAMS 0x0000000710a00000, 0x0000000710a00000| Untracked 
| 119|0x0000000710b00000, 0x0000000710b00000, 0x0000000710c00000|  0%| F|  |TAMS 0x0000000710b00000, 0x0000000710b00000| Untracked 
| 120|0x0000000710c00000, 0x0000000710c00000, 0x0000000710d00000|  0%| F|  |TAMS 0x0000000710c00000, 0x0000000710c00000| Untracked 
| 121|0x0000000710d00000, 0x0000000710d00000, 0x0000000710e00000|  0%| F|  |TAMS 0x0000000710d00000, 0x0000000710d00000| Untracked 
| 122|0x0000000710e00000, 0x0000000710e00000, 0x0000000710f00000|  0%| F|  |TAMS 0x0000000710e00000, 0x0000000710e00000| Untracked 
| 123|0x0000000710f00000, 0x0000000710f00000, 0x0000000711000000|  0%| F|  |TAMS 0x0000000710f00000, 0x0000000710f00000| Untracked 
| 124|0x0000000711000000, 0x0000000711000000, 0x0000000711100000|  0%| F|  |TAMS 0x0000000711000000, 0x0000000711000000| Untracked 
| 125|0x0000000711100000, 0x0000000711100000, 0x0000000711200000|  0%| F|  |TAMS 0x0000000711100000, 0x0000000711100000| Untracked 
| 126|0x0000000711200000, 0x0000000711200000, 0x0000000711300000|  0%| F|  |TAMS 0x0000000711200000, 0x0000000711200000| Untracked 
| 127|0x0000000711300000, 0x0000000711300000, 0x0000000711400000|  0%| F|  |TAMS 0x0000000711300000, 0x0000000711300000| Untracked 
| 128|0x0000000711400000, 0x0000000711400000, 0x0000000711500000|  0%| F|  |TAMS 0x0000000711400000, 0x0000000711400000| Untracked 
| 129|0x0000000711500000, 0x0000000711500000, 0x0000000711600000|  0%| F|  |TAMS 0x0000000711500000, 0x0000000711500000| Untracked 
| 130|0x0000000711600000, 0x0000000711600000, 0x0000000711700000|  0%| F|  |TAMS 0x0000000711600000, 0x0000000711600000| Untracked 
| 131|0x0000000711700000, 0x0000000711700000, 0x0000000711800000|  0%| F|  |TAMS 0x0000000711700000, 0x0000000711700000| Untracked 
| 132|0x0000000711800000, 0x0000000711800000, 0x0000000711900000|  0%| F|  |TAMS 0x0000000711800000, 0x0000000711800000| Untracked 
| 133|0x0000000711900000, 0x0000000711900000, 0x0000000711a00000|  0%| F|  |TAMS 0x0000000711900000, 0x0000000711900000| Untracked 
| 134|0x0000000711a00000, 0x0000000711a00000, 0x0000000711b00000|  0%| F|  |TAMS 0x0000000711a00000, 0x0000000711a00000| Untracked 
| 135|0x0000000711b00000, 0x0000000711b00000, 0x0000000711c00000|  0%| F|  |TAMS 0x0000000711b00000, 0x0000000711b00000| Untracked 
| 136|0x0000000711c00000, 0x0000000711c00000, 0x0000000711d00000|  0%| F|  |TAMS 0x0000000711c00000, 0x0000000711c00000| Untracked 
| 137|0x0000000711d00000, 0x0000000711d00000, 0x0000000711e00000|  0%| F|  |TAMS 0x0000000711d00000, 0x0000000711d00000| Untracked 
| 138|0x0000000711e00000, 0x0000000711e00000, 0x0000000711f00000|  0%| F|  |TAMS 0x0000000711e00000, 0x0000000711e00000| Untracked 
| 139|0x0000000711f00000, 0x0000000711f00000, 0x0000000712000000|  0%| F|  |TAMS 0x0000000711f00000, 0x0000000711f00000| Untracked 
| 140|0x0000000712000000, 0x0000000712000000, 0x0000000712100000|  0%| F|  |TAMS 0x0000000712000000, 0x0000000712000000| Untracked 
| 141|0x0000000712100000, 0x0000000712100000, 0x0000000712200000|  0%| F|  |TAMS 0x0000000712100000, 0x0000000712100000| Untracked 
| 142|0x0000000712200000, 0x0000000712200000, 0x0000000712300000|  0%| F|  |TAMS 0x0000000712200000, 0x0000000712200000| Untracked 
| 143|0x0000000712300000, 0x0000000712300000, 0x0000000712400000|  0%| F|  |TAMS 0x0000000712300000, 0x0000000712300000| Untracked 
| 144|0x0000000712400000, 0x0000000712400000, 0x0000000712500000|  0%| F|  |TAMS 0x0000000712400000, 0x0000000712400000| Untracked 
| 145|0x0000000712500000, 0x0000000712500000, 0x0000000712600000|  0%| F|  |TAMS 0x0000000712500000, 0x0000000712500000| Untracked 
| 146|0x0000000712600000, 0x0000000712600000, 0x0000000712700000|  0%| F|  |TAMS 0x0000000712600000, 0x0000000712600000| Untracked 
| 147|0x0000000712700000, 0x0000000712700000, 0x0000000712800000|  0%| F|  |TAMS 0x0000000712700000, 0x0000000712700000| Untracked 
| 148|0x0000000712800000, 0x0000000712800000, 0x0000000712900000|  0%| F|  |TAMS 0x0000000712800000, 0x0000000712800000| Untracked 
| 149|0x0000000712900000, 0x0000000712900000, 0x0000000712a00000|  0%| F|  |TAMS 0x0000000712900000, 0x0000000712900000| Untracked 
| 150|0x0000000712a00000, 0x0000000712a00000, 0x0000000712b00000|  0%| F|  |TAMS 0x0000000712a00000, 0x0000000712a00000| Untracked 
| 151|0x0000000712b00000, 0x0000000712b00000, 0x0000000712c00000|  0%| F|  |TAMS 0x0000000712b00000, 0x0000000712b00000| Untracked 
| 152|0x0000000712c00000, 0x0000000712c00000, 0x0000000712d00000|  0%| F|  |TAMS 0x0000000712c00000, 0x0000000712c00000| Untracked 
| 153|0x0000000712d00000, 0x0000000712d00000, 0x0000000712e00000|  0%| F|  |TAMS 0x0000000712d00000, 0x0000000712d00000| Untracked 
| 154|0x0000000712e00000, 0x0000000712e00000, 0x0000000712f00000|  0%| F|  |TAMS 0x0000000712e00000, 0x0000000712e00000| Untracked 
| 155|0x0000000712f00000, 0x0000000712f00000, 0x0000000713000000|  0%| F|  |TAMS 0x0000000712f00000, 0x0000000712f00000| Untracked 
| 156|0x0000000713000000, 0x0000000713000000, 0x0000000713100000|  0%| F|  |TAMS 0x0000000713000000, 0x0000000713000000| Untracked 
| 157|0x0000000713100000, 0x0000000713100000, 0x0000000713200000|  0%| F|  |TAMS 0x0000000713100000, 0x0000000713100000| Untracked 
| 158|0x0000000713200000, 0x0000000713200000, 0x0000000713300000|  0%| F|  |TAMS 0x0000000713200000, 0x0000000713200000| Untracked 
| 159|0x0000000713300000, 0x0000000713300000, 0x0000000713400000|  0%| F|  |TAMS 0x0000000713300000, 0x0000000713300000| Untracked 
| 160|0x0000000713400000, 0x0000000713400000, 0x0000000713500000|  0%| F|  |TAMS 0x0000000713400000, 0x0000000713400000| Untracked 
| 161|0x0000000713500000, 0x0000000713500000, 0x0000000713600000|  0%| F|  |TAMS 0x0000000713500000, 0x0000000713500000| Untracked 
| 162|0x0000000713600000, 0x0000000713600000, 0x0000000713700000|  0%| F|  |TAMS 0x0000000713600000, 0x0000000713600000| Untracked 
| 163|0x0000000713700000, 0x0000000713700000, 0x0000000713800000|  0%| F|  |TAMS 0x0000000713700000, 0x0000000713700000| Untracked 
| 164|0x0000000713800000, 0x0000000713800000, 0x0000000713900000|  0%| F|  |TAMS 0x0000000713800000, 0x0000000713800000| Untracked 
| 165|0x0000000713900000, 0x0000000713900000, 0x0000000713a00000|  0%| F|  |TAMS 0x0000000713900000, 0x0000000713900000| Untracked 
| 166|0x0000000713a00000, 0x0000000713a00000, 0x0000000713b00000|  0%| F|  |TAMS 0x0000000713a00000, 0x0000000713a00000| Untracked 
| 167|0x0000000713b00000, 0x0000000713b00000, 0x0000000713c00000|  0%| F|  |TAMS 0x0000000713b00000, 0x0000000713b00000| Untracked 
| 168|0x0000000713c00000, 0x0000000713c00000, 0x0000000713d00000|  0%| F|  |TAMS 0x0000000713c00000, 0x0000000713c00000| Untracked 
| 169|0x0000000713d00000, 0x0000000713d00000, 0x0000000713e00000|  0%| F|  |TAMS 0x0000000713d00000, 0x0000000713d00000| Untracked 
| 170|0x0000000713e00000, 0x0000000713e00000, 0x0000000713f00000|  0%| F|  |TAMS 0x0000000713e00000, 0x0000000713e00000| Untracked 
| 171|0x0000000713f00000, 0x0000000713f00000, 0x0000000714000000|  0%| F|  |TAMS 0x0000000713f00000, 0x0000000713f00000| Untracked 
| 172|0x0000000714000000, 0x0000000714000000, 0x0000000714100000|  0%| F|  |TAMS 0x0000000714000000, 0x0000000714000000| Untracked 
| 173|0x0000000714100000, 0x0000000714100000, 0x0000000714200000|  0%| F|  |TAMS 0x0000000714100000, 0x0000000714100000| Untracked 
| 174|0x0000000714200000, 0x0000000714200000, 0x0000000714300000|  0%| F|  |TAMS 0x0000000714200000, 0x0000000714200000| Untracked 
| 175|0x0000000714300000, 0x0000000714300000, 0x0000000714400000|  0%| F|  |TAMS 0x0000000714300000, 0x0000000714300000| Untracked 
| 176|0x0000000714400000, 0x0000000714400000, 0x0000000714500000|  0%| F|  |TAMS 0x0000000714400000, 0x0000000714400000| Untracked 
| 177|0x0000000714500000, 0x0000000714500000, 0x0000000714600000|  0%| F|  |TAMS 0x0000000714500000, 0x0000000714500000| Untracked 
| 178|0x0000000714600000, 0x0000000714600000, 0x0000000714700000|  0%| F|  |TAMS 0x0000000714600000, 0x0000000714600000| Untracked 
| 179|0x0000000714700000, 0x0000000714700000, 0x0000000714800000|  0%| F|  |TAMS 0x0000000714700000, 0x0000000714700000| Untracked 
| 180|0x0000000714800000, 0x0000000714800000, 0x0000000714900000|  0%| F|  |TAMS 0x0000000714800000, 0x0000000714800000| Untracked 
| 181|0x0000000714900000, 0x0000000714900000, 0x0000000714a00000|  0%| F|  |TAMS 0x0000000714900000, 0x0000000714900000| Untracked 
| 182|0x0000000714a00000, 0x0000000714a00000, 0x0000000714b00000|  0%| F|  |TAMS 0x0000000714a00000, 0x0000000714a00000| Untracked 
| 183|0x0000000714b00000, 0x0000000714b00000, 0x0000000714c00000|  0%| F|  |TAMS 0x0000000714b00000, 0x0000000714b00000| Untracked 
| 184|0x0000000714c00000, 0x0000000714c00000, 0x0000000714d00000|  0%| F|  |TAMS 0x0000000714c00000, 0x0000000714c00000| Untracked 
| 185|0x0000000714d00000, 0x0000000714d00000, 0x0000000714e00000|  0%| F|  |TAMS 0x0000000714d00000, 0x0000000714d00000| Untracked 
| 186|0x0000000714e00000, 0x0000000714e00000, 0x0000000714f00000|  0%| F|  |TAMS 0x0000000714e00000, 0x0000000714e00000| Untracked 
| 187|0x0000000714f00000, 0x0000000714f00000, 0x0000000715000000|  0%| F|  |TAMS 0x0000000714f00000, 0x0000000714f00000| Untracked 
| 188|0x0000000715000000, 0x0000000715000000, 0x0000000715100000|  0%| F|  |TAMS 0x0000000715000000, 0x0000000715000000| Untracked 
| 189|0x0000000715100000, 0x0000000715100000, 0x0000000715200000|  0%| F|  |TAMS 0x0000000715100000, 0x0000000715100000| Untracked 
| 190|0x0000000715200000, 0x0000000715200000, 0x0000000715300000|  0%| F|  |TAMS 0x0000000715200000, 0x0000000715200000| Untracked 
| 191|0x0000000715300000, 0x0000000715300000, 0x0000000715400000|  0%| F|  |TAMS 0x0000000715300000, 0x0000000715300000| Untracked 
| 192|0x0000000715400000, 0x0000000715400000, 0x0000000715500000|  0%| F|  |TAMS 0x0000000715400000, 0x0000000715400000| Untracked 
| 193|0x0000000715500000, 0x0000000715500000, 0x0000000715600000|  0%| F|  |TAMS 0x0000000715500000, 0x0000000715500000| Untracked 
| 194|0x0000000715600000, 0x0000000715600000, 0x0000000715700000|  0%| F|  |TAMS 0x0000000715600000, 0x0000000715600000| Untracked 
| 195|0x0000000715700000, 0x0000000715700000, 0x0000000715800000|  0%| F|  |TAMS 0x0000000715700000, 0x0000000715700000| Untracked 
| 196|0x0000000715800000, 0x0000000715800000, 0x0000000715900000|  0%| F|  |TAMS 0x0000000715800000, 0x0000000715800000| Untracked 
| 197|0x0000000715900000, 0x0000000715900000, 0x0000000715a00000|  0%| F|  |TAMS 0x0000000715900000, 0x0000000715900000| Untracked 
| 198|0x0000000715a00000, 0x0000000715a00000, 0x0000000715b00000|  0%| F|  |TAMS 0x0000000715a00000, 0x0000000715a00000| Untracked 
| 199|0x0000000715b00000, 0x0000000715b00000, 0x0000000715c00000|  0%| F|  |TAMS 0x0000000715b00000, 0x0000000715b00000| Untracked 
| 200|0x0000000715c00000, 0x0000000715c00000, 0x0000000715d00000|  0%| F|  |TAMS 0x0000000715c00000, 0x0000000715c00000| Untracked 
| 201|0x0000000715d00000, 0x0000000715d00000, 0x0000000715e00000|  0%| F|  |TAMS 0x0000000715d00000, 0x0000000715d00000| Untracked 
| 202|0x0000000715e00000, 0x0000000715e00000, 0x0000000715f00000|  0%| F|  |TAMS 0x0000000715e00000, 0x0000000715e00000| Untracked 
| 203|0x0000000715f00000, 0x0000000715f00000, 0x0000000716000000|  0%| F|  |TAMS 0x0000000715f00000, 0x0000000715f00000| Untracked 
| 204|0x0000000716000000, 0x0000000716000000, 0x0000000716100000|  0%| F|  |TAMS 0x0000000716000000, 0x0000000716000000| Untracked 
| 205|0x0000000716100000, 0x0000000716100000, 0x0000000716200000|  0%| F|  |TAMS 0x0000000716100000, 0x0000000716100000| Untracked 
| 206|0x0000000716200000, 0x0000000716200000, 0x0000000716300000|  0%| F|  |TAMS 0x0000000716200000, 0x0000000716200000| Untracked 
| 207|0x0000000716300000, 0x0000000716300000, 0x0000000716400000|  0%| F|  |TAMS 0x0000000716300000, 0x0000000716300000| Untracked 
| 208|0x0000000716400000, 0x0000000716400000, 0x0000000716500000|  0%| F|  |TAMS 0x0000000716400000, 0x0000000716400000| Untracked 
| 209|0x0000000716500000, 0x0000000716500000, 0x0000000716600000|  0%| F|  |TAMS 0x0000000716500000, 0x0000000716500000| Untracked 
| 210|0x0000000716600000, 0x0000000716600000, 0x0000000716700000|  0%| F|  |TAMS 0x0000000716600000, 0x0000000716600000| Untracked 
| 211|0x0000000716700000, 0x0000000716700000, 0x0000000716800000|  0%| F|  |TAMS 0x0000000716700000, 0x0000000716700000| Untracked 
| 212|0x0000000716800000, 0x0000000716800000, 0x0000000716900000|  0%| F|  |TAMS 0x0000000716800000, 0x0000000716800000| Untracked 
| 213|0x0000000716900000, 0x0000000716900000, 0x0000000716a00000|  0%| F|  |TAMS 0x0000000716900000, 0x0000000716900000| Untracked 
| 214|0x0000000716a00000, 0x0000000716a00000, 0x0000000716b00000|  0%| F|  |TAMS 0x0000000716a00000, 0x0000000716a00000| Untracked 
| 215|0x0000000716b00000, 0x0000000716b00000, 0x0000000716c00000|  0%| F|  |TAMS 0x0000000716b00000, 0x0000000716b00000| Untracked 
| 216|0x0000000716c00000, 0x0000000716c00000, 0x0000000716d00000|  0%| F|  |TAMS 0x0000000716c00000, 0x0000000716c00000| Untracked 
| 217|0x0000000716d00000, 0x0000000716d00000, 0x0000000716e00000|  0%| F|  |TAMS 0x0000000716d00000, 0x0000000716d00000| Untracked 
| 218|0x0000000716e00000, 0x0000000716e00000, 0x0000000716f00000|  0%| F|  |TAMS 0x0000000716e00000, 0x0000000716e00000| Untracked 
| 219|0x0000000716f00000, 0x0000000716f00000, 0x0000000717000000|  0%| F|  |TAMS 0x0000000716f00000, 0x0000000716f00000| Untracked 
| 220|0x0000000717000000, 0x0000000717000000, 0x0000000717100000|  0%| F|  |TAMS 0x0000000717000000, 0x0000000717000000| Untracked 
| 221|0x0000000717100000, 0x0000000717100000, 0x0000000717200000|  0%| F|  |TAMS 0x0000000717100000, 0x0000000717100000| Untracked 
| 222|0x0000000717200000, 0x0000000717200000, 0x0000000717300000|  0%| F|  |TAMS 0x0000000717200000, 0x0000000717200000| Untracked 
| 223|0x0000000717300000, 0x0000000717300000, 0x0000000717400000|  0%| F|  |TAMS 0x0000000717300000, 0x0000000717300000| Untracked 
| 224|0x0000000717400000, 0x0000000717400000, 0x0000000717500000|  0%| F|  |TAMS 0x0000000717400000, 0x0000000717400000| Untracked 
| 225|0x0000000717500000, 0x0000000717500000, 0x0000000717600000|  0%| F|  |TAMS 0x0000000717500000, 0x0000000717500000| Untracked 
| 226|0x0000000717600000, 0x0000000717600000, 0x0000000717700000|  0%| F|  |TAMS 0x0000000717600000, 0x0000000717600000| Untracked 
| 227|0x0000000717700000, 0x0000000717700000, 0x0000000717800000|  0%| F|  |TAMS 0x0000000717700000, 0x0000000717700000| Untracked 
| 228|0x0000000717800000, 0x0000000717800000, 0x0000000717900000|  0%| F|  |TAMS 0x0000000717800000, 0x0000000717800000| Untracked 
| 229|0x0000000717900000, 0x0000000717900000, 0x0000000717a00000|  0%| F|  |TAMS 0x0000000717900000, 0x0000000717900000| Untracked 
| 230|0x0000000717a00000, 0x0000000717a00000, 0x0000000717b00000|  0%| F|  |TAMS 0x0000000717a00000, 0x0000000717a00000| Untracked 
| 231|0x0000000717b00000, 0x0000000717b00000, 0x0000000717c00000|  0%| F|  |TAMS 0x0000000717b00000, 0x0000000717b00000| Untracked 
| 232|0x0000000717c00000, 0x0000000717c00000, 0x0000000717d00000|  0%| F|  |TAMS 0x0000000717c00000, 0x0000000717c00000| Untracked 
| 233|0x0000000717d00000, 0x0000000717d00000, 0x0000000717e00000|  0%| F|  |TAMS 0x0000000717d00000, 0x0000000717d00000| Untracked 
| 234|0x0000000717e00000, 0x0000000717e00000, 0x0000000717f00000|  0%| F|  |TAMS 0x0000000717e00000, 0x0000000717e00000| Untracked 
| 235|0x0000000717f00000, 0x0000000717f00000, 0x0000000718000000|  0%| F|  |TAMS 0x0000000717f00000, 0x0000000717f00000| Untracked 
| 236|0x0000000718000000, 0x0000000718000000, 0x0000000718100000|  0%| F|  |TAMS 0x0000000718000000, 0x0000000718000000| Untracked 
| 237|0x0000000718100000, 0x0000000718100000, 0x0000000718200000|  0%| F|  |TAMS 0x0000000718100000, 0x0000000718100000| Untracked 
| 238|0x0000000718200000, 0x0000000718200000, 0x0000000718300000|  0%| F|  |TAMS 0x0000000718200000, 0x0000000718200000| Untracked 
| 239|0x0000000718300000, 0x0000000718300000, 0x0000000718400000|  0%| F|  |TAMS 0x0000000718300000, 0x0000000718300000| Untracked 
| 240|0x0000000718400000, 0x0000000718400000, 0x0000000718500000|  0%| F|  |TAMS 0x0000000718400000, 0x0000000718400000| Untracked 
| 241|0x0000000718500000, 0x0000000718500000, 0x0000000718600000|  0%| F|  |TAMS 0x0000000718500000, 0x0000000718500000| Untracked 
| 242|0x0000000718600000, 0x0000000718600000, 0x0000000718700000|  0%| F|  |TAMS 0x0000000718600000, 0x0000000718600000| Untracked 
| 243|0x0000000718700000, 0x000000071879a148, 0x0000000718800000| 60%| E|  |TAMS 0x0000000718700000, 0x0000000718700000| Complete 
| 244|0x0000000718800000, 0x0000000718900000, 0x0000000718900000|100%| E|CS|TAMS 0x0000000718800000, 0x0000000718800000| Complete 
| 245|0x0000000718900000, 0x0000000718a00000, 0x0000000718a00000|100%| E|CS|TAMS 0x0000000718900000, 0x0000000718900000| Complete 
| 246|0x0000000718a00000, 0x0000000718b00000, 0x0000000718b00000|100%| E|CS|TAMS 0x0000000718a00000, 0x0000000718a00000| Complete 
| 247|0x0000000718b00000, 0x0000000718c00000, 0x0000000718c00000|100%| E|CS|TAMS 0x0000000718b00000, 0x0000000718b00000| Complete 

Card table byte_map: [0x00007fe02dcda000,0x00007fe02e490000] _byte_map_base: 0x00007fe02a490000

Marking Bits (Prev, Next): (CMBitMap*) 0x00007fe04807c138, (CMBitMap*) 0x00007fe04807c170
 Prev Bits: [0x00007fe024250000, 0x00007fe028000000)
 Next Bits: [0x00007fe0204a0000, 0x00007fe024250000)

Polling page: 0x00007fe04ed2d000

Metaspace:

Usage:
  Non-class:      4,38 MB capacity,     2,80 MB ( 64%) used,     1,58 MB ( 36%) free+waste,     4,12 KB ( <1%) overhead. 
      Class:    455,00 KB capacity,   309,84 KB ( 68%) used,   142,84 KB ( 31%) free+waste,     2,31 KB ( <1%) overhead. 
       Both:      4,83 MB capacity,     3,10 MB ( 64%) used,     1,72 MB ( 36%) free+waste,     6,44 KB ( <1%) overhead. 

Virtual space:
  Non-class space:        8,00 MB reserved,       4,50 MB ( 56%) committed 
      Class space:        1,00 GB reserved,     512,00 KB ( <1%) committed 
             Both:        1,01 GB reserved,       5,00 MB ( <1%) committed 

Chunk freelists:
   Non-Class:  24,00 KB
       Class:  25,00 KB
        Both:  49,00 KB

MaxMetaspaceSize: unlimited
CompressedClassSpaceSize: 1,00 GB

CodeHeap 'non-profiled nmethods': size=120032Kb used=107Kb max_used=107Kb free=119925Kb
 bounds [0x00007fe036cff000, 0x00007fe036f6f000, 0x00007fe03e237000]
CodeHeap 'profiled nmethods': size=120032Kb used=531Kb max_used=531Kb free=119500Kb
 bounds [0x00007fe02f7c7000, 0x00007fe02fa37000, 0x00007fe036cff000]
CodeHeap 'non-nmethods': size=5696Kb used=1132Kb max_used=1146Kb free=4563Kb
 bounds [0x00007fe02f237000, 0x00007fe02f4a7000, 0x00007fe02f7c7000]
 total_blobs=844 nmethods=369 adapters=281
 compilation: enabled
              stopped_count=0, restarted_count=0
 full_count=0

Compilation events (20 events):
Event: 265,216 Thread 0x00007fe04821c000 nmethod 360 0x00007fe036d19510 code [0x00007fe036d196a0, 0x00007fe036d197b8]
Event: 265,216 Thread 0x00007fe04821e800 nmethod 359 0x00007fe02f847490 code [0x00007fe02f847660, 0x00007fe02f8478c8]
Event: 275,215 Thread 0x00007fe04821e800  363       3       org.eclipse.jdt.launching.internal.org.objectweb.asm.SymbolTable::hash (10 bytes)
Event: 275,216 Thread 0x00007fe04821e800 nmethod 363 0x00007fe02f847a10 code [0x00007fe02f847bc0, 0x00007fe02f847d48]
Event: 275,216 Thread 0x00007fe04821e800  364       3       org.eclipse.jdt.launching.internal.org.objectweb.asm.ClassReader::readUtf (44 bytes)
Event: 275,218 Thread 0x00007fe04821e800 nmethod 364 0x00007fe02f847e10 code [0x00007fe02f848000, 0x00007fe02f848548]
Event: 275,218 Thread 0x00007fe04821e800  366       3       org.eclipse.jdt.launching.internal.org.objectweb.asm.SymbolTable::addConstantUtf8 (98 bytes)
Event: 275,219 Thread 0x00007fe04821e800 nmethod 366 0x00007fe02f848790 code [0x00007fe02f8489e0, 0x00007fe02f849118]
Event: 275,219 Thread 0x00007fe04821e800  361       3       org.eclipse.jdt.launching.internal.org.objectweb.asm.Symbol::<init> (38 bytes)
Event: 275,219 Thread 0x00007fe04821e800 nmethod 361 0x00007fe02f849510 code [0x00007fe02f8496e0, 0x00007fe02f8499f0]
Event: 275,219 Thread 0x00007fe04821e800  362       3       org.eclipse.jdt.launching.internal.org.objectweb.asm.SymbolTable::put (150 bytes)
Event: 275,220 Thread 0x00007fe04821e800 nmethod 362 0x00007fe02f849b10 code [0x00007fe02f849d20, 0x00007fe02f84a6b0]
Event: 275,220 Thread 0x00007fe04821e800  365       3       org.eclipse.jdt.launching.internal.org.objectweb.asm.ClassReader::readUTF8 (23 bytes)
Event: 275,220 Thread 0x00007fe04821e800 nmethod 365 0x00007fe02f84aa10 code [0x00007fe02f84abe0, 0x00007fe02f84af08]
Event: 565,447 Thread 0x00007fe04821e800  367       3       java.lang.Integer::numberOfLeadingZeros (78 bytes)
Event: 565,448 Thread 0x00007fe04821e800 nmethod 367 0x00007fe02f84b090 code [0x00007fe02f84b240, 0x00007fe02f84b530]
Event: 565,448 Thread 0x00007fe04821e800  368       3       java.security.Provider$ServiceKey::equals (55 bytes)
Event: 565,448 Thread 0x00007fe04821e800 nmethod 368 0x00007fe02f84b590 code [0x00007fe02f84b780, 0x00007fe02f84bcf8]
Event: 565,448 Thread 0x00007fe04821e800  369       1       java.security.ProtectionDomain::getCodeSource (5 bytes)
Event: 565,448 Thread 0x00007fe04821e800 nmethod 369 0x00007fe036d19890 code [0x00007fe036d19a40, 0x00007fe036d19b70]

GC Heap History (0 events):
No events

Deoptimization events (20 events):
Event: 0,678 Thread 0x00007fe048016800 DEOPT PACKING pc=0x00007fe02f82fb2b sp=0x00007fe04ed0fc00
Event: 0,678 Thread 0x00007fe048016800 DEOPT UNPACKING pc=0x00007fe02f2700ba sp=0x00007fe04ed0f0e8 mode 0
Event: 0,679 Thread 0x00007fe048016800 DEOPT PACKING pc=0x00007fe02f82fb2b sp=0x00007fe04ed0fc00
Event: 0,679 Thread 0x00007fe048016800 DEOPT UNPACKING pc=0x00007fe02f2700ba sp=0x00007fe04ed0f0e8 mode 0
Event: 0,680 Thread 0x00007fe048016800 DEOPT PACKING pc=0x00007fe02f82fb2b sp=0x00007fe04ed10e20
Event: 0,680 Thread 0x00007fe048016800 DEOPT UNPACKING pc=0x00007fe02f2700ba sp=0x00007fe04ed10308 mode 0
Event: 0,680 Thread 0x00007fe048016800 DEOPT PACKING pc=0x00007fe02f82fb2b sp=0x00007fe04ed10e20
Event: 0,680 Thread 0x00007fe048016800 DEOPT UNPACKING pc=0x00007fe02f2700ba sp=0x00007fe04ed10308 mode 0
Event: 0,681 Thread 0x00007fe048016800 DEOPT PACKING pc=0x00007fe02f82fb2b sp=0x00007fe04ed10e20
Event: 0,681 Thread 0x00007fe048016800 DEOPT UNPACKING pc=0x00007fe02f2700ba sp=0x00007fe04ed10308 mode 0
Event: 0,681 Thread 0x00007fe048016800 DEOPT PACKING pc=0x00007fe02f82fb2b sp=0x00007fe04ed10e20
Event: 0,681 Thread 0x00007fe048016800 DEOPT UNPACKING pc=0x00007fe02f2700ba sp=0x00007fe04ed10308 mode 0
Event: 0,685 Thread 0x00007fe048016800 DEOPT PACKING pc=0x00007fe02f82fb2b sp=0x00007fe04ed10e70
Event: 0,686 Thread 0x00007fe048016800 DEOPT UNPACKING pc=0x00007fe02f2700ba sp=0x00007fe04ed10358 mode 0
Event: 0,689 Thread 0x00007fe048016800 DEOPT PACKING pc=0x00007fe02f82fb2b sp=0x00007fe04ed0f810
Event: 0,689 Thread 0x00007fe048016800 DEOPT UNPACKING pc=0x00007fe02f2700ba sp=0x00007fe04ed0ecf8 mode 0
Event: 0,689 Thread 0x00007fe048016800 DEOPT PACKING pc=0x00007fe02f82fb2b sp=0x00007fe04ed0f810
Event: 0,689 Thread 0x00007fe048016800 DEOPT UNPACKING pc=0x00007fe02f2700ba sp=0x00007fe04ed0ecf8 mode 0
Event: 0,690 Thread 0x00007fe048016800 DEOPT PACKING pc=0x00007fe02f82fb2b sp=0x00007fe04ed0f810
Event: 0,690 Thread 0x00007fe048016800 DEOPT UNPACKING pc=0x00007fe02f2700ba sp=0x00007fe04ed0ecf8 mode 0

Classes redefined (3 events):
Event: 82,454 Thread 0x00007fe04820e000 redefined class name=clase1.main, count=1
Event: 265,218 Thread 0x00007fe04820e000 redefined class name=clase1.main, count=2
Event: 275,218 Thread 0x00007fe04820e000 redefined class name=clase1.main, count=3

Internal exceptions (3 events):
Event: 0,077 Thread 0x00007fe048016800 Exception <a 'java/lang/NoSuchMethodError'{0x0000000718a125f0}: 'int java.lang.invoke.DirectMethodHandle$Holder.invokeSpecial(java.lang.Object, java.lang.Object, java.lang.Object, java.lang.Object)'> (0x0000000718a125f0) thrown at [/build/openjdk-lts-iuKa
Event: 0,084 Thread 0x00007fe048016800 Exception <a 'java/lang/NoSuchMethodError'{0x0000000718a24420}: 'void java.lang.invoke.DirectMethodHandle$Holder.invokeVirtual(java.lang.Object, java.lang.Object)'> (0x0000000718a24420) thrown at [/build/openjdk-lts-iuKaMP/openjdk-lts-11.0.6+10/src/hotspo
Event: 0,581 Thread 0x00007fe048016800 Exception <a 'sun/nio/fs/UnixException'{0x0000000718997ff8}> (0x0000000718997ff8) thrown at [/build/openjdk-lts-iuKaMP/openjdk-lts-11.0.6+10/src/hotspot/share/prims/jni.cpp, line 615]

Events (20 events):
Event: 275,218 Executing VM operation: RedefineClasses done
Event: 275,225 Executing VM operation: ChangeBreakpoints
Event: 275,225 Executing VM operation: ChangeBreakpoints done
Event: 275,234 Executing VM operation: GetFrameCount
Event: 275,234 Executing VM operation: GetFrameCount done
Event: 275,234 Executing VM operation: GetStackTrace
Event: 275,234 Executing VM operation: GetStackTrace done
Event: 275,577 Executing VM operation: GetFrameCount
Event: 275,577 Executing VM operation: GetFrameCount done
Event: 275,577 Executing VM operation: GetOwnedMonitorInfo
Event: 275,577 Executing VM operation: GetOwnedMonitorInfo done
Event: 275,577 Executing VM operation: GetCurrentContendedMonitor
Event: 275,577 Executing VM operation: GetCurrentContendedMonitor done
Event: 565,447 Executing VM operation: RevokeBias
Event: 565,447 Executing VM operation: RevokeBias done
Event: 565,447 Executing VM operation: RevokeBias
Event: 565,447 Executing VM operation: RevokeBias done
Event: 565,447 loading class org/eclipse/jdt/launching/internal/org/objectweb/asm/Type
Event: 565,447 loading class org/eclipse/jdt/launching/internal/org/objectweb/asm/Type done
Event: 565,450 Executing VM operation: RedefineClasses


Dynamic libraries:
709400000-718c00000 rw-p 00000000 00:00 0 
718c00000-800000000 ---p 00000000 00:00 0 
800000000-800002000 rwxp 00001000 08:01 2359591                          /usr/lib/jvm/java-11-openjdk-amd64/lib/server/classes.jsa
800002000-80109a000 rw-p 00003000 08:01 2359591                          /usr/lib/jvm/java-11-openjdk-amd64/lib/server/classes.jsa
840000000-840080000 rw-p 00000000 00:00 0 
840080000-880000000 ---p 00000000 00:00 0 
5631b7d97000-5631b7d98000 r-xp 00000000 08:01 1970660                    /usr/lib/jvm/java-11-openjdk-amd64/bin/java
5631b7f98000-5631b7f99000 r--p 00001000 08:01 1970660                    /usr/lib/jvm/java-11-openjdk-amd64/bin/java
5631b7f99000-5631b7f9a000 rw-p 00002000 08:01 1970660                    /usr/lib/jvm/java-11-openjdk-amd64/bin/java
5631b82fa000-5631b831b000 rw-p 00000000 00:00 0                          [heap]
7fdfd0000000-7fdfd0021000 rw-p 00000000 00:00 0 
7fdfd0021000-7fdfd4000000 ---p 00000000 00:00 0 
7fdfd8000000-7fdfd8087000 rw-p 00000000 00:00 0 
7fdfd8087000-7fdfdc000000 ---p 00000000 00:00 0 
7fdfdc000000-7fdfdc021000 rw-p 00000000 00:00 0 
7fdfdc021000-7fdfe0000000 ---p 00000000 00:00 0 
7fdfe0000000-7fdfe0021000 rw-p 00000000 00:00 0 
7fdfe0021000-7fdfe4000000 ---p 00000000 00:00 0 
7fdfe4000000-7fdfe4021000 rw-p 00000000 00:00 0 
7fdfe4021000-7fdfe8000000 ---p 00000000 00:00 0 
7fdfe8000000-7fdfe8021000 rw-p 00000000 00:00 0 
7fdfe8021000-7fdfec000000 ---p 00000000 00:00 0 
7fdfec000000-7fdfec070000 rw-p 00000000 00:00 0 
7fdfec070000-7fdff0000000 ---p 00000000 00:00 0 
7fdff0000000-7fdff006b000 rw-p 00000000 00:00 0 
7fdff006b000-7fdff4000000 ---p 00000000 00:00 0 
7fdff4000000-7fdff4021000 rw-p 00000000 00:00 0 
7fdff4021000-7fdff8000000 ---p 00000000 00:00 0 
7fdff8000000-7fdff8021000 rw-p 00000000 00:00 0 
7fdff8021000-7fdffc000000 ---p 00000000 00:00 0 
7fdffc000000-7fdffc2b7000 rw-p 00000000 00:00 0 
7fdffc2b7000-7fe000000000 ---p 00000000 00:00 0 
7fe000000000-7fe000021000 rw-p 00000000 00:00 0 
7fe000021000-7fe004000000 ---p 00000000 00:00 0 
7fe004000000-7fe004021000 rw-p 00000000 00:00 0 
7fe004021000-7fe008000000 ---p 00000000 00:00 0 
7fe008000000-7fe008021000 rw-p 00000000 00:00 0 
7fe008021000-7fe00c000000 ---p 00000000 00:00 0 
7fe00c000000-7fe00c021000 rw-p 00000000 00:00 0 
7fe00c021000-7fe010000000 ---p 00000000 00:00 0 
7fe010000000-7fe010021000 rw-p 00000000 00:00 0 
7fe010021000-7fe014000000 ---p 00000000 00:00 0 
7fe014000000-7fe014021000 rw-p 00000000 00:00 0 
7fe014021000-7fe018000000 ---p 00000000 00:00 0 
7fe0189fc000-7fe0189fd000 ---p 00000000 00:00 0 
7fe0189fd000-7fe018afe000 rw-p 00000000 00:00 0 
7fe018afe000-7fe018b02000 ---p 00000000 00:00 0 
7fe018b02000-7fe018bff000 rw-p 00000000 00:00 0 
7fe018bff000-7fe018c03000 ---p 00000000 00:00 0 
7fe018c03000-7fe018d00000 rw-p 00000000 00:00 0 
7fe018d00000-7fe018d04000 ---p 00000000 00:00 0 
7fe018d04000-7fe018e01000 rw-p 00000000 00:00 0 
7fe018e01000-7fe018e05000 ---p 00000000 00:00 0 
7fe018e05000-7fe018f02000 rw-p 00000000 00:00 0 
7fe018f02000-7fe018f06000 ---p 00000000 00:00 0 
7fe018f06000-7fe019003000 rw-p 00000000 00:00 0 
7fe019003000-7fe019007000 r-xp 00000000 08:01 2234433                    /usr/lib/jvm/java-11-openjdk-amd64/lib/libdt_socket.so
7fe019007000-7fe019207000 ---p 00004000 08:01 2234433                    /usr/lib/jvm/java-11-openjdk-amd64/lib/libdt_socket.so
7fe019207000-7fe019208000 r--p 00004000 08:01 2234433                    /usr/lib/jvm/java-11-openjdk-amd64/lib/libdt_socket.so
7fe019208000-7fe019209000 rw-p 00005000 08:01 2234433                    /usr/lib/jvm/java-11-openjdk-amd64/lib/libdt_socket.so
7fe019209000-7fe01921f000 r-xp 00000000 08:01 2234457                    /usr/lib/jvm/java-11-openjdk-amd64/lib/libnet.so
7fe01921f000-7fe01941e000 ---p 00016000 08:01 2234457                    /usr/lib/jvm/java-11-openjdk-amd64/lib/libnet.so
7fe01941e000-7fe01941f000 r--p 00015000 08:01 2234457                    /usr/lib/jvm/java-11-openjdk-amd64/lib/libnet.so
7fe01941f000-7fe019420000 rw-p 00016000 08:01 2234457                    /usr/lib/jvm/java-11-openjdk-amd64/lib/libnet.so
7fe019420000-7fe019430000 r-xp 00000000 08:01 2234458                    /usr/lib/jvm/java-11-openjdk-amd64/lib/libnio.so
7fe019430000-7fe01962f000 ---p 00010000 08:01 2234458                    /usr/lib/jvm/java-11-openjdk-amd64/lib/libnio.so
7fe01962f000-7fe019630000 r--p 0000f000 08:01 2234458                    /usr/lib/jvm/java-11-openjdk-amd64/lib/libnio.so
7fe019630000-7fe019631000 rw-p 00010000 08:01 2234458                    /usr/lib/jvm/java-11-openjdk-amd64/lib/libnio.so
7fe019631000-7fe01a000000 r--p 00000000 08:01 1972915                    /usr/lib/locale/locale-archive
7fe01a000000-7fe01c000000 rw-p 00000000 00:00 0 
7fe01c000000-7fe01c021000 rw-p 00000000 00:00 0 
7fe01c021000-7fe020000000 ---p 00000000 00:00 0 
7fe02009c000-7fe0200a0000 ---p 00000000 00:00 0 
7fe0200a0000-7fe02019d000 rw-p 00000000 00:00 0 
7fe02019d000-7fe0201a1000 ---p 00000000 00:00 0 
7fe0201a1000-7fe02029e000 rw-p 00000000 00:00 0 
7fe02029e000-7fe0202a2000 ---p 00000000 00:00 0 
7fe0202a2000-7fe02039f000 rw-p 00000000 00:00 0 
7fe02039f000-7fe0203a3000 ---p 00000000 00:00 0 
7fe0203a3000-7fe020880000 rw-p 00000000 00:00 0 
7fe020880000-7fe024250000 ---p 00000000 00:00 0 
7fe024250000-7fe024630000 rw-p 00000000 00:00 0 
7fe024630000-7fe028000000 ---p 00000000 00:00 0 
7fe028000000-7fe028021000 rw-p 00000000 00:00 0 
7fe028021000-7fe02c000000 ---p 00000000 00:00 0 
7fe02c092000-7fe02c096000 ---p 00000000 00:00 0 
7fe02c096000-7fe02c193000 rw-p 00000000 00:00 0 
7fe02c193000-7fe02c197000 ---p 00000000 00:00 0 
7fe02c197000-7fe02c294000 rw-p 00000000 00:00 0 
7fe02c294000-7fe02c298000 ---p 00000000 00:00 0 
7fe02c298000-7fe02c395000 rw-p 00000000 00:00 0 
7fe02c395000-7fe02c396000 ---p 00000000 00:00 0 
7fe02c396000-7fe02c998000 rw-p 00000000 00:00 0 
7fe02c998000-7fe02cd18000 ---p 00000000 00:00 0 
7fe02cd18000-7fe02cd19000 ---p 00000000 00:00 0 
7fe02cd19000-7fe02ce1a000 rw-p 00000000 00:00 0 
7fe02ce1a000-7fe02ce1b000 ---p 00000000 00:00 0 
7fe02ce1b000-7fe02d320000 rw-p 00000000 00:00 0 
7fe02d320000-7fe02d321000 ---p 00000000 00:00 0 
7fe02d321000-7fe02d422000 rw-p 00000000 00:00 0 
7fe02d422000-7fe02d423000 ---p 00000000 00:00 0 
7fe02d423000-7fe02d5a0000 rw-p 00000000 00:00 0 
7fe02d5a0000-7fe02dcda000 ---p 00000000 00:00 0 
7fe02dcda000-7fe02dd56000 rw-p 00000000 00:00 0 
7fe02dd56000-7fe02e490000 ---p 00000000 00:00 0 
7fe02e490000-7fe02e50c000 rw-p 00000000 00:00 0 
7fe02e50c000-7fe02ec46000 ---p 00000000 00:00 0 
7fe02ec46000-7fe02f04a000 rw-p 00000000 00:00 0 
7fe02f04a000-7fe02f04b000 ---p 00000000 00:00 0 
7fe02f04b000-7fe02f151000 rw-p 00000000 00:00 0 
7fe02f151000-7fe02f237000 ---p 00000000 00:00 0 
7fe02f237000-7fe02f4a7000 rwxp 00000000 00:00 0 
7fe02f4a7000-7fe02f7c7000 ---p 00000000 00:00 0 
7fe02f7c7000-7fe02fa37000 rwxp 00000000 00:00 0 
7fe02fa37000-7fe036cff000 ---p 00000000 00:00 0 
7fe036cff000-7fe036f6f000 rwxp 00000000 00:00 0 
7fe036f6f000-7fe03e237000 ---p 00000000 00:00 0 
7fe03e237000-7fe046927000 r--s 00000000 08:01 2234467                    /usr/lib/jvm/java-11-openjdk-amd64/lib/modules
7fe046927000-7fe04692c000 r-xp 00000000 08:01 2234449                    /usr/lib/jvm/java-11-openjdk-amd64/lib/libjimage.so
7fe04692c000-7fe046b2b000 ---p 00005000 08:01 2234449                    /usr/lib/jvm/java-11-openjdk-amd64/lib/libjimage.so
7fe046b2b000-7fe046b2c000 r--p 00004000 08:01 2234449                    /usr/lib/jvm/java-11-openjdk-amd64/lib/libjimage.so
7fe046b2c000-7fe046b2d000 rw-p 00005000 08:01 2234449                    /usr/lib/jvm/java-11-openjdk-amd64/lib/libjimage.so
7fe046b2d000-7fe046b34000 r-xp 00000000 08:01 2234466                    /usr/lib/jvm/java-11-openjdk-amd64/lib/libzip.so
7fe046b34000-7fe046d33000 ---p 00007000 08:01 2234466                    /usr/lib/jvm/java-11-openjdk-amd64/lib/libzip.so
7fe046d33000-7fe046d34000 r--p 00006000 08:01 2234466                    /usr/lib/jvm/java-11-openjdk-amd64/lib/libzip.so
7fe046d34000-7fe046d35000 rw-p 00007000 08:01 2234466                    /usr/lib/jvm/java-11-openjdk-amd64/lib/libzip.so
7fe046d35000-7fe046d40000 r-xp 00000000 08:01 2364659                    /lib/x86_64-linux-gnu/libnss_files-2.27.so
7fe046d40000-7fe046f3f000 ---p 0000b000 08:01 2364659                    /lib/x86_64-linux-gnu/libnss_files-2.27.so
7fe046f3f000-7fe046f40000 r--p 0000a000 08:01 2364659                    /lib/x86_64-linux-gnu/libnss_files-2.27.so
7fe046f40000-7fe046f41000 rw-p 0000b000 08:01 2364659                    /lib/x86_64-linux-gnu/libnss_files-2.27.so
7fe046f41000-7fe046f47000 rw-p 00000000 00:00 0 
7fe046f47000-7fe046f5e000 r-xp 00000000 08:01 2364653                    /lib/x86_64-linux-gnu/libnsl-2.27.so
7fe046f5e000-7fe04715d000 ---p 00017000 08:01 2364653                    /lib/x86_64-linux-gnu/libnsl-2.27.so
7fe04715d000-7fe04715e000 r--p 00016000 08:01 2364653                    /lib/x86_64-linux-gnu/libnsl-2.27.so
7fe04715e000-7fe04715f000 rw-p 00017000 08:01 2364653                    /lib/x86_64-linux-gnu/libnsl-2.27.so
7fe04715f000-7fe047161000 rw-p 00000000 00:00 0 
7fe047161000-7fe04716c000 r-xp 00000000 08:01 2364670                    /lib/x86_64-linux-gnu/libnss_nis-2.27.so
7fe04716c000-7fe04736b000 ---p 0000b000 08:01 2364670                    /lib/x86_64-linux-gnu/libnss_nis-2.27.so
7fe04736b000-7fe04736c000 r--p 0000a000 08:01 2364670                    /lib/x86_64-linux-gnu/libnss_nis-2.27.so
7fe04736c000-7fe04736d000 rw-p 0000b000 08:01 2364670                    /lib/x86_64-linux-gnu/libnss_nis-2.27.so
7fe04736d000-7fe047375000 r-xp 00000000 08:01 2364655                    /lib/x86_64-linux-gnu/libnss_compat-2.27.so
7fe047375000-7fe047575000 ---p 00008000 08:01 2364655                    /lib/x86_64-linux-gnu/libnss_compat-2.27.so
7fe047575000-7fe047576000 r--p 00008000 08:01 2364655                    /lib/x86_64-linux-gnu/libnss_compat-2.27.so
7fe047576000-7fe047577000 rw-p 00009000 08:01 2364655                    /lib/x86_64-linux-gnu/libnss_compat-2.27.so
7fe047577000-7fe047581000 r-xp 00000000 08:01 2234439                    /usr/lib/jvm/java-11-openjdk-amd64/lib/libinstrument.so
7fe047581000-7fe047780000 ---p 0000a000 08:01 2234439                    /usr/lib/jvm/java-11-openjdk-amd64/lib/libinstrument.so
7fe047780000-7fe047781000 r--p 00009000 08:01 2234439                    /usr/lib/jvm/java-11-openjdk-amd64/lib/libinstrument.so
7fe047781000-7fe047782000 rw-p 0000a000 08:01 2234439                    /usr/lib/jvm/java-11-openjdk-amd64/lib/libinstrument.so
7fe047782000-7fe0477bd000 r-xp 00000000 08:01 2234448                    /usr/lib/jvm/java-11-openjdk-amd64/lib/libjdwp.so
7fe0477bd000-7fe0479bc000 ---p 0003b000 08:01 2234448                    /usr/lib/jvm/java-11-openjdk-amd64/lib/libjdwp.so
7fe0479bc000-7fe0479bd000 r--p 0003a000 08:01 2234448                    /usr/lib/jvm/java-11-openjdk-amd64/lib/libjdwp.so
7fe0479bd000-7fe0479be000 rw-p 0003b000 08:01 2234448                    /usr/lib/jvm/java-11-openjdk-amd64/lib/libjdwp.so
7fe0479be000-7fe0479e7000 r-xp 00000000 08:01 2234445                    /usr/lib/jvm/java-11-openjdk-amd64/lib/libjava.so
7fe0479e7000-7fe047be6000 ---p 00029000 08:01 2234445                    /usr/lib/jvm/java-11-openjdk-amd64/lib/libjava.so
7fe047be6000-7fe047be7000 r--p 00028000 08:01 2234445                    /usr/lib/jvm/java-11-openjdk-amd64/lib/libjava.so
7fe047be7000-7fe047be9000 rw-p 00029000 08:01 2234445                    /usr/lib/jvm/java-11-openjdk-amd64/lib/libjava.so
7fe047be9000-7fe047bf6000 r-xp 00000000 08:01 2234465                    /usr/lib/jvm/java-11-openjdk-amd64/lib/libverify.so
7fe047bf6000-7fe047df5000 ---p 0000d000 08:01 2234465                    /usr/lib/jvm/java-11-openjdk-amd64/lib/libverify.so
7fe047df5000-7fe047df7000 r--p 0000c000 08:01 2234465                    /usr/lib/jvm/java-11-openjdk-amd64/lib/libverify.so
7fe047df7000-7fe047df8000 rw-p 0000e000 08:01 2234465                    /usr/lib/jvm/java-11-openjdk-amd64/lib/libverify.so
7fe047df8000-7fe047dff000 r-xp 00000000 08:01 2364710                    /lib/x86_64-linux-gnu/librt-2.27.so
7fe047dff000-7fe047ffe000 ---p 00007000 08:01 2364710                    /lib/x86_64-linux-gnu/librt-2.27.so
7fe047ffe000-7fe047fff000 r--p 00006000 08:01 2364710                    /lib/x86_64-linux-gnu/librt-2.27.so
7fe047fff000-7fe048000000 rw-p 00007000 08:01 2364710                    /lib/x86_64-linux-gnu/librt-2.27.so
7fe048000000-7fe048415000 rw-p 00000000 00:00 0 
7fe048415000-7fe04c000000 ---p 00000000 00:00 0 
7fe04c072000-7fe04c079000 r--s 00000000 08:01 2229195                    /usr/lib/x86_64-linux-gnu/gconv/gconv-modules.cache
7fe04c079000-7fe04c07e000 rw-p 00000000 00:00 0 
7fe04c07e000-7fe04c164000 ---p 00000000 00:00 0 
7fe04c164000-7fe04c17b000 r-xp 00000000 08:01 2386918                    /lib/x86_64-linux-gnu/libgcc_s.so.1
7fe04c17b000-7fe04c37a000 ---p 00017000 08:01 2386918                    /lib/x86_64-linux-gnu/libgcc_s.so.1
7fe04c37a000-7fe04c37b000 r--p 00016000 08:01 2386918                    /lib/x86_64-linux-gnu/libgcc_s.so.1
7fe04c37b000-7fe04c37c000 rw-p 00017000 08:01 2386918                    /lib/x86_64-linux-gnu/libgcc_s.so.1
7fe04c37c000-7fe04c519000 r-xp 00000000 08:01 2364632                    /lib/x86_64-linux-gnu/libm-2.27.so
7fe04c519000-7fe04c718000 ---p 0019d000 08:01 2364632                    /lib/x86_64-linux-gnu/libm-2.27.so
7fe04c718000-7fe04c719000 r--p 0019c000 08:01 2364632                    /lib/x86_64-linux-gnu/libm-2.27.so
7fe04c719000-7fe04c71a000 rw-p 0019d000 08:01 2364632                    /lib/x86_64-linux-gnu/libm-2.27.so
7fe04c71a000-7fe04c893000 r-xp 00000000 08:01 1966603                    /usr/lib/x86_64-linux-gnu/libstdc++.so.6.0.25
7fe04c893000-7fe04ca93000 ---p 00179000 08:01 1966603                    /usr/lib/x86_64-linux-gnu/libstdc++.so.6.0.25
7fe04ca93000-7fe04ca9d000 r--p 00179000 08:01 1966603                    /usr/lib/x86_64-linux-gnu/libstdc++.so.6.0.25
7fe04ca9d000-7fe04ca9f000 rw-p 00183000 08:01 1966603                    /usr/lib/x86_64-linux-gnu/libstdc++.so.6.0.25
7fe04ca9f000-7fe04caa3000 rw-p 00000000 00:00 0 
7fe04caa3000-7fe04db7c000 r-xp 00000000 08:01 2359589                    /usr/lib/jvm/java-11-openjdk-amd64/lib/server/libjvm.so
7fe04db7c000-7fe04dd7b000 ---p 010d9000 08:01 2359589                    /usr/lib/jvm/java-11-openjdk-amd64/lib/server/libjvm.so
7fe04dd7b000-7fe04de38000 r--p 010d8000 08:01 2359589                    /usr/lib/jvm/java-11-openjdk-amd64/lib/server/libjvm.so
7fe04de38000-7fe04de72000 rw-p 01195000 08:01 2359589                    /usr/lib/jvm/java-11-openjdk-amd64/lib/server/libjvm.so
7fe04de72000-7fe04dec8000 rw-p 00000000 00:00 0 
7fe04dec8000-7fe04dee2000 r-xp 00000000 08:01 2364702                    /lib/x86_64-linux-gnu/libpthread-2.27.so
7fe04dee2000-7fe04e0e1000 ---p 0001a000 08:01 2364702                    /lib/x86_64-linux-gnu/libpthread-2.27.so
7fe04e0e1000-7fe04e0e2000 r--p 00019000 08:01 2364702                    /lib/x86_64-linux-gnu/libpthread-2.27.so
7fe04e0e2000-7fe04e0e3000 rw-p 0001a000 08:01 2364702                    /lib/x86_64-linux-gnu/libpthread-2.27.so
7fe04e0e3000-7fe04e0e7000 rw-p 00000000 00:00 0 
7fe04e0e7000-7fe04e0ea000 r-xp 00000000 08:01 2364592                    /lib/x86_64-linux-gnu/libdl-2.27.so
7fe04e0ea000-7fe04e2e9000 ---p 00003000 08:01 2364592                    /lib/x86_64-linux-gnu/libdl-2.27.so
7fe04e2e9000-7fe04e2ea000 r--p 00002000 08:01 2364592                    /lib/x86_64-linux-gnu/libdl-2.27.so
7fe04e2ea000-7fe04e2eb000 rw-p 00003000 08:01 2364592                    /lib/x86_64-linux-gnu/libdl-2.27.so
7fe04e2eb000-7fe04e307000 r-xp 00000000 08:01 2364741                    /lib/x86_64-linux-gnu/libz.so.1.2.11
7fe04e307000-7fe04e506000 ---p 0001c000 08:01 2364741                    /lib/x86_64-linux-gnu/libz.so.1.2.11
7fe04e506000-7fe04e507000 r--p 0001b000 08:01 2364741                    /lib/x86_64-linux-gnu/libz.so.1.2.11
7fe04e507000-7fe04e508000 rw-p 0001c000 08:01 2364741                    /lib/x86_64-linux-gnu/libz.so.1.2.11
7fe04e508000-7fe04e6ef000 r-xp 00000000 08:01 2364569                    /lib/x86_64-linux-gnu/libc-2.27.so
7fe04e6ef000-7fe04e8ef000 ---p 001e7000 08:01 2364569                    /lib/x86_64-linux-gnu/libc-2.27.so
7fe04e8ef000-7fe04e8f3000 r--p 001e7000 08:01 2364569                    /lib/x86_64-linux-gnu/libc-2.27.so
7fe04e8f3000-7fe04e8f5000 rw-p 001eb000 08:01 2364569                    /lib/x86_64-linux-gnu/libc-2.27.so
7fe04e8f5000-7fe04e8f9000 rw-p 00000000 00:00 0 
7fe04e8f9000-7fe04e909000 r-xp 00000000 08:01 2232364                    /usr/lib/jvm/java-11-openjdk-amd64/lib/jli/libjli.so
7fe04e909000-7fe04eb08000 ---p 00010000 08:01 2232364                    /usr/lib/jvm/java-11-openjdk-amd64/lib/jli/libjli.so
7fe04eb08000-7fe04eb09000 r--p 0000f000 08:01 2232364                    /usr/lib/jvm/java-11-openjdk-amd64/lib/jli/libjli.so
7fe04eb09000-7fe04eb0a000 rw-p 00010000 08:01 2232364                    /usr/lib/jvm/java-11-openjdk-amd64/lib/jli/libjli.so
7fe04eb0a000-7fe04eb31000 r-xp 00000000 08:01 2364541                    /lib/x86_64-linux-gnu/ld-2.27.so
7fe04eb35000-7fe04ec14000 rw-p 00000000 00:00 0 
7fe04ec14000-7fe04ec18000 ---p 00000000 00:00 0 
7fe04ec18000-7fe04ed1c000 rw-p 00000000 00:00 0 
7fe04ed1c000-7fe04ed23000 ---p 00000000 00:00 0 
7fe04ed23000-7fe04ed25000 r--s 00007000 08:01 2376492                    /usr/share/java/java-atk-wrapper.jar
7fe04ed25000-7fe04ed2d000 rw-s 00000000 08:01 937173                     /tmp/hsperfdata_fede/8590
7fe04ed2d000-7fe04ed2e000 ---p 00000000 00:00 0 
7fe04ed2e000-7fe04ed2f000 r--p 00000000 00:00 0 
7fe04ed2f000-7fe04ed31000 rw-p 00000000 00:00 0 
7fe04ed31000-7fe04ed32000 r--p 00027000 08:01 2364541                    /lib/x86_64-linux-gnu/ld-2.27.so
7fe04ed32000-7fe04ed33000 rw-p 00028000 08:01 2364541                    /lib/x86_64-linux-gnu/ld-2.27.so
7fe04ed33000-7fe04ed34000 rw-p 00000000 00:00 0 
7ffea8017000-7ffea8038000 rw-p 00000000 00:00 0                          [stack]
7ffea803c000-7ffea803f000 r--p 00000000 00:00 0                          [vvar]
7ffea803f000-7ffea8040000 r-xp 00000000 00:00 0                          [vdso]
ffffffffff600000-ffffffffff601000 --xp 00000000 00:00 0                  [vsyscall]


VM Arguments:
jvm_args: -agentlib:jdwp=transport=dt_socket,suspend=y,address=localhost:40989 -javaagent:/home/fede/.eclipse/360744286_linux_gtk_x86_64/configuration/org.eclipse.osgi/222/0/.cp/lib/javaagent-shaded.jar -Dfile.encoding=UTF-8 --module-path=/home/fede/eclipse-workspace/practica-prog-3/bin -Djdk.module.main=clase1 
java_command: clase1/clase1.main
java_class_path (initial): <not set>
Launcher Type: SUN_STANDARD

[Global flags]
     intx CICompilerCount                          = 3                                         {product} {ergonomic}
     uint ConcGCThreads                            = 1                                         {product} {ergonomic}
     uint G1ConcRefinementThreads                  = 4                                         {product} {ergonomic}
   size_t G1HeapRegionSize                         = 1048576                                   {product} {ergonomic}
    uintx GCDrainStackTargetSize                   = 64                                        {product} {ergonomic}
   size_t InitialHeapSize                          = 260046848                                 {product} {ergonomic}
   size_t MarkStackSize                            = 4194304                                   {product} {ergonomic}
   size_t MaxHeapSize                              = 4139778048                                {product} {ergonomic}
   size_t MaxNewSize                               = 2483027968                                {product} {ergonomic}
   size_t MinHeapDeltaBytes                        = 1048576                                   {product} {ergonomic}
    uintx NonNMethodCodeHeapSize                   = 5830732                                {pd product} {ergonomic}
    uintx NonProfiledCodeHeapSize                  = 122913754                              {pd product} {ergonomic}
    uintx ProfiledCodeHeapSize                     = 122913754                              {pd product} {ergonomic}
    uintx ReservedCodeCacheSize                    = 251658240                              {pd product} {ergonomic}
     bool SegmentedCodeCache                       = true                                      {product} {ergonomic}
     bool UseCompressedClassPointers               = true                                 {lp64_product} {ergonomic}
     bool UseCompressedOops                        = true                                 {lp64_product} {ergonomic}
     bool UseG1GC                                  = true                                      {product} {ergonomic}

Logging:
Log output configuration:
 #0: stdout all=warning uptime,level,tags
 #1: stderr all=off uptime,level,tags

Environment Variables:
JAVA_HOME=/usr/lib/jvm/java-11-openjdk-amd64/bin/
PATH=/home/fede/.local/bin:/usr/local/sbin:/usr/local/bin:/usr/sbin:/usr/bin:/sbin:/bin:/usr/games:/usr/local/games:/snap/bin
USERNAME=fede
SHELL=/bin/bash
DISPLAY=:0

Signal Handlers:
SIGSEGV: [libjvm.so+0xdf1470], sa_mask[0]=11111111011111111101111111111110, sa_flags=SA_RESTART|SA_SIGINFO
SIGBUS: [libjvm.so+0xdf1470], sa_mask[0]=11111111011111111101111111111110, sa_flags=SA_RESTART|SA_SIGINFO
SIGFPE: [libjvm.so+0xdf1470], sa_mask[0]=11111111011111111101111111111110, sa_flags=SA_RESTART|SA_SIGINFO
SIGPIPE: [libjvm.so+0xbc5560], sa_mask[0]=11111111011111111101111111111110, sa_flags=SA_RESTART|SA_SIGINFO
SIGXFSZ: [libjvm.so+0xbc5560], sa_mask[0]=11111111011111111101111111111110, sa_flags=SA_RESTART|SA_SIGINFO
SIGILL: [libjvm.so+0xdf1470], sa_mask[0]=11111111011111111101111111111110, sa_flags=SA_RESTART|SA_SIGINFO
SIGUSR2: [libjvm.so+0xbc5400], sa_mask[0]=00100000000000000000000000000000, sa_flags=SA_RESTART|SA_SIGINFO
SIGHUP: [libjvm.so+0xbc5760], sa_mask[0]=11111111011111111101111111111110, sa_flags=SA_RESTART|SA_SIGINFO
SIGINT: [libjvm.so+0xbc5760], sa_mask[0]=11111111011111111101111111111110, sa_flags=SA_RESTART|SA_SIGINFO
SIGTERM: [libjvm.so+0xbc5760], sa_mask[0]=11111111011111111101111111111110, sa_flags=SA_RESTART|SA_SIGINFO
SIGQUIT: [libjvm.so+0xbc5760], sa_mask[0]=11111111011111111101111111111110, sa_flags=SA_RESTART|SA_SIGINFO


---------------  S Y S T E M  ---------------

OS:DISTRIB_ID=Ubuntu
DISTRIB_RELEASE=18.04
DISTRIB_CODENAME=bionic
DISTRIB_DESCRIPTION="Ubuntu 18.04.3 LTS"
uname:Linux 5.3.0-46-generic #38~18.04.1-Ubuntu SMP Tue Mar 31 04:17:56 UTC 2020 x86_64
libc:glibc 2.27 NPTL 2.27 
rlimit: STACK 8192k, CORE 0k, NPROC 62974, NOFILE 1048576, AS infinity, DATA infinity, FSIZE infinity
load average:0,78 0,72 0,81

/proc/meminfo:
MemTotal:       16168768 kB
MemFree:        10178488 kB
MemAvailable:   12199564 kB
Buffers:          333948 kB
Cached:          2455636 kB
SwapCached:            0 kB
Active:          3675508 kB
Inactive:        1515556 kB
Active(anon):    2752500 kB
Inactive(anon):   231888 kB
Active(file):     923008 kB
Inactive(file):  1283668 kB
Unevictable:      354068 kB
Mlocked:             144 kB
SwapTotal:       4881404 kB
SwapFree:        4881404 kB
Dirty:              2940 kB
Writeback:             0 kB
AnonPages:       2755788 kB
Mapped:           900472 kB
Shmem:            588692 kB
KReclaimable:     138308 kB
Slab:             256012 kB
SReclaimable:     138308 kB
SUnreclaim:       117704 kB
KernelStack:       17456 kB
PageTables:        74904 kB
NFS_Unstable:          0 kB
Bounce:                0 kB
WritebackTmp:          0 kB
CommitLimit:    12965788 kB
Committed_AS:   12183432 kB
VmallocTotal:   34359738367 kB
VmallocUsed:       37408 kB
VmallocChunk:          0 kB
Percpu:             3184 kB
HardwareCorrupted:     0 kB
AnonHugePages:         0 kB
ShmemHugePages:        0 kB
ShmemPmdMapped:        0 kB
CmaTotal:              0 kB
CmaFree:               0 kB
HugePages_Total:       0
HugePages_Free:        0
HugePages_Rsvd:        0
HugePages_Surp:        0
Hugepagesize:       2048 kB
Hugetlb:               0 kB
DirectMap4k:      315352 kB
DirectMap2M:     8890368 kB
DirectMap1G:     8388608 kB


/proc/sys/kernel/threads-max (system-wide limit on the number of threads):
125949


/proc/sys/vm/max_map_count (maximum number of memory map areas a process may have):
65530


/proc/sys/kernel/pid_max (system-wide limit on number of process identifiers):
32768



container (cgroup) information:
container_type: cgroupv1
cpu_cpuset_cpus: 0-3
cpu_memory_nodes: 0
active_processor_count: 4
cpu_quota: -1
cpu_period: 100000
cpu_shares: -1
memory_limit_in_bytes: -1
memory_and_swap_limit_in_bytes: -2
memory_soft_limit_in_bytes: -1
memory_usage_in_bytes: 4838187008
memory_max_usage_in_bytes: 4838187008

Steal ticks since vm start: 0
Steal ticks percentage since vm start:  0,000

CPU:total 4 (initial active 4) (2 cores per cpu, 2 threads per core) family 6 model 142 stepping 9, cmov, cx8, fxsr, mmx, sse, sse2, sse3, ssse3, sse4.1, sse4.2, popcnt, avx, avx2, aes, clmul, erms, 3dnowpref, lzcnt, ht, tsc, tscinvbit, bmi1, bmi2, adx, fma
CPU Model and flags from /proc/cpuinfo:
model name	: Intel(R) Core(TM) i3-7100U CPU @ 2.40GHz
flags		: fpu vme de pse tsc msr pae mce cx8 apic sep mtrr pge mca cmov pat pse36 clflush dts acpi mmx fxsr sse sse2 ss ht tm pbe syscall nx pdpe1gb rdtscp lm constant_tsc art arch_perfmon pebs bts rep_good nopl xtopology nonstop_tsc cpuid aperfmperf pni pclmulqdq dtes64 monitor ds_cpl vmx est tm2 ssse3 sdbg fma cx16 xtpr pdcm pcid sse4_1 sse4_2 x2apic movbe popcnt tsc_deadline_timer aes xsave avx f16c rdrand lahf_lm abm 3dnowprefetch cpuid_fault epb invpcid_single pti ssbd ibrs ibpb stibp tpr_shadow vnmi flexpriority ept vpid ept_ad fsgsbase tsc_adjust bmi1 avx2 smep bmi2 erms invpcid mpx rdseed adx smap clflushopt intel_pt xsaveopt xsavec xgetbv1 xsaves dtherm arat pln pts hwp hwp_notify hwp_act_window hwp_epp md_clear flush_l1d

Memory: 4k page, physical 16168768k(10178488k free), swap 4881404k(4881404k free)

vm_info: OpenJDK 64-Bit Server VM (11.0.6+10-post-Ubuntu-1ubuntu118.04.1) for linux-amd64 JRE (11.0.6+10-post-Ubuntu-1ubuntu118.04.1), built on Jan 15 2020 15:14:00 by "unknown" with gcc 7.4.0

END.
